2025-08-04 17:34:22,725 - RobotController - INFO - 日志文件创建: /Users/guolijing/guolijing/code/armless/dobot_new_demo/TCP-IP-Python-V4/music_dance_demo/logs/robot_controller_20250804_173422.log
2025-08-04 17:34:33,175 - RobotController - INFO - 正在连接到机器人 192.168.1.198...
2025-08-04 17:34:33,182 - RobotController - INFO - Dashboard连接成功 (端口 29999)
2025-08-04 17:34:33,186 - RobotController - INFO - Feed连接成功 (端口 30004)
2025-08-04 17:34:40,202 - RobotController - INFO - 正在移动到初始位置: [0, 45, 45, 0, 90, 0]
2025-08-04 17:34:43,219 - RobotController - INFO - 已到达初始位置
2025-08-04 17:34:50,702 - RobotController - DEBUG - 执行移动命令: MovL(-300.0,0.0,300.0,179.99990463256836,0.0001430511474609375,0.0)
2025-08-04 17:34:50,761 - RobotController - DEBUG - 执行移动命令: MovL(-300.0,0.0,300.0,177.25189208984375,4.122161865234375,0.0)
2025-08-04 17:34:50,805 - RobotController - DEBUG - 执行移动命令: MovL(-300.0,0.0,300.0,174.49878931045532,8.251816034317017,0.0)
2025-08-04 17:34:50,865 - RobotController - DEBUG - 执行移动命令: MovL(-300.0,0.0,300.0,171.74665212631226,12.380021810531616,0.0)
2025-08-04 17:34:50,925 - RobotController - DEBUG - 执行移动命令: MovL(-300.0,0.0,300.0,172.0108985900879,11.983652114868166,0.0)
2025-08-04 17:34:50,973 - RobotController - DEBUG - 执行移动命令: MovL(-300.0,0.0,300.0,177.51448154449463,3.7282776832580584,0.0)
2025-08-04 17:34:51,030 - RobotController - DEBUG - 执行移动命令: MovL(-300.0,0.0,300.0,183.01990032196045,-4.52985048294067,0.0)
2025-08-04 17:34:51,090 - RobotController - DEBUG - 执行移动命令: MovL(-300.0,0.0,300.0,188.5267972946167,-12.790195941925045,0.0)
2025-08-04 17:34:51,141 - RobotController - DEBUG - 执行移动命令: MovL(-300.0,0.0,300.0,186.0575008392334,-9.0862512588501,0.0)
2025-08-04 17:34:51,201 - RobotController - DEBUG - 执行移动命令: MovL(-300.0,0.0,300.0,180.55389404296875,-0.830841064453125,0.0)
2025-08-04 17:34:51,250 - RobotController - DEBUG - 执行移动命令: MovL(-300.0,0.0,300.0,175.05150318145752,7.422745227813721,0.0)
2025-08-04 17:34:51,309 - RobotController - DEBUG - 执行移动命令: MovL(-300.0,0.0,300.0,170.29090881347656,14.563636779785153,0.0)
2025-08-04 17:34:51,354 - RobotController - DEBUG - 执行移动命令: MovL(-300.0,0.0,300.0,175.79430103302002,6.308548450469971,0.0)
2025-08-04 17:34:51,413 - RobotController - DEBUG - 执行移动命令: MovL(-300.0,0.0,300.0,180.81267833709717,-1.2190175056457484,0.0)
2025-08-04 17:34:51,458 - RobotController - DEBUG - 执行移动命令: MovL(-300.0,0.0,300.0,186.31478309631348,-9.472174644470211,0.0)
2025-08-04 17:34:51,521 - RobotController - DEBUG - 执行移动命令: MovL(-300.0,0.0,300.0,189.0904951095581,-13.635742664337162,0.0)
2025-08-04 17:34:51,569 - RobotController - DEBUG - 执行移动命令: MovL(-300.0,0.0,300.0,186.3376545906067,-9.506481885910038,0.0)
2025-08-04 17:34:51,630 - RobotController - DEBUG - 执行移动命令: MovL(-300.0,0.0,300.0,183.58600616455078,-5.379009246826174,0.0)
2025-08-04 17:34:51,685 - RobotController - DEBUG - 执行移动命令: MovL(-300.0,0.0,300.0,180.83415508270264,-1.251232624053955,0.0)
2025-08-04 17:35:03,573 - RobotController - DEBUG - 执行移动命令: MovL(-300.0001306694426,0.0006569196493693939,200.0,180.0,0.0,0.0)
2025-08-04 17:35:03,629 - RobotController - DEBUG - 执行移动命令: MovL(-303.3191780688342,16.686634986848432,200.0,180.0,0.0,0.0)
2025-08-04 17:35:03,679 - RobotController - DEBUG - 执行移动命令: MovL(-311.275365533291,30.312832136517656,200.0,180.0,0.0,0.0)
2025-08-04 17:35:03,733 - RobotController - DEBUG - 执行移动命令: MovL(-323.68912016101325,41.39865350189123,200.0,180.0,0.0,0.0)
2025-08-04 17:35:03,796 - RobotController - DEBUG - 执行移动命令: MovL(-339.2525025720281,47.862189843195324,200.0,180.0,0.0,0.0)
2025-08-04 17:35:03,850 - RobotController - DEBUG - 执行移动命令: MovL(-356.10584916767203,48.78547108719523,200.0,180.0,0.0,0.0)
2025-08-04 17:35:03,904 - RobotController - DEBUG - 执行移动命令: MovL(-372.3750760247112,44.02847353363143,200.0,180.0,0.0,0.0)
2025-08-04 17:35:03,959 - RobotController - DEBUG - 执行移动命令: MovL(-386.02427795239436,34.35420125709228,200.0,180.0,0.0,0.0)
2025-08-04 17:35:04,013 - RobotController - DEBUG - 执行移动命令: MovL(-395.56778962170137,20.071326696742076,200.0,180.0,0.0,0.0)
2025-08-04 17:35:04,067 - RobotController - DEBUG - 执行移动命令: MovL(-399.29842124366957,3.5270745885364345,200.0,180.0,0.0,0.0)
2025-08-04 17:35:04,122 - RobotController - DEBUG - 执行移动命令: MovL(-397.3501979293003,-13.321454596345479,200.0,180.0,0.0,0.0)
2025-08-04 17:35:04,176 - RobotController - DEBUG - 执行移动命令: MovL(-390.6677781194359,-27.404712148159724,200.0,180.0,0.0,0.0)
2025-08-04 17:35:04,228 - RobotController - DEBUG - 执行移动命令: MovL(-379.0913437740651,-39.54080689696686,200.0,180.0,0.0,0.0)
2025-08-04 17:35:04,280 - RobotController - DEBUG - 执行移动命令: MovL(-364.5465367513473,-47.10651393761431,200.0,180.0,0.0,0.0)
2025-08-04 17:35:04,335 - RobotController - DEBUG - 执行移动命令: MovL(-349.17578481325785,-49.83605340597485,200.0,180.0,0.0,0.0)
2025-08-04 17:35:04,387 - RobotController - DEBUG - 执行移动命令: MovL(-333.56598711387016,-46.731071591272105,200.0,180.0,0.0,0.0)
2025-08-04 17:35:04,437 - RobotController - DEBUG - 执行移动命令: MovL(-318.87352295578785,-38.180974320535725,200.0,180.0,0.0,0.0)
2025-08-04 17:35:04,489 - RobotController - DEBUG - 执行移动命令: MovL(-307.9257095334257,-25.299717664172256,200.0,180.0,0.0,0.0)
2025-08-04 17:35:04,542 - RobotController - DEBUG - 执行移动命令: MovL(-301.9374648635924,-9.740293623344328,200.0,180.0,0.0,0.0)
2025-08-04 17:35:13,144 - RobotController - DEBUG - GetErrorID result: 0,{[51]},GetErrorID();
2025-08-04 17:35:13,156 - RobotController - INFO - 清除报警结果: 0,{},ClearError();
2025-08-04 17:35:25,780 - RobotController - INFO - 正在连接到机器人 192.168.1.198...
2025-08-04 17:35:25,785 - RobotController - INFO - Dashboard连接成功 (端口 29999)
2025-08-04 17:35:25,790 - RobotController - INFO - Feed连接成功 (端口 30004)
2025-08-04 17:35:29,876 - RobotController - INFO - 正在移动到初始位置: [0, 45, 45, 0, 90, 0]
2025-08-04 17:35:32,885 - RobotController - INFO - 已到达初始位置
2025-08-04 17:35:44,123 - RobotController - DEBUG - GetErrorID result: 0,{[]},GetErrorID();
2025-08-04 17:35:44,129 - RobotController - INFO - 清除报警结果: 0,{},ClearError();
2025-08-04 17:36:20,461 - RobotController - INFO - 正在连接到机器人 192.168.1.198...
2025-08-04 17:36:20,469 - RobotController - INFO - Dashboard连接成功 (端口 29999)
2025-08-04 17:36:20,472 - RobotController - INFO - Feed连接成功 (端口 30004)
2025-08-04 17:36:28,529 - RobotController - INFO - 正在移动到初始位置: [0, 45, 45, 0, 90, 0]
2025-08-04 17:36:31,541 - RobotController - INFO - 已到达初始位置
