2025-08-04 18:17:15,034 - RobotController - INFO - 日志文件创建: /Users/guolijing/guolijing/code/armless/dobot_new_demo/TCP-IP-Python-V4/music_dance_demo/logs/robot_controller_20250804_181715.log
2025-08-04 18:17:21,373 - RobotController - INFO - 正在连接到机器人 192.168.1.198...
2025-08-04 18:17:21,378 - RobotController - INFO - Dashboard连接成功 (端口 29999)
2025-08-04 18:17:21,381 - RobotController - INFO - Feed连接成功 (端口 30004)
2025-08-04 18:17:21,397 - RobotController - INFO - 速度设置为: 50%
2025-08-04 18:17:21,420 - RobotController - DEBUG - GetErrorID result: 0,{[]},GetErrorID();
2025-08-04 18:17:21,529 - RobotController - DEBUG - GetErrorID result: 0,{[]},GetErrorID();
2025-08-04 18:17:21,635 - RobotController - DEBUG - GetErrorID result: 0,{[]},GetErrorID();
2025-08-04 18:17:21,744 - RobotController - DEBUG - GetErrorID result: 0,{[]},GetErrorID();
2025-08-04 18:17:21,854 - RobotController - DEBUG - GetErrorID result: 0,{[]},GetErrorID();
2025-08-04 18:17:21,963 - RobotController - DEBUG - GetErrorID result: 0,{[]},GetErrorID();
2025-08-04 18:17:22,071 - RobotController - DEBUG - GetErrorID result: 0,{[]},GetErrorID();
2025-08-04 18:17:22,176 - RobotController - DEBUG - GetErrorID result: 0,{[]},GetErrorID();
2025-08-04 18:17:22,285 - RobotController - DEBUG - GetErrorID result: 0,{[]},GetErrorID();
2025-08-04 18:17:22,394 - RobotController - DEBUG - GetErrorID result: 0,{[]},GetErrorID();
2025-08-04 18:17:22,503 - RobotController - DEBUG - GetErrorID result: 0,{[]},GetErrorID();
2025-08-04 18:17:22,612 - RobotController - DEBUG - GetErrorID result: 0,{[]},GetErrorID();
2025-08-04 18:17:22,721 - RobotController - DEBUG - GetErrorID result: 0,{[]},GetErrorID();
2025-08-04 18:17:22,830 - RobotController - DEBUG - GetErrorID result: 0,{[]},GetErrorID();
2025-08-04 18:17:22,939 - RobotController - DEBUG - GetErrorID result: 0,{[]},GetErrorID();
2025-08-04 18:17:23,048 - RobotController - DEBUG - GetErrorID result: 0,{[]},GetErrorID();
2025-08-04 18:17:23,158 - RobotController - DEBUG - GetErrorID result: 0,{[]},GetErrorID();
2025-08-04 18:17:23,264 - RobotController - DEBUG - GetErrorID result: 0,{[]},GetErrorID();
2025-08-04 18:17:23,375 - RobotController - DEBUG - GetErrorID result: 0,{[]},GetErrorID();
2025-08-04 18:17:23,483 - RobotController - DEBUG - GetErrorID result: 0,{[]},GetErrorID();
2025-08-04 18:17:23,591 - RobotController - DEBUG - GetErrorID result: 0,{[]},GetErrorID();
2025-08-04 18:17:23,700 - RobotController - DEBUG - GetErrorID result: 0,{[]},GetErrorID();
2025-08-04 18:17:23,810 - RobotController - DEBUG - GetErrorID result: 0,{[]},GetErrorID();
2025-08-04 18:17:23,919 - RobotController - DEBUG - GetErrorID result: 0,{[]},GetErrorID();
2025-08-04 18:17:24,028 - RobotController - DEBUG - GetErrorID result: 0,{[]},GetErrorID();
2025-08-04 18:17:24,136 - RobotController - DEBUG - GetErrorID result: 0,{[]},GetErrorID();
2025-08-04 18:17:24,246 - RobotController - DEBUG - GetErrorID result: 0,{[]},GetErrorID();
2025-08-04 18:17:24,352 - RobotController - DEBUG - GetErrorID result: 0,{[]},GetErrorID();
2025-08-04 18:17:24,461 - RobotController - DEBUG - GetErrorID result: 0,{[]},GetErrorID();
2025-08-04 18:17:24,570 - RobotController - DEBUG - GetErrorID result: 0,{[]},GetErrorID();
2025-08-04 18:17:24,674 - RobotController - DEBUG - GetErrorID result: 0,{[]},GetErrorID();
2025-08-04 18:17:24,778 - RobotController - DEBUG - GetErrorID result: 0,{[]},GetErrorID();
2025-08-04 18:17:24,888 - RobotController - DEBUG - GetErrorID result: 0,{[]},GetErrorID();
2025-08-04 18:17:24,997 - RobotController - DEBUG - GetErrorID result: 0,{[]},GetErrorID();
2025-08-04 18:17:25,106 - RobotController - DEBUG - GetErrorID result: 0,{[]},GetErrorID();
2025-08-04 18:17:25,216 - RobotController - DEBUG - GetErrorID result: 0,{[]},GetErrorID();
2025-08-04 18:17:25,325 - RobotController - DEBUG - GetErrorID result: 0,{[]},GetErrorID();
2025-08-04 18:17:25,434 - RobotController - DEBUG - GetErrorID result: 0,{[]},GetErrorID();
2025-08-04 18:17:25,543 - RobotController - DEBUG - GetErrorID result: 0,{[]},GetErrorID();
2025-08-04 18:17:25,652 - RobotController - DEBUG - GetErrorID result: 0,{[]},GetErrorID();
2025-08-04 18:17:25,760 - RobotController - DEBUG - GetErrorID result: 0,{[]},GetErrorID();
2025-08-04 18:17:25,869 - RobotController - DEBUG - GetErrorID result: 0,{[]},GetErrorID();
2025-08-04 18:17:25,978 - RobotController - DEBUG - GetErrorID result: 0,{[]},GetErrorID();
2025-08-04 18:17:26,087 - RobotController - DEBUG - GetErrorID result: 0,{[]},GetErrorID();
2025-08-04 18:17:26,134 - RobotController - DEBUG - EnableRobot result: 0,{},EnableRobot();
2025-08-04 18:17:27,658 - RobotController - INFO - 机器人启用成功
2025-08-04 18:17:27,660 - RobotController - INFO - 正在移动到初始位置: [0, 45, 45, 0, 90, 0]
2025-08-04 18:17:27,665 - RobotController - DEBUG - GetErrorID result: 0,{[]},GetErrorID();
2025-08-04 18:17:27,680 - RobotController - DEBUG - 执行MovJ命令，速度: 50%
2025-08-04 18:17:27,776 - RobotController - DEBUG - GetErrorID result: 0,{[]},GetErrorID();
2025-08-04 18:17:27,884 - RobotController - DEBUG - GetErrorID result: 0,{[]},GetErrorID();
2025-08-04 18:17:27,994 - RobotController - DEBUG - GetErrorID result: 0,{[]},GetErrorID();
2025-08-04 18:17:28,100 - RobotController - DEBUG - GetErrorID result: 0,{[]},GetErrorID();
2025-08-04 18:17:28,204 - RobotController - DEBUG - GetErrorID result: 0,{[]},GetErrorID();
2025-08-04 18:17:28,314 - RobotController - DEBUG - GetErrorID result: 0,{[]},GetErrorID();
2025-08-04 18:17:28,423 - RobotController - DEBUG - GetErrorID result: 0,{[]},GetErrorID();
2025-08-04 18:17:28,532 - RobotController - DEBUG - GetErrorID result: 0,{[]},GetErrorID();
2025-08-04 18:17:28,639 - RobotController - DEBUG - GetErrorID result: 0,{[]},GetErrorID();
2025-08-04 18:17:28,748 - RobotController - DEBUG - GetErrorID result: 0,{[]},GetErrorID();
2025-08-04 18:17:28,854 - RobotController - DEBUG - GetErrorID result: 0,{[]},GetErrorID();
2025-08-04 18:17:28,963 - RobotController - DEBUG - GetErrorID result: 0,{[]},GetErrorID();
2025-08-04 18:17:29,072 - RobotController - DEBUG - GetErrorID result: 0,{[]},GetErrorID();
2025-08-04 18:17:29,181 - RobotController - DEBUG - GetErrorID result: 0,{[]},GetErrorID();
2025-08-04 18:17:29,286 - RobotController - DEBUG - GetErrorID result: 0,{[]},GetErrorID();
2025-08-04 18:17:29,395 - RobotController - DEBUG - GetErrorID result: 0,{[]},GetErrorID();
2025-08-04 18:17:29,502 - RobotController - DEBUG - GetErrorID result: 0,{[]},GetErrorID();
2025-08-04 18:17:29,612 - RobotController - DEBUG - GetErrorID result: 0,{[]},GetErrorID();
2025-08-04 18:17:29,721 - RobotController - DEBUG - GetErrorID result: 0,{[]},GetErrorID();
2025-08-04 18:17:29,831 - RobotController - DEBUG - GetErrorID result: 0,{[]},GetErrorID();
2025-08-04 18:17:29,940 - RobotController - DEBUG - GetErrorID result: 0,{[]},GetErrorID();
2025-08-04 18:17:30,046 - RobotController - DEBUG - GetErrorID result: 0,{[]},GetErrorID();
2025-08-04 18:17:30,155 - RobotController - DEBUG - GetErrorID result: 0,{[]},GetErrorID();
2025-08-04 18:17:30,264 - RobotController - DEBUG - GetErrorID result: 0,{[]},GetErrorID();
2025-08-04 18:17:30,374 - RobotController - DEBUG - GetErrorID result: 0,{[]},GetErrorID();
2025-08-04 18:17:30,484 - RobotController - DEBUG - GetErrorID result: 0,{[]},GetErrorID();
2025-08-04 18:17:30,591 - RobotController - DEBUG - GetErrorID result: 0,{[]},GetErrorID();
2025-08-04 18:17:30,685 - RobotController - INFO - 已到达初始位置
2025-08-04 18:17:30,705 - RobotController - DEBUG - GetErrorID result: 0,{[]},GetErrorID();
2025-08-04 18:17:30,814 - RobotController - DEBUG - GetErrorID result: 0,{[]},GetErrorID();
2025-08-04 18:17:30,924 - RobotController - DEBUG - GetErrorID result: 0,{[]},GetErrorID();
2025-08-04 18:17:31,031 - RobotController - DEBUG - GetErrorID result: 0,{[]},GetErrorID();
2025-08-04 18:17:31,140 - RobotController - DEBUG - GetErrorID result: 0,{[]},GetErrorID();
2025-08-04 18:17:31,249 - RobotController - DEBUG - GetErrorID result: 0,{[]},GetErrorID();
2025-08-04 18:17:31,358 - RobotController - DEBUG - GetErrorID result: 0,{[]},GetErrorID();
2025-08-04 18:17:31,464 - RobotController - DEBUG - GetErrorID result: 0,{[]},GetErrorID();
2025-08-04 18:17:31,572 - RobotController - DEBUG - GetErrorID result: 0,{[]},GetErrorID();
2025-08-04 18:17:31,681 - RobotController - DEBUG - GetErrorID result: 0,{[]},GetErrorID();
2025-08-04 18:17:31,791 - RobotController - DEBUG - GetErrorID result: 0,{[]},GetErrorID();
2025-08-04 18:17:31,898 - RobotController - DEBUG - GetErrorID result: 0,{[]},GetErrorID();
2025-08-04 18:17:32,008 - RobotController - DEBUG - GetErrorID result: 0,{[]},GetErrorID();
2025-08-04 18:17:32,115 - RobotController - DEBUG - GetErrorID result: 0,{[]},GetErrorID();
2025-08-04 18:17:32,223 - RobotController - DEBUG - GetErrorID result: 0,{[]},GetErrorID();
2025-08-04 18:17:32,332 - RobotController - DEBUG - GetErrorID result: 0,{[]},GetErrorID();
2025-08-04 18:17:32,440 - RobotController - DEBUG - GetErrorID result: 0,{[]},GetErrorID();
2025-08-04 18:17:32,553 - RobotController - DEBUG - GetErrorID result: 0,{[]},GetErrorID();
2025-08-04 18:17:32,659 - RobotController - DEBUG - GetErrorID result: 0,{[]},GetErrorID();
2025-08-04 18:17:32,768 - RobotController - DEBUG - GetErrorID result: 0,{[]},GetErrorID();
2025-08-04 18:17:32,877 - RobotController - DEBUG - GetErrorID result: 0,{[]},GetErrorID();
2025-08-04 18:17:32,983 - RobotController - DEBUG - GetErrorID result: 0,{[]},GetErrorID();
2025-08-04 18:17:33,092 - RobotController - DEBUG - GetErrorID result: 0,{[]},GetErrorID();
2025-08-04 18:17:33,201 - RobotController - DEBUG - GetErrorID result: 0,{[]},GetErrorID();
2025-08-04 18:17:33,309 - RobotController - DEBUG - GetErrorID result: 0,{[]},GetErrorID();
2025-08-04 18:17:33,418 - RobotController - DEBUG - GetErrorID result: 0,{[]},GetErrorID();
2025-08-04 18:17:33,528 - RobotController - DEBUG - GetErrorID result: 0,{[]},GetErrorID();
2025-08-04 18:17:33,637 - RobotController - DEBUG - GetErrorID result: 0,{[]},GetErrorID();
2025-08-04 18:17:33,744 - RobotController - DEBUG - GetErrorID result: 0,{[]},GetErrorID();
2025-08-04 18:17:33,850 - RobotController - DEBUG - GetErrorID result: 0,{[]},GetErrorID();
2025-08-04 18:17:33,954 - RobotController - DEBUG - GetErrorID result: 0,{[]},GetErrorID();
2025-08-04 18:17:33,988 - RobotController - DEBUG - 执行移动命令: MovL(-349.9995231628418,0.0,200.0009536743164,180.0,0.0,0.0,speed=50)
2025-08-04 18:17:34,032 - RobotController - DEBUG - 执行移动命令: MovL(-322.476601600647,0.0,255.04679679870605,180.0,0.0,0.0,speed=50)
2025-08-04 18:17:34,063 - RobotController - DEBUG - GetErrorID result: 0,{[]},GetErrorID();
2025-08-04 18:17:34,092 - RobotController - DEBUG - 执行移动命令: MovL(-300.0,0.0,300.0,179.4942593574524,0.7586109638214108,0.0,speed=50)
2025-08-04 18:17:34,149 - RobotController - DEBUG - 执行移动命令: MovL(-300.0,0.0,300.0,176.90762042999268,4.638569355010986,0.0,speed=50)
2025-08-04 18:17:34,173 - RobotController - DEBUG - GetErrorID result: 0,{[]},GetErrorID();
2025-08-04 18:17:34,205 - RobotController - DEBUG - 执行移动命令: MovL(-300.0,0.0,300.0,174.15425539016724,8.768616914749146,0.0,speed=50)
2025-08-04 18:17:34,253 - RobotController - DEBUG - 执行移动命令: MovL(-300.0,0.0,300.0,171.40121221542358,12.898181676864624,0.0,speed=50)
2025-08-04 18:17:34,282 - RobotController - DEBUG - GetErrorID result: 0,{[]},GetErrorID();
2025-08-04 18:17:34,312 - RobotController - DEBUG - 执行移动命令: MovL(-300.0,0.0,300.0,172.2964906692505,11.555263996124266,0.0,speed=50)
2025-08-04 18:17:34,361 - RobotController - DEBUG - 执行移动命令: MovL(-300.0,0.0,300.0,177.80038356781006,3.2994246482849103,0.0,speed=50)
2025-08-04 18:17:34,389 - RobotController - DEBUG - GetErrorID result: 0,{[]},GetErrorID();
2025-08-04 18:17:34,420 - RobotController - DEBUG - 执行移动命令: MovL(-300.0,0.0,300.0,183.06437969207764,-4.596569538116455,0.0,speed=50)
2025-08-04 18:17:34,468 - RobotController - DEBUG - 执行移动命令: MovL(-300.0,0.0,300.0,188.56717586517334,-12.85076379776001,0.0,speed=50)
2025-08-04 18:17:34,496 - RobotController - DEBUG - GetErrorID result: 0,{[]},GetErrorID();
2025-08-04 18:17:34,528 - RobotController - DEBUG - 执行移动命令: MovL(-300.0,0.0,300.0,186.1940050125122,-9.291007518768309,0.0,speed=50)
2025-08-04 18:17:34,576 - RobotController - DEBUG - 执行移动命令: MovL(-300.0,0.0,300.0,180.69104194641113,-1.0365629196166957,0.0,speed=50)
2025-08-04 18:17:34,604 - RobotController - DEBUG - GetErrorID result: 0,{[]},GetErrorID();
2025-08-04 18:17:34,638 - RobotController - DEBUG - 执行移动命令: MovL(-300.0,0.0,300.0,175.18781661987305,7.218275070190433,0.0,speed=50)
2025-08-04 18:17:34,685 - RobotController - DEBUG - 执行移动命令: MovL(-300.0,0.0,300.0,170.1578950881958,14.763157367706295,0.0,speed=50)
2025-08-04 18:17:34,711 - RobotController - DEBUG - GetErrorID result: 0,{[]},GetErrorID();
2025-08-04 18:17:34,740 - RobotController - DEBUG - 执行移动命令: MovL(-300.0,0.0,300.0,172.74038553237915,10.889421701431273,0.0,speed=50)
2025-08-04 18:17:34,800 - RobotController - DEBUG - 执行移动命令: MovL(-300.0,0.0,300.0,175.48888683319092,6.766669750213623,0.0,speed=50)
2025-08-04 18:17:34,823 - RobotController - DEBUG - GetErrorID result: 0,{[]},GetErrorID();
2025-08-04 18:17:34,848 - RobotController - DEBUG - 执行移动命令: MovL(-300.0,0.0,300.0,178.24063062667847,2.6390540599823,0.0,speed=50)
2025-08-04 18:17:34,908 - RobotController - DEBUG - 执行移动命令: MovL(-309.2183828353882,0.0,281.56323432922363,180.0,0.0,0.0,speed=50)
2025-08-04 18:17:34,931 - RobotController - DEBUG - GetErrorID result: 0,{[]},GetErrorID();
2025-08-04 18:17:34,956 - RobotController - DEBUG - 执行移动命令: MovL(-335.7914447784424,0.0,228.41711044311523,180.0,0.0,0.0,speed=50)
2025-08-04 18:17:35,040 - RobotController - DEBUG - GetErrorID result: 0,{[]},GetErrorID();
2025-08-04 18:17:35,148 - RobotController - DEBUG - GetErrorID result: 0,{[]},GetErrorID();
2025-08-04 18:17:35,258 - RobotController - DEBUG - GetErrorID result: 0,{[]},GetErrorID();
2025-08-04 18:17:35,368 - RobotController - DEBUG - GetErrorID result: 0,{[]},GetErrorID();
2025-08-04 18:17:35,476 - RobotController - DEBUG - GetErrorID result: 0,{[]},GetErrorID();
2025-08-04 18:17:35,581 - RobotController - DEBUG - GetErrorID result: 0,{[]},GetErrorID();
2025-08-04 18:17:35,690 - RobotController - DEBUG - GetErrorID result: 0,{[]},GetErrorID();
2025-08-04 18:17:35,799 - RobotController - DEBUG - GetErrorID result: 0,{[]},GetErrorID();
2025-08-04 18:17:35,908 - RobotController - DEBUG - GetErrorID result: 0,{[]},GetErrorID();
2025-08-04 18:17:36,013 - RobotController - DEBUG - GetErrorID result: 0,{[]},GetErrorID();
2025-08-04 18:17:36,121 - RobotController - DEBUG - GetErrorID result: 0,{[]},GetErrorID();
2025-08-04 18:17:36,229 - RobotController - DEBUG - GetErrorID result: 0,{[]},GetErrorID();
2025-08-04 18:17:36,340 - RobotController - DEBUG - GetErrorID result: 0,{[]},GetErrorID();
2025-08-04 18:17:36,449 - RobotController - DEBUG - GetErrorID result: 0,{[]},GetErrorID();
2025-08-04 18:17:36,557 - RobotController - DEBUG - GetErrorID result: 0,{[]},GetErrorID();
2025-08-04 18:17:36,666 - RobotController - DEBUG - GetErrorID result: 0,{[]},GetErrorID();
2025-08-04 18:17:36,774 - RobotController - DEBUG - GetErrorID result: 0,{[]},GetErrorID();
2025-08-04 18:17:36,883 - RobotController - DEBUG - GetErrorID result: 0,{[]},GetErrorID();
2025-08-04 18:17:36,987 - RobotController - DEBUG - GetErrorID result: 0,{[]},GetErrorID();
2025-08-04 18:17:37,096 - RobotController - DEBUG - GetErrorID result: 0,{[]},GetErrorID();
2025-08-04 18:17:37,201 - RobotController - DEBUG - GetErrorID result: 0,{[]},GetErrorID();
2025-08-04 18:17:37,309 - RobotController - DEBUG - GetErrorID result: 0,{[]},GetErrorID();
2025-08-04 18:17:37,416 - RobotController - DEBUG - GetErrorID result: 0,{[]},GetErrorID();
2025-08-04 18:17:37,525 - RobotController - DEBUG - GetErrorID result: 0,{[]},GetErrorID();
2025-08-04 18:17:37,759 - RobotController - DEBUG - GetErrorID result: 0,{[]},GetErrorID();
2025-08-04 18:17:37,930 - RobotController - DEBUG - GetErrorID result: 0,{[]},GetErrorID();
2025-08-04 18:17:38,107 - RobotController - DEBUG - GetErrorID result: 0,{[]},GetErrorID();
2025-08-04 18:17:38,287 - RobotController - DEBUG - GetErrorID result: 0,{[]},GetErrorID();
2025-08-04 18:17:38,472 - RobotController - DEBUG - GetErrorID result: 0,{[]},GetErrorID();
2025-08-04 18:17:38,649 - RobotController - DEBUG - GetErrorID result: 0,{[]},GetErrorID();
2025-08-04 18:17:38,858 - RobotController - DEBUG - GetErrorID result: 0,{[]},GetErrorID();
2025-08-04 18:17:39,095 - RobotController - DEBUG - GetErrorID result: 0,{[]},GetErrorID();
2025-08-04 18:17:39,305 - RobotController - DEBUG - GetErrorID result: 0,{[]},GetErrorID();
2025-08-04 18:17:39,489 - RobotController - DEBUG - GetErrorID result: 0,{[]},GetErrorID();
2025-08-04 18:17:39,723 - RobotController - DEBUG - GetErrorID result: 0,{[]},GetErrorID();
2025-08-04 18:17:39,901 - RobotController - DEBUG - GetErrorID result: 0,{[]},GetErrorID();
2025-08-04 18:17:40,011 - RobotController - DEBUG - GetErrorID result: 0,{[]},GetErrorID();
2025-08-04 18:17:40,118 - RobotController - DEBUG - GetErrorID result: 0,{[]},GetErrorID();
2025-08-04 18:17:40,222 - RobotController - DEBUG - GetErrorID result: 0,{[]},GetErrorID();
2025-08-04 18:17:40,330 - RobotController - DEBUG - GetErrorID result: 0,{[]},GetErrorID();
2025-08-04 18:17:40,439 - RobotController - DEBUG - GetErrorID result: 0,{[]},GetErrorID();
2025-08-04 18:17:40,546 - RobotController - DEBUG - GetErrorID result: 0,{[]},GetErrorID();
2025-08-04 18:17:40,652 - RobotController - DEBUG - GetErrorID result: 0,{[]},GetErrorID();
2025-08-04 18:17:40,761 - RobotController - DEBUG - GetErrorID result: 0,{[]},GetErrorID();
2025-08-04 18:17:40,870 - RobotController - DEBUG - GetErrorID result: 0,{[]},GetErrorID();
2025-08-04 18:17:40,978 - RobotController - DEBUG - GetErrorID result: 0,{[]},GetErrorID();
2025-08-04 18:17:41,090 - RobotController - DEBUG - GetErrorID result: 0,{[]},GetErrorID();
2025-08-04 18:17:41,199 - RobotController - DEBUG - GetErrorID result: 0,{[]},GetErrorID();
2025-08-04 18:17:41,307 - RobotController - DEBUG - GetErrorID result: 0,{[]},GetErrorID();
2025-08-04 18:17:41,417 - RobotController - DEBUG - GetErrorID result: 0,{[]},GetErrorID();
2025-08-04 18:17:41,527 - RobotController - DEBUG - GetErrorID result: 0,{[]},GetErrorID();
2025-08-04 18:17:41,637 - RobotController - DEBUG - GetErrorID result: 0,{[]},GetErrorID();
2025-08-04 18:17:41,745 - RobotController - DEBUG - GetErrorID result: 0,{[]},GetErrorID();
2025-08-04 18:17:41,855 - RobotController - DEBUG - GetErrorID result: 0,{[]},GetErrorID();
2025-08-04 18:17:41,964 - RobotController - DEBUG - GetErrorID result: 0,{[]},GetErrorID();
2025-08-04 18:17:42,072 - RobotController - DEBUG - GetErrorID result: 0,{[]},GetErrorID();
2025-08-04 18:17:42,180 - RobotController - DEBUG - GetErrorID result: 0,{[]},GetErrorID();
2025-08-04 18:17:42,285 - RobotController - DEBUG - GetErrorID result: 0,{[]},GetErrorID();
2025-08-04 18:17:42,394 - RobotController - DEBUG - GetErrorID result: 0,{[]},GetErrorID();
2025-08-04 18:17:42,502 - RobotController - DEBUG - GetErrorID result: 0,{[]},GetErrorID();
2025-08-04 18:17:42,611 - RobotController - DEBUG - GetErrorID result: 0,{[]},GetErrorID();
2025-08-04 18:17:42,715 - RobotController - DEBUG - GetErrorID result: 0,{[]},GetErrorID();
2025-08-04 18:17:42,825 - RobotController - DEBUG - GetErrorID result: 0,{[]},GetErrorID();
2025-08-04 18:17:42,934 - RobotController - DEBUG - GetErrorID result: 0,{[]},GetErrorID();
2025-08-04 18:17:43,043 - RobotController - DEBUG - GetErrorID result: 0,{[]},GetErrorID();
2025-08-04 18:17:43,151 - RobotController - DEBUG - GetErrorID result: 0,{[]},GetErrorID();
2025-08-04 18:17:43,259 - RobotController - DEBUG - GetErrorID result: 0,{[]},GetErrorID();
2025-08-04 18:17:43,368 - RobotController - DEBUG - GetErrorID result: 0,{[]},GetErrorID();
2025-08-04 18:17:43,476 - RobotController - DEBUG - GetErrorID result: 0,{[]},GetErrorID();
2025-08-04 18:17:43,585 - RobotController - DEBUG - GetErrorID result: 0,{[]},GetErrorID();
2025-08-04 18:17:43,693 - RobotController - DEBUG - GetErrorID result: 0,{[]},GetErrorID();
2025-08-04 18:17:43,798 - RobotController - DEBUG - GetErrorID result: 0,{[]},GetErrorID();
2025-08-04 18:17:43,905 - RobotController - DEBUG - GetErrorID result: 0,{[]},GetErrorID();
2025-08-04 18:17:44,012 - RobotController - DEBUG - GetErrorID result: 0,{[]},GetErrorID();
2025-08-04 18:17:44,121 - RobotController - DEBUG - GetErrorID result: 0,{[]},GetErrorID();
2025-08-04 18:17:44,226 - RobotController - DEBUG - GetErrorID result: 0,{[]},GetErrorID();
2025-08-04 18:17:44,335 - RobotController - DEBUG - GetErrorID result: 0,{[]},GetErrorID();
2025-08-04 18:17:44,445 - RobotController - DEBUG - GetErrorID result: 0,{[]},GetErrorID();
2025-08-04 18:17:44,554 - RobotController - DEBUG - GetErrorID result: 0,{[]},GetErrorID();
2025-08-04 18:17:44,663 - RobotController - DEBUG - GetErrorID result: 0,{[]},GetErrorID();
2025-08-04 18:17:44,766 - RobotController - DEBUG - GetErrorID result: 0,{[]},GetErrorID();
2025-08-04 18:17:44,874 - RobotController - DEBUG - GetErrorID result: 0,{[]},GetErrorID();
2025-08-04 18:17:44,984 - RobotController - DEBUG - GetErrorID result: 0,{[]},GetErrorID();
2025-08-04 18:17:45,091 - RobotController - DEBUG - GetErrorID result: 0,{[]},GetErrorID();
2025-08-04 18:17:45,198 - RobotController - DEBUG - GetErrorID result: 0,{[]},GetErrorID();
2025-08-04 18:17:45,302 - RobotController - DEBUG - GetErrorID result: 0,{[]},GetErrorID();
2025-08-04 18:17:45,410 - RobotController - DEBUG - GetErrorID result: 0,{[]},GetErrorID();
2025-08-04 18:17:45,519 - RobotController - DEBUG - GetErrorID result: 0,{[]},GetErrorID();
2025-08-04 18:17:45,629 - RobotController - DEBUG - GetErrorID result: 0,{[]},GetErrorID();
2025-08-04 18:17:45,736 - RobotController - DEBUG - GetErrorID result: 0,{[]},GetErrorID();
2025-08-04 18:17:45,841 - RobotController - DEBUG - GetErrorID result: 0,{[]},GetErrorID();
2025-08-04 18:17:45,947 - RobotController - DEBUG - GetErrorID result: 0,{[]},GetErrorID();
2025-08-04 18:17:46,052 - RobotController - DEBUG - GetErrorID result: 0,{[]},GetErrorID();
2025-08-04 18:17:46,161 - RobotController - DEBUG - GetErrorID result: 0,{[]},GetErrorID();
2025-08-04 18:17:46,270 - RobotController - DEBUG - GetErrorID result: 0,{[]},GetErrorID();
2025-08-04 18:17:46,378 - RobotController - DEBUG - GetErrorID result: 0,{[]},GetErrorID();
2025-08-04 18:17:46,487 - RobotController - DEBUG - GetErrorID result: 0,{[]},GetErrorID();
2025-08-04 18:17:46,597 - RobotController - DEBUG - GetErrorID result: 0,{[]},GetErrorID();
2025-08-04 18:17:46,706 - RobotController - DEBUG - GetErrorID result: 0,{[]},GetErrorID();
2025-08-04 18:17:46,815 - RobotController - DEBUG - GetErrorID result: 0,{[]},GetErrorID();
2025-08-04 18:17:46,922 - RobotController - DEBUG - GetErrorID result: 0,{[]},GetErrorID();
2025-08-04 18:17:47,031 - RobotController - DEBUG - GetErrorID result: 0,{[]},GetErrorID();
2025-08-04 18:17:47,140 - RobotController - DEBUG - GetErrorID result: 0,{[]},GetErrorID();
2025-08-04 18:17:47,249 - RobotController - DEBUG - GetErrorID result: 0,{[]},GetErrorID();
2025-08-04 18:17:47,356 - RobotController - DEBUG - GetErrorID result: 0,{[]},GetErrorID();
2025-08-04 18:17:47,466 - RobotController - DEBUG - GetErrorID result: 0,{[]},GetErrorID();
2025-08-04 18:17:47,574 - RobotController - DEBUG - GetErrorID result: 0,{[]},GetErrorID();
2025-08-04 18:17:47,682 - RobotController - DEBUG - GetErrorID result: 0,{[]},GetErrorID();
2025-08-04 18:17:47,793 - RobotController - DEBUG - GetErrorID result: 0,{[]},GetErrorID();
2025-08-04 18:17:47,901 - RobotController - DEBUG - GetErrorID result: 0,{[]},GetErrorID();
2025-08-04 18:17:48,006 - RobotController - DEBUG - GetErrorID result: 0,{[]},GetErrorID();
2025-08-04 18:17:48,115 - RobotController - DEBUG - GetErrorID result: 0,{[]},GetErrorID();
2025-08-04 18:17:48,223 - RobotController - DEBUG - GetErrorID result: 0,{[]},GetErrorID();
2025-08-04 18:17:48,330 - RobotController - DEBUG - GetErrorID result: 0,{[]},GetErrorID();
2025-08-04 18:17:48,438 - RobotController - DEBUG - GetErrorID result: 0,{[]},GetErrorID();
2025-08-04 18:17:48,547 - RobotController - DEBUG - GetErrorID result: 0,{[]},GetErrorID();
2025-08-04 18:17:48,656 - RobotController - DEBUG - GetErrorID result: 0,{[]},GetErrorID();
2025-08-04 18:17:48,763 - RobotController - DEBUG - GetErrorID result: 0,{[]},GetErrorID();
2025-08-04 18:17:48,869 - RobotController - DEBUG - GetErrorID result: 0,{[]},GetErrorID();
2025-08-04 18:17:48,978 - RobotController - DEBUG - GetErrorID result: 0,{[]},GetErrorID();
2025-08-04 18:17:49,084 - RobotController - DEBUG - GetErrorID result: 0,{[]},GetErrorID();
2025-08-04 18:17:49,191 - RobotController - DEBUG - GetErrorID result: 0,{[]},GetErrorID();
2025-08-04 18:17:49,300 - RobotController - DEBUG - GetErrorID result: 0,{[]},GetErrorID();
2025-08-04 18:17:49,409 - RobotController - DEBUG - GetErrorID result: 0,{[]},GetErrorID();
2025-08-04 18:17:49,517 - RobotController - DEBUG - GetErrorID result: 0,{[]},GetErrorID();
2025-08-04 18:17:49,623 - RobotController - DEBUG - GetErrorID result: 0,{[]},GetErrorID();
2025-08-04 18:17:49,731 - RobotController - DEBUG - GetErrorID result: 0,{[]},GetErrorID();
2025-08-04 18:17:49,839 - RobotController - DEBUG - GetErrorID result: 0,{[]},GetErrorID();
2025-08-04 18:17:49,947 - RobotController - DEBUG - GetErrorID result: 0,{[]},GetErrorID();
2025-08-04 18:17:50,056 - RobotController - DEBUG - GetErrorID result: 0,{[]},GetErrorID();
2025-08-04 18:17:50,164 - RobotController - DEBUG - GetErrorID result: 0,{[]},GetErrorID();
2025-08-04 18:17:50,273 - RobotController - DEBUG - GetErrorID result: 0,{[]},GetErrorID();
2025-08-04 18:17:50,381 - RobotController - DEBUG - GetErrorID result: 0,{[]},GetErrorID();
2025-08-04 18:17:50,490 - RobotController - DEBUG - GetErrorID result: 0,{[]},GetErrorID();
2025-08-04 18:17:50,594 - RobotController - DEBUG - GetErrorID result: 0,{[]},GetErrorID();
2025-08-04 18:17:50,703 - RobotController - DEBUG - GetErrorID result: 0,{[]},GetErrorID();
2025-08-04 18:17:50,812 - RobotController - DEBUG - GetErrorID result: 0,{[]},GetErrorID();
2025-08-04 18:17:50,920 - RobotController - DEBUG - GetErrorID result: 0,{[]},GetErrorID();
2025-08-04 18:17:51,027 - RobotController - DEBUG - GetErrorID result: 0,{[]},GetErrorID();
2025-08-04 18:17:51,135 - RobotController - DEBUG - GetErrorID result: 0,{[]},GetErrorID();
2025-08-04 18:17:51,244 - RobotController - DEBUG - GetErrorID result: 0,{[]},GetErrorID();
2025-08-04 18:17:51,352 - RobotController - DEBUG - GetErrorID result: 0,{[]},GetErrorID();
2025-08-04 18:17:51,461 - RobotController - DEBUG - GetErrorID result: 0,{[]},GetErrorID();
2025-08-04 18:17:51,569 - RobotController - DEBUG - GetErrorID result: 0,{[]},GetErrorID();
2025-08-04 18:17:51,677 - RobotController - DEBUG - GetErrorID result: 0,{[]},GetErrorID();
2025-08-04 18:17:51,781 - RobotController - DEBUG - GetErrorID result: 0,{[]},GetErrorID();
2025-08-04 18:17:51,890 - RobotController - DEBUG - GetErrorID result: 0,{[]},GetErrorID();
2025-08-04 18:17:51,998 - RobotController - DEBUG - GetErrorID result: 0,{[]},GetErrorID();
2025-08-04 18:17:52,105 - RobotController - DEBUG - GetErrorID result: 0,{[]},GetErrorID();
2025-08-04 18:17:52,213 - RobotController - DEBUG - GetErrorID result: 0,{[]},GetErrorID();
2025-08-04 18:17:52,320 - RobotController - DEBUG - GetErrorID result: 0,{[]},GetErrorID();
2025-08-04 18:17:52,427 - RobotController - DEBUG - GetErrorID result: 0,{[]},GetErrorID();
2025-08-04 18:17:52,532 - RobotController - DEBUG - GetErrorID result: 0,{[]},GetErrorID();
2025-08-04 18:17:52,641 - RobotController - DEBUG - GetErrorID result: 0,{[]},GetErrorID();
2025-08-04 18:17:52,750 - RobotController - DEBUG - GetErrorID result: 0,{[]},GetErrorID();
2025-08-04 18:17:52,858 - RobotController - DEBUG - GetErrorID result: 0,{[]},GetErrorID();
2025-08-04 18:17:52,967 - RobotController - DEBUG - GetErrorID result: 0,{[]},GetErrorID();
2025-08-04 18:17:53,077 - RobotController - DEBUG - GetErrorID result: 0,{[]},GetErrorID();
2025-08-04 18:17:53,185 - RobotController - DEBUG - GetErrorID result: 0,{[]},GetErrorID();
2025-08-04 18:17:53,293 - RobotController - DEBUG - GetErrorID result: 0,{[]},GetErrorID();
2025-08-04 18:17:53,402 - RobotController - DEBUG - GetErrorID result: 0,{[]},GetErrorID();
2025-08-04 18:17:53,510 - RobotController - DEBUG - GetErrorID result: 0,{[]},GetErrorID();
2025-08-04 18:17:53,615 - RobotController - DEBUG - GetErrorID result: 0,{[]},GetErrorID();
2025-08-04 18:17:53,724 - RobotController - DEBUG - GetErrorID result: 0,{[]},GetErrorID();
2025-08-04 18:17:53,833 - RobotController - DEBUG - GetErrorID result: 0,{[]},GetErrorID();
2025-08-04 18:17:53,942 - RobotController - DEBUG - GetErrorID result: 0,{[]},GetErrorID();
2025-08-04 18:17:54,050 - RobotController - DEBUG - GetErrorID result: 0,{[]},GetErrorID();
2025-08-04 18:17:54,159 - RobotController - DEBUG - GetErrorID result: 0,{[]},GetErrorID();
2025-08-04 18:17:54,263 - RobotController - DEBUG - GetErrorID result: 0,{[]},GetErrorID();
2025-08-04 18:17:54,372 - RobotController - DEBUG - GetErrorID result: 0,{[]},GetErrorID();
2025-08-04 18:17:54,481 - RobotController - DEBUG - GetErrorID result: 0,{[]},GetErrorID();
2025-08-04 18:17:54,590 - RobotController - DEBUG - GetErrorID result: 0,{[]},GetErrorID();
2025-08-04 18:17:54,700 - RobotController - DEBUG - GetErrorID result: 0,{[]},GetErrorID();
2025-08-04 18:17:54,806 - RobotController - DEBUG - GetErrorID result: 0,{[]},GetErrorID();
2025-08-04 18:17:54,914 - RobotController - DEBUG - GetErrorID result: 0,{[]},GetErrorID();
2025-08-04 18:17:55,024 - RobotController - DEBUG - GetErrorID result: 0,{[]},GetErrorID();
2025-08-04 18:17:55,133 - RobotController - DEBUG - GetErrorID result: 0,{[]},GetErrorID();
2025-08-04 18:17:55,238 - RobotController - DEBUG - GetErrorID result: 0,{[]},GetErrorID();
2025-08-04 18:17:55,347 - RobotController - DEBUG - GetErrorID result: 0,{[]},GetErrorID();
2025-08-04 18:17:55,455 - RobotController - DEBUG - GetErrorID result: 0,{[]},GetErrorID();
2025-08-04 18:17:55,564 - RobotController - DEBUG - GetErrorID result: 0,{[]},GetErrorID();
2025-08-04 18:17:55,669 - RobotController - DEBUG - GetErrorID result: 0,{[]},GetErrorID();
2025-08-04 18:17:55,777 - RobotController - DEBUG - GetErrorID result: 0,{[]},GetErrorID();
2025-08-04 18:17:55,886 - RobotController - DEBUG - GetErrorID result: 0,{[]},GetErrorID();
2025-08-04 18:17:55,994 - RobotController - DEBUG - GetErrorID result: 0,{[]},GetErrorID();
2025-08-04 18:17:56,102 - RobotController - DEBUG - GetErrorID result: 0,{[]},GetErrorID();
2025-08-04 18:17:56,208 - RobotController - DEBUG - GetErrorID result: 0,{[]},GetErrorID();
2025-08-04 18:17:56,311 - RobotController - DEBUG - GetErrorID result: 0,{[]},GetErrorID();
2025-08-04 18:17:56,420 - RobotController - DEBUG - GetErrorID result: 0,{[]},GetErrorID();
2025-08-04 18:17:56,529 - RobotController - DEBUG - GetErrorID result: 0,{[]},GetErrorID();
2025-08-04 18:17:56,633 - RobotController - DEBUG - GetErrorID result: 0,{[]},GetErrorID();
2025-08-04 18:17:56,738 - RobotController - DEBUG - GetErrorID result: 0,{[]},GetErrorID();
2025-08-04 18:17:56,845 - RobotController - DEBUG - GetErrorID result: 0,{[]},GetErrorID();
2025-08-04 18:17:56,953 - RobotController - DEBUG - GetErrorID result: 0,{[]},GetErrorID();
2025-08-04 18:17:57,062 - RobotController - DEBUG - GetErrorID result: 0,{[]},GetErrorID();
2025-08-04 18:17:57,171 - RobotController - DEBUG - GetErrorID result: 0,{[]},GetErrorID();
2025-08-04 18:17:57,280 - RobotController - DEBUG - GetErrorID result: 0,{[]},GetErrorID();
2025-08-04 18:17:57,385 - RobotController - DEBUG - GetErrorID result: 0,{[]},GetErrorID();
2025-08-04 18:17:57,494 - RobotController - DEBUG - GetErrorID result: 0,{[]},GetErrorID();
2025-08-04 18:17:57,602 - RobotController - DEBUG - GetErrorID result: 0,{[]},GetErrorID();
2025-08-04 18:17:57,710 - RobotController - DEBUG - GetErrorID result: 0,{[]},GetErrorID();
2025-08-04 18:17:57,815 - RobotController - DEBUG - GetErrorID result: 0,{[]},GetErrorID();
2025-08-04 18:17:57,921 - RobotController - DEBUG - GetErrorID result: 0,{[]},GetErrorID();
2025-08-04 18:17:58,028 - RobotController - DEBUG - GetErrorID result: 0,{[]},GetErrorID();
2025-08-04 18:17:58,134 - RobotController - DEBUG - GetErrorID result: 0,{[]},GetErrorID();
2025-08-04 18:17:58,242 - RobotController - DEBUG - GetErrorID result: 0,{[]},GetErrorID();
2025-08-04 18:17:58,350 - RobotController - DEBUG - GetErrorID result: 0,{[]},GetErrorID();
2025-08-04 18:17:58,454 - RobotController - DEBUG - GetErrorID result: 0,{[]},GetErrorID();
2025-08-04 18:17:58,559 - RobotController - DEBUG - GetErrorID result: 0,{[]},GetErrorID();
2025-08-04 18:17:58,664 - RobotController - DEBUG - GetErrorID result: 0,{[]},GetErrorID();
2025-08-04 18:17:58,772 - RobotController - DEBUG - GetErrorID result: 0,{[]},GetErrorID();
2025-08-04 18:17:58,878 - RobotController - DEBUG - GetErrorID result: 0,{[]},GetErrorID();
2025-08-04 18:17:58,988 - RobotController - DEBUG - GetErrorID result: 0,{[]},GetErrorID();
2025-08-04 18:17:59,094 - RobotController - DEBUG - GetErrorID result: 0,{[]},GetErrorID();
2025-08-04 18:17:59,203 - RobotController - DEBUG - GetErrorID result: 0,{[]},GetErrorID();
2025-08-04 18:17:59,311 - RobotController - DEBUG - GetErrorID result: 0,{[]},GetErrorID();
2025-08-04 18:17:59,414 - RobotController - DEBUG - GetErrorID result: 0,{[]},GetErrorID();
2025-08-04 18:17:59,523 - RobotController - DEBUG - GetErrorID result: 0,{[]},GetErrorID();
2025-08-04 18:17:59,632 - RobotController - DEBUG - GetErrorID result: 0,{[]},GetErrorID();
2025-08-04 18:17:59,737 - RobotController - DEBUG - GetErrorID result: 0,{[]},GetErrorID();
2025-08-04 18:17:59,846 - RobotController - DEBUG - GetErrorID result: 0,{[]},GetErrorID();
2025-08-04 18:17:59,951 - RobotController - DEBUG - GetErrorID result: 0,{[]},GetErrorID();
2025-08-04 18:18:00,060 - RobotController - DEBUG - GetErrorID result: 0,{[]},GetErrorID();
2025-08-04 18:18:00,168 - RobotController - DEBUG - GetErrorID result: 0,{[]},GetErrorID();
2025-08-04 18:18:00,276 - RobotController - DEBUG - GetErrorID result: 0,{[]},GetErrorID();
2025-08-04 18:18:00,384 - RobotController - DEBUG - GetErrorID result: 0,{[]},GetErrorID();
2025-08-04 18:18:00,493 - RobotController - DEBUG - GetErrorID result: 0,{[]},GetErrorID();
2025-08-04 18:18:00,601 - RobotController - DEBUG - GetErrorID result: 0,{[]},GetErrorID();
2025-08-04 18:18:00,710 - RobotController - DEBUG - GetErrorID result: 0,{[]},GetErrorID();
2025-08-04 18:18:00,818 - RobotController - DEBUG - GetErrorID result: 0,{[]},GetErrorID();
2025-08-04 18:18:00,927 - RobotController - DEBUG - GetErrorID result: 0,{[]},GetErrorID();
2025-08-04 18:18:01,037 - RobotController - DEBUG - GetErrorID result: 0,{[]},GetErrorID();
2025-08-04 18:18:01,142 - RobotController - DEBUG - GetErrorID result: 0,{[]},GetErrorID();
2025-08-04 18:18:01,247 - RobotController - DEBUG - GetErrorID result: 0,{[]},GetErrorID();
2025-08-04 18:18:01,356 - RobotController - DEBUG - GetErrorID result: 0,{[]},GetErrorID();
2025-08-04 18:18:01,465 - RobotController - DEBUG - GetErrorID result: 0,{[]},GetErrorID();
2025-08-04 18:18:01,573 - RobotController - DEBUG - GetErrorID result: 0,{[]},GetErrorID();
2025-08-04 18:18:01,682 - RobotController - DEBUG - GetErrorID result: 0,{[]},GetErrorID();
2025-08-04 18:18:01,787 - RobotController - DEBUG - GetErrorID result: 0,{[]},GetErrorID();
2025-08-04 18:18:01,891 - RobotController - DEBUG - GetErrorID result: 0,{[]},GetErrorID();
2025-08-04 18:18:01,999 - RobotController - DEBUG - GetErrorID result: 0,{[]},GetErrorID();
2025-08-04 18:18:02,104 - RobotController - DEBUG - GetErrorID result: 0,{[]},GetErrorID();
2025-08-04 18:18:02,212 - RobotController - DEBUG - GetErrorID result: 0,{[]},GetErrorID();
2025-08-04 18:18:02,318 - RobotController - DEBUG - GetErrorID result: 0,{[]},GetErrorID();
2025-08-04 18:18:02,424 - RobotController - DEBUG - GetErrorID result: 0,{[]},GetErrorID();
2025-08-04 18:18:02,533 - RobotController - DEBUG - GetErrorID result: 0,{[]},GetErrorID();
2025-08-04 18:18:02,642 - RobotController - DEBUG - GetErrorID result: 0,{[]},GetErrorID();
2025-08-04 18:18:02,749 - RobotController - DEBUG - GetErrorID result: 0,{[]},GetErrorID();
2025-08-04 18:18:02,854 - RobotController - DEBUG - GetErrorID result: 0,{[]},GetErrorID();
2025-08-04 18:18:02,962 - RobotController - DEBUG - GetErrorID result: 0,{[]},GetErrorID();
2025-08-04 18:18:03,070 - RobotController - DEBUG - GetErrorID result: 0,{[]},GetErrorID();
2025-08-04 18:18:03,179 - RobotController - DEBUG - GetErrorID result: 0,{[]},GetErrorID();
2025-08-04 18:18:03,288 - RobotController - DEBUG - GetErrorID result: 0,{[]},GetErrorID();
2025-08-04 18:18:03,396 - RobotController - DEBUG - GetErrorID result: 0,{[]},GetErrorID();
2025-08-04 18:18:03,505 - RobotController - DEBUG - GetErrorID result: 0,{[]},GetErrorID();
2025-08-04 18:18:03,613 - RobotController - DEBUG - GetErrorID result: 0,{[]},GetErrorID();
2025-08-04 18:18:03,722 - RobotController - DEBUG - GetErrorID result: 0,{[]},GetErrorID();
2025-08-04 18:18:03,829 - RobotController - DEBUG - GetErrorID result: 0,{[]},GetErrorID();
2025-08-04 18:18:03,936 - RobotController - DEBUG - GetErrorID result: 0,{[]},GetErrorID();
2025-08-04 18:18:04,044 - RobotController - DEBUG - GetErrorID result: 0,{[]},GetErrorID();
2025-08-04 18:18:04,151 - RobotController - DEBUG - GetErrorID result: 0,{[]},GetErrorID();
2025-08-04 18:18:04,257 - RobotController - DEBUG - GetErrorID result: 0,{[]},GetErrorID();
2025-08-04 18:18:04,366 - RobotController - DEBUG - GetErrorID result: 0,{[]},GetErrorID();
2025-08-04 18:18:04,472 - RobotController - DEBUG - GetErrorID result: 0,{[]},GetErrorID();
2025-08-04 18:18:04,580 - RobotController - DEBUG - GetErrorID result: 0,{[]},GetErrorID();
2025-08-04 18:18:04,685 - RobotController - DEBUG - GetErrorID result: 0,{[]},GetErrorID();
2025-08-04 18:18:04,792 - RobotController - DEBUG - GetErrorID result: 0,{[]},GetErrorID();
2025-08-04 18:18:04,900 - RobotController - DEBUG - GetErrorID result: 0,{[]},GetErrorID();
2025-08-04 18:18:05,009 - RobotController - DEBUG - GetErrorID result: 0,{[]},GetErrorID();
2025-08-04 18:18:05,117 - RobotController - DEBUG - GetErrorID result: 0,{[]},GetErrorID();
2025-08-04 18:18:05,226 - RobotController - DEBUG - GetErrorID result: 0,{[]},GetErrorID();
2025-08-04 18:18:05,334 - RobotController - DEBUG - GetErrorID result: 0,{[]},GetErrorID();
2025-08-04 18:18:05,443 - RobotController - DEBUG - GetErrorID result: 0,{[]},GetErrorID();
2025-08-04 18:18:05,550 - RobotController - DEBUG - GetErrorID result: 0,{[]},GetErrorID();
2025-08-04 18:18:05,658 - RobotController - DEBUG - GetErrorID result: 0,{[]},GetErrorID();
2025-08-04 18:18:05,771 - RobotController - DEBUG - GetErrorID result: 0,{[]},GetErrorID();
2025-08-04 18:18:05,877 - RobotController - DEBUG - GetErrorID result: 0,{[]},GetErrorID();
2025-08-04 18:18:05,986 - RobotController - DEBUG - GetErrorID result: 0,{[]},GetErrorID();
2025-08-04 18:18:06,096 - RobotController - DEBUG - GetErrorID result: 0,{[]},GetErrorID();
2025-08-04 18:18:06,202 - RobotController - DEBUG - GetErrorID result: 0,{[]},GetErrorID();
2025-08-04 18:18:06,311 - RobotController - DEBUG - GetErrorID result: 0,{[]},GetErrorID();
2025-08-04 18:18:06,416 - RobotController - DEBUG - GetErrorID result: 0,{[]},GetErrorID();
2025-08-04 18:18:06,524 - RobotController - DEBUG - GetErrorID result: 0,{[]},GetErrorID();
2025-08-04 18:18:06,632 - RobotController - DEBUG - GetErrorID result: 0,{[]},GetErrorID();
2025-08-04 18:18:06,738 - RobotController - DEBUG - GetErrorID result: 0,{[]},GetErrorID();
2025-08-04 18:18:06,846 - RobotController - DEBUG - GetErrorID result: 0,{[]},GetErrorID();
2025-08-04 18:18:06,952 - RobotController - DEBUG - GetErrorID result: 0,{[]},GetErrorID();
2025-08-04 18:18:07,061 - RobotController - DEBUG - GetErrorID result: 0,{[]},GetErrorID();
2025-08-04 18:18:07,170 - RobotController - DEBUG - GetErrorID result: 0,{[]},GetErrorID();
2025-08-04 18:18:07,278 - RobotController - DEBUG - GetErrorID result: 0,{[]},GetErrorID();
2025-08-04 18:18:07,387 - RobotController - DEBUG - GetErrorID result: 0,{[]},GetErrorID();
2025-08-04 18:18:07,495 - RobotController - DEBUG - GetErrorID result: 0,{[]},GetErrorID();
2025-08-04 18:18:07,604 - RobotController - DEBUG - GetErrorID result: 0,{[]},GetErrorID();
2025-08-04 18:18:07,707 - RobotController - DEBUG - GetErrorID result: 0,{[]},GetErrorID();
2025-08-04 18:18:07,816 - RobotController - DEBUG - GetErrorID result: 0,{[]},GetErrorID();
2025-08-04 18:18:07,925 - RobotController - DEBUG - GetErrorID result: 0,{[]},GetErrorID();
2025-08-04 18:18:08,034 - RobotController - DEBUG - GetErrorID result: 0,{[]},GetErrorID();
2025-08-04 18:18:08,143 - RobotController - DEBUG - GetErrorID result: 0,{[]},GetErrorID();
2025-08-04 18:18:08,252 - RobotController - DEBUG - GetErrorID result: 0,{[]},GetErrorID();
2025-08-04 18:18:08,361 - RobotController - DEBUG - GetErrorID result: 0,{[]},GetErrorID();
2025-08-04 18:18:08,470 - RobotController - DEBUG - GetErrorID result: 0,{[]},GetErrorID();
2025-08-04 18:18:08,578 - RobotController - DEBUG - GetErrorID result: 0,{[]},GetErrorID();
2025-08-04 18:18:08,687 - RobotController - DEBUG - GetErrorID result: 0,{[]},GetErrorID();
2025-08-04 18:18:08,796 - RobotController - DEBUG - GetErrorID result: 0,{[]},GetErrorID();
2025-08-04 18:18:08,904 - RobotController - DEBUG - GetErrorID result: 0,{[]},GetErrorID();
2025-08-04 18:18:09,013 - RobotController - DEBUG - GetErrorID result: 0,{[]},GetErrorID();
2025-08-04 18:18:09,117 - RobotController - DEBUG - GetErrorID result: 0,{[]},GetErrorID();
2025-08-04 18:18:09,227 - RobotController - DEBUG - GetErrorID result: 0,{[]},GetErrorID();
2025-08-04 18:18:09,335 - RobotController - DEBUG - GetErrorID result: 0,{[]},GetErrorID();
2025-08-04 18:18:09,439 - RobotController - DEBUG - GetErrorID result: 0,{[]},GetErrorID();
2025-08-04 18:18:09,548 - RobotController - DEBUG - GetErrorID result: 0,{[]},GetErrorID();
2025-08-04 18:18:09,653 - RobotController - DEBUG - GetErrorID result: 0,{[]},GetErrorID();
2025-08-04 18:18:09,760 - RobotController - DEBUG - GetErrorID result: 0,{[]},GetErrorID();
2025-08-04 18:18:09,868 - RobotController - DEBUG - GetErrorID result: 0,{[]},GetErrorID();
2025-08-04 18:18:09,977 - RobotController - DEBUG - GetErrorID result: 0,{[]},GetErrorID();
2025-08-04 18:18:10,086 - RobotController - DEBUG - GetErrorID result: 0,{[]},GetErrorID();
2025-08-04 18:18:10,194 - RobotController - DEBUG - GetErrorID result: 0,{[]},GetErrorID();
2025-08-04 18:18:10,299 - RobotController - DEBUG - GetErrorID result: 0,{[]},GetErrorID();
2025-08-04 18:18:10,408 - RobotController - DEBUG - GetErrorID result: 0,{[]},GetErrorID();
2025-08-04 18:18:10,516 - RobotController - DEBUG - GetErrorID result: 0,{[]},GetErrorID();
2025-08-04 18:18:10,624 - RobotController - DEBUG - GetErrorID result: 0,{[]},GetErrorID();
2025-08-04 18:18:10,728 - RobotController - DEBUG - GetErrorID result: 0,{[]},GetErrorID();
2025-08-04 18:18:10,837 - RobotController - DEBUG - GetErrorID result: 0,{[]},GetErrorID();
2025-08-04 18:18:10,944 - RobotController - DEBUG - GetErrorID result: 0,{[]},GetErrorID();
2025-08-04 18:18:11,053 - RobotController - DEBUG - GetErrorID result: 0,{[]},GetErrorID();
2025-08-04 18:18:11,160 - RobotController - DEBUG - GetErrorID result: 0,{[]},GetErrorID();
2025-08-04 18:18:11,268 - RobotController - DEBUG - GetErrorID result: 0,{[]},GetErrorID();
2025-08-04 18:18:11,376 - RobotController - DEBUG - GetErrorID result: 0,{[]},GetErrorID();
2025-08-04 18:18:11,485 - RobotController - DEBUG - GetErrorID result: 0,{[]},GetErrorID();
2025-08-04 18:18:11,589 - RobotController - DEBUG - GetErrorID result: 0,{[]},GetErrorID();
2025-08-04 18:18:11,693 - RobotController - DEBUG - GetErrorID result: 0,{[]},GetErrorID();
2025-08-04 18:18:11,801 - RobotController - DEBUG - GetErrorID result: 0,{[]},GetErrorID();
2025-08-04 18:18:11,912 - RobotController - DEBUG - GetErrorID result: 0,{[]},GetErrorID();
2025-08-04 18:18:12,021 - RobotController - DEBUG - GetErrorID result: 0,{[]},GetErrorID();
2025-08-04 18:18:12,127 - RobotController - DEBUG - GetErrorID result: 0,{[]},GetErrorID();
2025-08-04 18:18:12,234 - RobotController - DEBUG - GetErrorID result: 0,{[]},GetErrorID();
2025-08-04 18:18:12,343 - RobotController - DEBUG - GetErrorID result: 0,{[]},GetErrorID();
2025-08-04 18:18:12,447 - RobotController - DEBUG - GetErrorID result: 0,{[]},GetErrorID();
2025-08-04 18:18:12,555 - RobotController - DEBUG - GetErrorID result: 0,{[]},GetErrorID();
2025-08-04 18:18:12,661 - RobotController - DEBUG - GetErrorID result: 0,{[]},GetErrorID();
2025-08-04 18:18:12,768 - RobotController - DEBUG - GetErrorID result: 0,{[]},GetErrorID();
2025-08-04 18:18:12,873 - RobotController - DEBUG - GetErrorID result: 0,{[]},GetErrorID();
2025-08-04 18:18:12,983 - RobotController - DEBUG - GetErrorID result: 0,{[]},GetErrorID();
2025-08-04 18:18:13,091 - RobotController - DEBUG - GetErrorID result: 0,{[]},GetErrorID();
2025-08-04 18:18:13,199 - RobotController - DEBUG - GetErrorID result: 0,{[]},GetErrorID();
2025-08-04 18:18:13,308 - RobotController - DEBUG - GetErrorID result: 0,{[]},GetErrorID();
2025-08-04 18:18:13,416 - RobotController - DEBUG - GetErrorID result: 0,{[]},GetErrorID();
2025-08-04 18:18:13,524 - RobotController - DEBUG - GetErrorID result: 0,{[]},GetErrorID();
2025-08-04 18:18:13,631 - RobotController - DEBUG - GetErrorID result: 0,{[]},GetErrorID();
2025-08-04 18:18:13,740 - RobotController - DEBUG - GetErrorID result: 0,{[]},GetErrorID();
2025-08-04 18:18:13,849 - RobotController - DEBUG - GetErrorID result: 0,{[]},GetErrorID();
2025-08-04 18:18:13,957 - RobotController - DEBUG - GetErrorID result: 0,{[]},GetErrorID();
2025-08-04 18:18:14,067 - RobotController - DEBUG - GetErrorID result: 0,{[]},GetErrorID();
2025-08-04 18:18:14,174 - RobotController - DEBUG - GetErrorID result: 0,{[]},GetErrorID();
2025-08-04 18:18:14,283 - RobotController - DEBUG - GetErrorID result: 0,{[]},GetErrorID();
2025-08-04 18:18:14,392 - RobotController - DEBUG - GetErrorID result: 0,{[]},GetErrorID();
2025-08-04 18:18:14,500 - RobotController - DEBUG - GetErrorID result: 0,{[]},GetErrorID();
2025-08-04 18:18:14,608 - RobotController - DEBUG - GetErrorID result: 0,{[]},GetErrorID();
2025-08-04 18:18:14,716 - RobotController - DEBUG - GetErrorID result: 0,{[]},GetErrorID();
2025-08-04 18:18:14,825 - RobotController - DEBUG - GetErrorID result: 0,{[]},GetErrorID();
2025-08-04 18:18:14,934 - RobotController - DEBUG - GetErrorID result: 0,{[]},GetErrorID();
2025-08-04 18:18:15,042 - RobotController - DEBUG - GetErrorID result: 0,{[]},GetErrorID();
2025-08-04 18:18:15,150 - RobotController - DEBUG - GetErrorID result: 0,{[]},GetErrorID();
2025-08-04 18:18:15,255 - RobotController - DEBUG - GetErrorID result: 0,{[]},GetErrorID();
2025-08-04 18:18:15,364 - RobotController - DEBUG - GetErrorID result: 0,{[]},GetErrorID();
2025-08-04 18:18:15,474 - RobotController - DEBUG - GetErrorID result: 0,{[]},GetErrorID();
2025-08-04 18:18:15,581 - RobotController - DEBUG - GetErrorID result: 0,{[]},GetErrorID();
2025-08-04 18:18:15,685 - RobotController - DEBUG - GetErrorID result: 0,{[]},GetErrorID();
2025-08-04 18:18:15,794 - RobotController - DEBUG - GetErrorID result: 0,{[]},GetErrorID();
2025-08-04 18:18:15,902 - RobotController - DEBUG - GetErrorID result: 0,{[]},GetErrorID();
2025-08-04 18:18:16,011 - RobotController - DEBUG - GetErrorID result: 0,{[]},GetErrorID();
2025-08-04 18:18:16,117 - RobotController - DEBUG - GetErrorID result: 0,{[]},GetErrorID();
2025-08-04 18:18:16,226 - RobotController - DEBUG - GetErrorID result: 0,{[]},GetErrorID();
2025-08-04 18:18:16,334 - RobotController - DEBUG - GetErrorID result: 0,{[]},GetErrorID();
2025-08-04 18:18:16,443 - RobotController - DEBUG - GetErrorID result: 0,{[]},GetErrorID();
2025-08-04 18:18:16,552 - RobotController - DEBUG - GetErrorID result: 0,{[]},GetErrorID();
2025-08-04 18:18:16,660 - RobotController - DEBUG - GetErrorID result: 0,{[]},GetErrorID();
2025-08-04 18:18:16,769 - RobotController - DEBUG - GetErrorID result: 0,{[]},GetErrorID();
2025-08-04 18:18:16,877 - RobotController - DEBUG - GetErrorID result: 0,{[]},GetErrorID();
2025-08-04 18:18:16,986 - RobotController - DEBUG - GetErrorID result: 0,{[]},GetErrorID();
2025-08-04 18:18:17,092 - RobotController - DEBUG - GetErrorID result: 0,{[]},GetErrorID();
2025-08-04 18:18:17,200 - RobotController - DEBUG - GetErrorID result: 0,{[]},GetErrorID();
2025-08-04 18:18:17,305 - RobotController - DEBUG - GetErrorID result: 0,{[]},GetErrorID();
2025-08-04 18:18:17,410 - RobotController - DEBUG - GetErrorID result: 0,{[]},GetErrorID();
2025-08-04 18:18:17,516 - RobotController - DEBUG - GetErrorID result: 0,{[]},GetErrorID();
2025-08-04 18:18:17,625 - RobotController - DEBUG - GetErrorID result: 0,{[]},GetErrorID();
2025-08-04 18:18:17,734 - RobotController - DEBUG - GetErrorID result: 0,{[]},GetErrorID();
2025-08-04 18:18:17,842 - RobotController - DEBUG - GetErrorID result: 0,{[]},GetErrorID();
2025-08-04 18:18:17,948 - RobotController - DEBUG - GetErrorID result: 0,{[]},GetErrorID();
2025-08-04 18:18:18,057 - RobotController - DEBUG - GetErrorID result: 0,{[]},GetErrorID();
2025-08-04 18:18:18,163 - RobotController - DEBUG - GetErrorID result: 0,{[]},GetErrorID();
2025-08-04 18:18:18,272 - RobotController - DEBUG - GetErrorID result: 0,{[]},GetErrorID();
2025-08-04 18:18:18,377 - RobotController - DEBUG - GetErrorID result: 0,{[]},GetErrorID();
2025-08-04 18:18:18,481 - RobotController - DEBUG - GetErrorID result: 0,{[]},GetErrorID();
2025-08-04 18:18:18,589 - RobotController - DEBUG - GetErrorID result: 0,{[]},GetErrorID();
2025-08-04 18:18:18,698 - RobotController - DEBUG - GetErrorID result: 0,{[]},GetErrorID();
2025-08-04 18:18:18,806 - RobotController - DEBUG - GetErrorID result: 0,{[]},GetErrorID();
2025-08-04 18:18:18,915 - RobotController - DEBUG - GetErrorID result: 0,{[]},GetErrorID();
2025-08-04 18:18:19,024 - RobotController - DEBUG - GetErrorID result: 0,{[]},GetErrorID();
2025-08-04 18:18:19,133 - RobotController - DEBUG - GetErrorID result: 0,{[]},GetErrorID();
2025-08-04 18:18:19,241 - RobotController - DEBUG - GetErrorID result: 0,{[]},GetErrorID();
2025-08-04 18:18:19,346 - RobotController - DEBUG - GetErrorID result: 0,{[]},GetErrorID();
2025-08-04 18:18:19,456 - RobotController - DEBUG - GetErrorID result: 0,{[]},GetErrorID();
2025-08-04 18:18:19,564 - RobotController - DEBUG - GetErrorID result: 0,{[]},GetErrorID();
2025-08-04 18:18:19,673 - RobotController - DEBUG - GetErrorID result: 0,{[]},GetErrorID();
2025-08-04 18:18:19,782 - RobotController - DEBUG - GetErrorID result: 0,{[]},GetErrorID();
2025-08-04 18:18:19,891 - RobotController - DEBUG - GetErrorID result: 0,{[]},GetErrorID();
2025-08-04 18:18:20,001 - RobotController - DEBUG - GetErrorID result: 0,{[]},GetErrorID();
2025-08-04 18:18:20,108 - RobotController - DEBUG - GetErrorID result: 0,{[]},GetErrorID();
2025-08-04 18:18:20,216 - RobotController - DEBUG - GetErrorID result: 0,{[]},GetErrorID();
2025-08-04 18:18:20,325 - RobotController - DEBUG - GetErrorID result: 0,{[]},GetErrorID();
2025-08-04 18:18:20,438 - RobotController - DEBUG - GetErrorID result: 0,{[]},GetErrorID();
2025-08-04 18:18:20,547 - RobotController - DEBUG - GetErrorID result: 0,{[]},GetErrorID();
2025-08-04 18:18:20,656 - RobotController - DEBUG - GetErrorID result: 0,{[]},GetErrorID();
2025-08-04 18:18:20,765 - RobotController - DEBUG - GetErrorID result: 0,{[]},GetErrorID();
2025-08-04 18:18:20,872 - RobotController - DEBUG - GetErrorID result: 0,{[]},GetErrorID();
2025-08-04 18:18:20,981 - RobotController - DEBUG - GetErrorID result: 0,{[]},GetErrorID();
2025-08-04 18:18:21,090 - RobotController - DEBUG - GetErrorID result: 0,{[]},GetErrorID();
2025-08-04 18:18:21,198 - RobotController - DEBUG - GetErrorID result: 0,{[]},GetErrorID();
2025-08-04 18:18:21,304 - RobotController - DEBUG - GetErrorID result: 0,{[]},GetErrorID();
2025-08-04 18:18:21,413 - RobotController - DEBUG - GetErrorID result: 0,{[]},GetErrorID();
2025-08-04 18:18:21,522 - RobotController - DEBUG - GetErrorID result: 0,{[]},GetErrorID();
2025-08-04 18:18:21,628 - RobotController - DEBUG - GetErrorID result: 0,{[]},GetErrorID();
2025-08-04 18:18:21,735 - RobotController - DEBUG - GetErrorID result: 0,{[]},GetErrorID();
2025-08-04 18:18:21,845 - RobotController - DEBUG - GetErrorID result: 0,{[]},GetErrorID();
2025-08-04 18:18:21,954 - RobotController - DEBUG - GetErrorID result: 0,{[]},GetErrorID();
2025-08-04 18:18:22,063 - RobotController - DEBUG - GetErrorID result: 0,{[]},GetErrorID();
2025-08-04 18:18:22,171 - RobotController - DEBUG - GetErrorID result: 0,{[]},GetErrorID();
2025-08-04 18:18:22,280 - RobotController - DEBUG - GetErrorID result: 0,{[]},GetErrorID();
2025-08-04 18:18:22,388 - RobotController - DEBUG - GetErrorID result: 0,{[]},GetErrorID();
2025-08-04 18:18:22,496 - RobotController - DEBUG - GetErrorID result: 0,{[]},GetErrorID();
2025-08-04 18:18:22,605 - RobotController - DEBUG - GetErrorID result: 0,{[]},GetErrorID();
2025-08-04 18:18:22,712 - RobotController - DEBUG - GetErrorID result: 0,{[]},GetErrorID();
2025-08-04 18:18:22,821 - RobotController - DEBUG - GetErrorID result: 0,{[]},GetErrorID();
2025-08-04 18:18:22,929 - RobotController - DEBUG - GetErrorID result: 0,{[]},GetErrorID();
2025-08-04 18:18:23,034 - RobotController - DEBUG - GetErrorID result: 0,{[]},GetErrorID();
2025-08-04 18:18:23,142 - RobotController - DEBUG - GetErrorID result: 0,{[]},GetErrorID();
2025-08-04 18:18:23,251 - RobotController - DEBUG - GetErrorID result: 0,{[]},GetErrorID();
2025-08-04 18:18:23,355 - RobotController - DEBUG - GetErrorID result: 0,{[]},GetErrorID();
2025-08-04 18:18:23,463 - RobotController - DEBUG - GetErrorID result: 0,{[]},GetErrorID();
2025-08-04 18:18:23,571 - RobotController - DEBUG - GetErrorID result: 0,{[]},GetErrorID();
2025-08-04 18:18:23,680 - RobotController - DEBUG - GetErrorID result: 0,{[]},GetErrorID();
2025-08-04 18:18:23,788 - RobotController - DEBUG - GetErrorID result: 0,{[]},GetErrorID();
2025-08-04 18:18:23,897 - RobotController - DEBUG - GetErrorID result: 0,{[]},GetErrorID();
2025-08-04 18:18:24,006 - RobotController - DEBUG - GetErrorID result: 0,{[]},GetErrorID();
2025-08-04 18:18:24,112 - RobotController - DEBUG - GetErrorID result: 0,{[]},GetErrorID();
2025-08-04 18:18:24,221 - RobotController - DEBUG - GetErrorID result: 0,{[]},GetErrorID();
2025-08-04 18:18:24,332 - RobotController - DEBUG - GetErrorID result: 0,{[]},GetErrorID();
2025-08-04 18:18:24,438 - RobotController - DEBUG - GetErrorID result: 0,{[]},GetErrorID();
2025-08-04 18:18:24,547 - RobotController - DEBUG - GetErrorID result: 0,{[]},GetErrorID();
2025-08-04 18:18:24,657 - RobotController - DEBUG - GetErrorID result: 0,{[]},GetErrorID();
2025-08-04 18:18:24,766 - RobotController - DEBUG - GetErrorID result: 0,{[]},GetErrorID();
2025-08-04 18:18:24,875 - RobotController - DEBUG - GetErrorID result: 0,{[]},GetErrorID();
2025-08-04 18:18:24,981 - RobotController - DEBUG - GetErrorID result: 0,{[]},GetErrorID();
2025-08-04 18:18:25,088 - RobotController - DEBUG - GetErrorID result: 0,{[]},GetErrorID();
2025-08-04 18:18:25,196 - RobotController - DEBUG - GetErrorID result: 0,{[]},GetErrorID();
2025-08-04 18:18:25,302 - RobotController - DEBUG - GetErrorID result: 0,{[]},GetErrorID();
2025-08-04 18:18:25,414 - RobotController - DEBUG - GetErrorID result: 0,{[]},GetErrorID();
2025-08-04 18:18:25,523 - RobotController - DEBUG - GetErrorID result: 0,{[]},GetErrorID();
2025-08-04 18:18:25,631 - RobotController - DEBUG - GetErrorID result: 0,{[]},GetErrorID();
2025-08-04 18:18:25,740 - RobotController - DEBUG - GetErrorID result: 0,{[]},GetErrorID();
2025-08-04 18:18:25,849 - RobotController - DEBUG - GetErrorID result: 0,{[]},GetErrorID();
2025-08-04 18:18:25,954 - RobotController - DEBUG - GetErrorID result: 0,{[]},GetErrorID();
2025-08-04 18:18:26,060 - RobotController - DEBUG - GetErrorID result: 0,{[]},GetErrorID();
2025-08-04 18:18:26,169 - RobotController - DEBUG - GetErrorID result: 0,{[]},GetErrorID();
2025-08-04 18:18:26,278 - RobotController - DEBUG - GetErrorID result: 0,{[]},GetErrorID();
2025-08-04 18:18:26,382 - RobotController - DEBUG - GetErrorID result: 0,{[]},GetErrorID();
2025-08-04 18:18:26,490 - RobotController - DEBUG - GetErrorID result: 0,{[]},GetErrorID();
2025-08-04 18:18:26,598 - RobotController - DEBUG - GetErrorID result: 0,{[]},GetErrorID();
2025-08-04 18:18:26,707 - RobotController - DEBUG - GetErrorID result: 0,{[]},GetErrorID();
2025-08-04 18:18:26,816 - RobotController - DEBUG - GetErrorID result: 0,{[]},GetErrorID();
2025-08-04 18:18:26,925 - RobotController - DEBUG - GetErrorID result: 0,{[]},GetErrorID();
2025-08-04 18:18:27,033 - RobotController - DEBUG - GetErrorID result: 0,{[]},GetErrorID();
2025-08-04 18:18:27,142 - RobotController - DEBUG - GetErrorID result: 0,{[]},GetErrorID();
2025-08-04 18:18:27,246 - RobotController - DEBUG - GetErrorID result: 0,{[]},GetErrorID();
2025-08-04 18:18:27,353 - RobotController - DEBUG - GetErrorID result: 0,{[]},GetErrorID();
2025-08-04 18:18:27,458 - RobotController - DEBUG - GetErrorID result: 0,{[]},GetErrorID();
2025-08-04 18:18:27,567 - RobotController - DEBUG - GetErrorID result: 0,{[]},GetErrorID();
2025-08-04 18:18:27,677 - RobotController - DEBUG - GetErrorID result: 0,{[]},GetErrorID();
2025-08-04 18:18:27,785 - RobotController - DEBUG - GetErrorID result: 0,{[]},GetErrorID();
2025-08-04 18:18:27,892 - RobotController - DEBUG - GetErrorID result: 0,{[]},GetErrorID();
2025-08-04 18:18:28,001 - RobotController - DEBUG - GetErrorID result: 0,{[]},GetErrorID();
2025-08-04 18:18:28,105 - RobotController - DEBUG - GetErrorID result: 0,{[]},GetErrorID();
2025-08-04 18:18:28,215 - RobotController - DEBUG - GetErrorID result: 0,{[]},GetErrorID();
2025-08-04 18:18:28,328 - RobotController - DEBUG - GetErrorID result: 0,{[]},GetErrorID();
2025-08-04 18:18:28,438 - RobotController - DEBUG - GetErrorID result: 0,{[]},GetErrorID();
2025-08-04 18:18:28,542 - RobotController - DEBUG - GetErrorID result: 0,{[]},GetErrorID();
2025-08-04 18:18:28,652 - RobotController - DEBUG - GetErrorID result: 0,{[]},GetErrorID();
2025-08-04 18:18:28,756 - RobotController - DEBUG - GetErrorID result: 0,{[]},GetErrorID();
2025-08-04 18:18:28,865 - RobotController - DEBUG - GetErrorID result: 0,{[]},GetErrorID();
2025-08-04 18:18:28,974 - RobotController - DEBUG - GetErrorID result: 0,{[]},GetErrorID();
2025-08-04 18:18:29,082 - RobotController - DEBUG - GetErrorID result: 0,{[]},GetErrorID();
2025-08-04 18:18:29,191 - RobotController - DEBUG - GetErrorID result: 0,{[]},GetErrorID();
2025-08-04 18:18:29,298 - RobotController - DEBUG - GetErrorID result: 0,{[]},GetErrorID();
2025-08-04 18:18:29,405 - RobotController - DEBUG - GetErrorID result: 0,{[]},GetErrorID();
2025-08-04 18:18:29,514 - RobotController - DEBUG - GetErrorID result: 0,{[]},GetErrorID();
2025-08-04 18:18:29,624 - RobotController - DEBUG - GetErrorID result: 0,{[]},GetErrorID();
2025-08-04 18:18:29,732 - RobotController - DEBUG - GetErrorID result: 0,{[]},GetErrorID();
2025-08-04 18:18:29,841 - RobotController - DEBUG - GetErrorID result: 0,{[]},GetErrorID();
2025-08-04 18:18:29,950 - RobotController - DEBUG - GetErrorID result: 0,{[]},GetErrorID();
2025-08-04 18:18:30,059 - RobotController - DEBUG - GetErrorID result: 0,{[]},GetErrorID();
2025-08-04 18:18:30,168 - RobotController - DEBUG - GetErrorID result: 0,{[]},GetErrorID();
2025-08-04 18:18:30,276 - RobotController - DEBUG - GetErrorID result: 0,{[]},GetErrorID();
2025-08-04 18:18:30,382 - RobotController - DEBUG - GetErrorID result: 0,{[]},GetErrorID();
2025-08-04 18:18:30,486 - RobotController - DEBUG - GetErrorID result: 0,{[]},GetErrorID();
2025-08-04 18:18:30,595 - RobotController - DEBUG - GetErrorID result: 0,{[]},GetErrorID();
2025-08-04 18:18:30,704 - RobotController - DEBUG - GetErrorID result: 0,{[]},GetErrorID();
2025-08-04 18:18:30,812 - RobotController - DEBUG - GetErrorID result: 0,{[]},GetErrorID();
2025-08-04 18:18:30,918 - RobotController - DEBUG - GetErrorID result: 0,{[]},GetErrorID();
2025-08-04 18:18:31,028 - RobotController - DEBUG - GetErrorID result: 0,{[]},GetErrorID();
2025-08-04 18:18:31,134 - RobotController - DEBUG - GetErrorID result: 0,{[]},GetErrorID();
2025-08-04 18:18:31,241 - RobotController - DEBUG - GetErrorID result: 0,{[]},GetErrorID();
2025-08-04 18:18:31,351 - RobotController - DEBUG - GetErrorID result: 0,{[]},GetErrorID();
2025-08-04 18:18:31,456 - RobotController - DEBUG - GetErrorID result: 0,{[]},GetErrorID();
2025-08-04 18:18:31,562 - RobotController - DEBUG - GetErrorID result: 0,{[]},GetErrorID();
2025-08-04 18:18:31,671 - RobotController - DEBUG - GetErrorID result: 0,{[]},GetErrorID();
2025-08-04 18:18:31,775 - RobotController - DEBUG - GetErrorID result: 0,{[]},GetErrorID();
2025-08-04 18:18:31,881 - RobotController - DEBUG - GetErrorID result: 0,{[]},GetErrorID();
2025-08-04 18:18:31,987 - RobotController - DEBUG - GetErrorID result: 0,{[]},GetErrorID();
2025-08-04 18:18:32,096 - RobotController - DEBUG - GetErrorID result: 0,{[]},GetErrorID();
2025-08-04 18:18:32,204 - RobotController - DEBUG - GetErrorID result: 0,{[]},GetErrorID();
2025-08-04 18:18:32,308 - RobotController - DEBUG - GetErrorID result: 0,{[]},GetErrorID();
2025-08-04 18:18:32,414 - RobotController - DEBUG - GetErrorID result: 0,{[]},GetErrorID();
2025-08-04 18:18:32,523 - RobotController - DEBUG - GetErrorID result: 0,{[]},GetErrorID();
2025-08-04 18:18:32,632 - RobotController - DEBUG - GetErrorID result: 0,{[]},GetErrorID();
2025-08-04 18:18:32,741 - RobotController - DEBUG - GetErrorID result: 0,{[]},GetErrorID();
2025-08-04 18:18:32,850 - RobotController - DEBUG - GetErrorID result: 0,{[]},GetErrorID();
2025-08-04 18:18:32,958 - RobotController - DEBUG - GetErrorID result: 0,{[]},GetErrorID();
2025-08-04 18:18:33,066 - RobotController - DEBUG - GetErrorID result: 0,{[]},GetErrorID();
2025-08-04 18:18:33,173 - RobotController - DEBUG - GetErrorID result: 0,{[]},GetErrorID();
2025-08-04 18:18:33,283 - RobotController - DEBUG - GetErrorID result: 0,{[]},GetErrorID();
2025-08-04 18:18:33,392 - RobotController - DEBUG - GetErrorID result: 0,{[]},GetErrorID();
2025-08-04 18:18:33,501 - RobotController - DEBUG - GetErrorID result: 0,{[]},GetErrorID();
2025-08-04 18:18:33,606 - RobotController - DEBUG - GetErrorID result: 0,{[]},GetErrorID();
2025-08-04 18:18:33,711 - RobotController - DEBUG - GetErrorID result: 0,{[]},GetErrorID();
2025-08-04 18:18:33,816 - RobotController - DEBUG - GetErrorID result: 0,{[]},GetErrorID();
2025-08-04 18:18:33,924 - RobotController - DEBUG - GetErrorID result: 0,{[]},GetErrorID();
2025-08-04 18:18:34,041 - RobotController - DEBUG - GetErrorID result: 0,{[]},GetErrorID();
2025-08-04 18:18:34,146 - RobotController - DEBUG - GetErrorID result: 0,{[]},GetErrorID();
2025-08-04 18:18:34,255 - RobotController - DEBUG - GetErrorID result: 0,{[]},GetErrorID();
2025-08-04 18:18:34,364 - RobotController - DEBUG - GetErrorID result: 0,{[]},GetErrorID();
2025-08-04 18:18:34,474 - RobotController - DEBUG - GetErrorID result: 0,{[]},GetErrorID();
2025-08-04 18:18:34,583 - RobotController - DEBUG - GetErrorID result: 0,{[]},GetErrorID();
2025-08-04 18:18:34,687 - RobotController - DEBUG - GetErrorID result: 0,{[]},GetErrorID();
2025-08-04 18:18:34,796 - RobotController - DEBUG - GetErrorID result: 0,{[]},GetErrorID();
2025-08-04 18:18:34,905 - RobotController - DEBUG - GetErrorID result: 0,{[]},GetErrorID();
2025-08-04 18:18:35,010 - RobotController - DEBUG - GetErrorID result: 0,{[]},GetErrorID();
2025-08-04 18:18:35,119 - RobotController - DEBUG - GetErrorID result: 0,{[]},GetErrorID();
2025-08-04 18:18:35,224 - RobotController - DEBUG - GetErrorID result: 0,{[]},GetErrorID();
2025-08-04 18:18:35,332 - RobotController - DEBUG - GetErrorID result: 0,{[]},GetErrorID();
2025-08-04 18:18:35,438 - RobotController - DEBUG - GetErrorID result: 0,{[]},GetErrorID();
2025-08-04 18:18:35,547 - RobotController - DEBUG - GetErrorID result: 0,{[]},GetErrorID();
2025-08-04 18:18:35,655 - RobotController - DEBUG - GetErrorID result: 0,{[]},GetErrorID();
2025-08-04 18:18:35,764 - RobotController - DEBUG - GetErrorID result: 0,{[]},GetErrorID();
2025-08-04 18:18:35,873 - RobotController - DEBUG - GetErrorID result: 0,{[]},GetErrorID();
2025-08-04 18:18:35,982 - RobotController - DEBUG - GetErrorID result: 0,{[]},GetErrorID();
2025-08-04 18:18:36,091 - RobotController - DEBUG - GetErrorID result: 0,{[]},GetErrorID();
2025-08-04 18:18:36,200 - RobotController - DEBUG - GetErrorID result: 0,{[]},GetErrorID();
2025-08-04 18:18:36,307 - RobotController - DEBUG - GetErrorID result: 0,{[]},GetErrorID();
2025-08-04 18:18:36,411 - RobotController - DEBUG - GetErrorID result: 0,{[]},GetErrorID();
2025-08-04 18:18:36,521 - RobotController - DEBUG - GetErrorID result: 0,{[]},GetErrorID();
2025-08-04 18:18:36,627 - RobotController - DEBUG - GetErrorID result: 0,{[]},GetErrorID();
2025-08-04 18:18:36,734 - RobotController - DEBUG - GetErrorID result: 0,{[]},GetErrorID();
2025-08-04 18:18:36,844 - RobotController - DEBUG - GetErrorID result: 0,{[]},GetErrorID();
2025-08-04 18:18:36,951 - RobotController - DEBUG - GetErrorID result: 0,{[]},GetErrorID();
2025-08-04 18:18:37,060 - RobotController - DEBUG - GetErrorID result: 0,{[]},GetErrorID();
2025-08-04 18:18:37,164 - RobotController - DEBUG - GetErrorID result: 0,{[]},GetErrorID();
2025-08-04 18:18:37,270 - RobotController - DEBUG - GetErrorID result: 0,{[]},GetErrorID();
2025-08-04 18:18:37,380 - RobotController - DEBUG - GetErrorID result: 0,{[]},GetErrorID();
2025-08-04 18:18:37,488 - RobotController - DEBUG - GetErrorID result: 0,{[]},GetErrorID();
2025-08-04 18:18:37,597 - RobotController - DEBUG - GetErrorID result: 0,{[]},GetErrorID();
2025-08-04 18:18:37,705 - RobotController - DEBUG - GetErrorID result: 0,{[]},GetErrorID();
2025-08-04 18:18:37,814 - RobotController - DEBUG - GetErrorID result: 0,{[]},GetErrorID();
2025-08-04 18:18:37,924 - RobotController - DEBUG - GetErrorID result: 0,{[]},GetErrorID();
2025-08-04 18:18:38,031 - RobotController - DEBUG - GetErrorID result: 0,{[]},GetErrorID();
2025-08-04 18:18:38,140 - RobotController - DEBUG - GetErrorID result: 0,{[]},GetErrorID();
2025-08-04 18:18:38,250 - RobotController - DEBUG - GetErrorID result: 0,{[]},GetErrorID();
2025-08-04 18:18:38,356 - RobotController - DEBUG - GetErrorID result: 0,{[]},GetErrorID();
2025-08-04 18:18:38,463 - RobotController - DEBUG - GetErrorID result: 0,{[]},GetErrorID();
2025-08-04 18:18:38,573 - RobotController - DEBUG - GetErrorID result: 0,{[]},GetErrorID();
2025-08-04 18:18:38,679 - RobotController - DEBUG - GetErrorID result: 0,{[]},GetErrorID();
2025-08-04 18:18:38,786 - RobotController - DEBUG - GetErrorID result: 0,{[]},GetErrorID();
2025-08-04 18:18:38,891 - RobotController - DEBUG - GetErrorID result: 0,{[]},GetErrorID();
2025-08-04 18:18:39,000 - RobotController - DEBUG - GetErrorID result: 0,{[]},GetErrorID();
2025-08-04 18:18:39,105 - RobotController - DEBUG - GetErrorID result: 0,{[]},GetErrorID();
2025-08-04 18:18:39,213 - RobotController - DEBUG - GetErrorID result: 0,{[]},GetErrorID();
2025-08-04 18:18:39,319 - RobotController - DEBUG - GetErrorID result: 0,{[]},GetErrorID();
2025-08-04 18:18:39,428 - RobotController - DEBUG - GetErrorID result: 0,{[]},GetErrorID();
2025-08-04 18:18:39,535 - RobotController - DEBUG - GetErrorID result: 0,{[]},GetErrorID();
2025-08-04 18:18:39,643 - RobotController - DEBUG - GetErrorID result: 0,{[]},GetErrorID();
2025-08-04 18:18:39,752 - RobotController - DEBUG - GetErrorID result: 0,{[]},GetErrorID();
2025-08-04 18:18:39,860 - RobotController - DEBUG - GetErrorID result: 0,{[]},GetErrorID();
2025-08-04 18:18:39,970 - RobotController - DEBUG - GetErrorID result: 0,{[]},GetErrorID();
2025-08-04 18:18:40,077 - RobotController - DEBUG - GetErrorID result: 0,{[]},GetErrorID();
2025-08-04 18:18:40,181 - RobotController - DEBUG - GetErrorID result: 0,{[]},GetErrorID();
2025-08-04 18:18:40,287 - RobotController - DEBUG - GetErrorID result: 0,{[]},GetErrorID();
2025-08-04 18:18:40,393 - RobotController - DEBUG - GetErrorID result: 0,{[]},GetErrorID();
2025-08-04 18:18:40,502 - RobotController - DEBUG - GetErrorID result: 0,{[]},GetErrorID();
2025-08-04 18:18:40,611 - RobotController - DEBUG - GetErrorID result: 0,{[]},GetErrorID();
2025-08-04 18:18:40,717 - RobotController - DEBUG - GetErrorID result: 0,{[]},GetErrorID();
2025-08-04 18:18:40,824 - RobotController - DEBUG - GetErrorID result: 0,{[]},GetErrorID();
2025-08-04 18:18:40,931 - RobotController - DEBUG - GetErrorID result: 0,{[]},GetErrorID();
2025-08-04 18:18:41,036 - RobotController - DEBUG - GetErrorID result: 0,{[]},GetErrorID();
2025-08-04 18:18:41,141 - RobotController - DEBUG - GetErrorID result: 0,{[]},GetErrorID();
2025-08-04 18:18:41,247 - RobotController - DEBUG - GetErrorID result: 0,{[]},GetErrorID();
2025-08-04 18:18:41,353 - RobotController - DEBUG - GetErrorID result: 0,{[]},GetErrorID();
2025-08-04 18:18:41,462 - RobotController - DEBUG - GetErrorID result: 0,{[]},GetErrorID();
2025-08-04 18:18:41,571 - RobotController - DEBUG - GetErrorID result: 0,{[]},GetErrorID();
2025-08-04 18:18:41,679 - RobotController - DEBUG - GetErrorID result: 0,{[]},GetErrorID();
2025-08-04 18:18:41,788 - RobotController - DEBUG - GetErrorID result: 0,{[]},GetErrorID();
2025-08-04 18:18:41,896 - RobotController - DEBUG - GetErrorID result: 0,{[]},GetErrorID();
2025-08-04 18:18:42,005 - RobotController - DEBUG - GetErrorID result: 0,{[]},GetErrorID();
2025-08-04 18:18:42,114 - RobotController - DEBUG - GetErrorID result: 0,{[]},GetErrorID();
2025-08-04 18:18:42,223 - RobotController - DEBUG - GetErrorID result: 0,{[]},GetErrorID();
2025-08-04 18:18:42,329 - RobotController - DEBUG - GetErrorID result: 0,{[]},GetErrorID();
2025-08-04 18:18:42,438 - RobotController - DEBUG - GetErrorID result: 0,{[]},GetErrorID();
2025-08-04 18:18:42,548 - RobotController - DEBUG - GetErrorID result: 0,{[]},GetErrorID();
2025-08-04 18:18:42,657 - RobotController - DEBUG - GetErrorID result: 0,{[]},GetErrorID();
2025-08-04 18:18:42,766 - RobotController - DEBUG - GetErrorID result: 0,{[]},GetErrorID();
2025-08-04 18:18:42,875 - RobotController - DEBUG - GetErrorID result: 0,{[]},GetErrorID();
2025-08-04 18:18:42,984 - RobotController - DEBUG - GetErrorID result: 0,{[]},GetErrorID();
2025-08-04 18:18:43,093 - RobotController - DEBUG - GetErrorID result: 0,{[]},GetErrorID();
2025-08-04 18:18:43,201 - RobotController - DEBUG - GetErrorID result: 0,{[]},GetErrorID();
2025-08-04 18:18:43,310 - RobotController - DEBUG - GetErrorID result: 0,{[]},GetErrorID();
2025-08-04 18:18:43,419 - RobotController - DEBUG - GetErrorID result: 0,{[]},GetErrorID();
2025-08-04 18:18:43,528 - RobotController - DEBUG - GetErrorID result: 0,{[]},GetErrorID();
2025-08-04 18:18:43,636 - RobotController - DEBUG - GetErrorID result: 0,{[]},GetErrorID();
2025-08-04 18:18:43,743 - RobotController - DEBUG - GetErrorID result: 0,{[]},GetErrorID();
2025-08-04 18:18:43,851 - RobotController - DEBUG - GetErrorID result: 0,{[]},GetErrorID();
2025-08-04 18:18:44,085 - RobotController - DEBUG - GetErrorID result: 0,{[]},GetErrorID();
2025-08-04 18:18:44,259 - RobotController - DEBUG - GetErrorID result: 0,{[]},GetErrorID();
2025-08-04 18:18:44,464 - RobotController - DEBUG - GetErrorID result: 0,{[]},GetErrorID();
2025-08-04 18:18:44,699 - RobotController - DEBUG - GetErrorID result: 0,{[]},GetErrorID();
2025-08-04 18:18:44,909 - RobotController - DEBUG - GetErrorID result: 0,{[]},GetErrorID();
2025-08-04 18:18:45,089 - RobotController - DEBUG - GetErrorID result: 0,{[]},GetErrorID();
2025-08-04 18:18:45,263 - RobotController - DEBUG - GetErrorID result: 0,{[]},GetErrorID();
2025-08-04 18:18:45,441 - RobotController - DEBUG - GetErrorID result: 0,{[]},GetErrorID();
2025-08-04 18:18:45,677 - RobotController - DEBUG - GetErrorID result: 0,{[]},GetErrorID();
2025-08-04 18:18:45,886 - RobotController - DEBUG - GetErrorID result: 0,{[]},GetErrorID();
2025-08-04 18:18:46,063 - RobotController - DEBUG - GetErrorID result: 0,{[]},GetErrorID();
2025-08-04 18:18:46,242 - RobotController - DEBUG - GetErrorID result: 0,{[]},GetErrorID();
2025-08-04 18:18:46,352 - RobotController - DEBUG - GetErrorID result: 0,{[]},GetErrorID();
2025-08-04 18:18:46,460 - RobotController - DEBUG - GetErrorID result: 0,{[]},GetErrorID();
2025-08-04 18:18:46,568 - RobotController - DEBUG - GetErrorID result: 0,{[]},GetErrorID();
2025-08-04 18:18:46,677 - RobotController - DEBUG - GetErrorID result: 0,{[]},GetErrorID();
2025-08-04 18:18:46,788 - RobotController - DEBUG - GetErrorID result: 0,{[]},GetErrorID();
2025-08-04 18:18:46,897 - RobotController - DEBUG - GetErrorID result: 0,{[]},GetErrorID();
2025-08-04 18:18:47,007 - RobotController - DEBUG - GetErrorID result: 0,{[]},GetErrorID();
2025-08-04 18:18:47,114 - RobotController - DEBUG - GetErrorID result: 0,{[]},GetErrorID();
2025-08-04 18:18:47,222 - RobotController - DEBUG - GetErrorID result: 0,{[]},GetErrorID();
2025-08-04 18:18:47,329 - RobotController - DEBUG - GetErrorID result: 0,{[]},GetErrorID();
2025-08-04 18:18:47,437 - RobotController - DEBUG - GetErrorID result: 0,{[]},GetErrorID();
2025-08-04 18:18:47,547 - RobotController - DEBUG - GetErrorID result: 0,{[]},GetErrorID();
2025-08-04 18:18:47,652 - RobotController - DEBUG - GetErrorID result: 0,{[]},GetErrorID();
2025-08-04 18:18:47,761 - RobotController - DEBUG - GetErrorID result: 0,{[]},GetErrorID();
2025-08-04 18:18:47,869 - RobotController - DEBUG - GetErrorID result: 0,{[]},GetErrorID();
2025-08-04 18:18:47,979 - RobotController - DEBUG - GetErrorID result: 0,{[]},GetErrorID();
2025-08-04 18:18:48,087 - RobotController - DEBUG - GetErrorID result: 0,{[]},GetErrorID();
2025-08-04 18:18:48,198 - RobotController - DEBUG - GetErrorID result: 0,{[]},GetErrorID();
2025-08-04 18:18:48,307 - RobotController - DEBUG - GetErrorID result: 0,{[]},GetErrorID();
2025-08-04 18:18:48,412 - RobotController - DEBUG - GetErrorID result: 0,{[]},GetErrorID();
2025-08-04 18:18:48,521 - RobotController - DEBUG - GetErrorID result: 0,{[]},GetErrorID();
2025-08-04 18:18:48,627 - RobotController - DEBUG - GetErrorID result: 0,{[]},GetErrorID();
2025-08-04 18:18:48,732 - RobotController - DEBUG - GetErrorID result: 0,{[]},GetErrorID();
2025-08-04 18:18:48,838 - RobotController - DEBUG - GetErrorID result: 0,{[]},GetErrorID();
2025-08-04 18:18:48,944 - RobotController - DEBUG - GetErrorID result: 0,{[]},GetErrorID();
2025-08-04 18:18:49,052 - RobotController - DEBUG - GetErrorID result: 0,{[]},GetErrorID();
2025-08-04 18:18:49,158 - RobotController - DEBUG - GetErrorID result: 0,{[]},GetErrorID();
2025-08-04 18:18:49,266 - RobotController - DEBUG - GetErrorID result: 0,{[]},GetErrorID();
2025-08-04 18:18:49,372 - RobotController - DEBUG - GetErrorID result: 0,{[]},GetErrorID();
2025-08-04 18:18:49,481 - RobotController - DEBUG - GetErrorID result: 0,{[]},GetErrorID();
2025-08-04 18:18:49,587 - RobotController - DEBUG - GetErrorID result: 0,{[]},GetErrorID();
2025-08-04 18:18:49,697 - RobotController - DEBUG - GetErrorID result: 0,{[]},GetErrorID();
2025-08-04 18:18:49,802 - RobotController - DEBUG - GetErrorID result: 0,{[]},GetErrorID();
2025-08-04 18:18:49,908 - RobotController - DEBUG - GetErrorID result: 0,{[]},GetErrorID();
2025-08-04 18:18:50,014 - RobotController - DEBUG - GetErrorID result: 0,{[]},GetErrorID();
2025-08-04 18:18:50,119 - RobotController - DEBUG - GetErrorID result: 0,{[]},GetErrorID();
2025-08-04 18:18:50,225 - RobotController - DEBUG - GetErrorID result: 0,{[]},GetErrorID();
2025-08-04 18:18:50,331 - RobotController - DEBUG - GetErrorID result: 0,{[]},GetErrorID();
2025-08-04 18:18:50,438 - RobotController - DEBUG - GetErrorID result: 0,{[]},GetErrorID();
2025-08-04 18:18:50,543 - RobotController - DEBUG - GetErrorID result: 0,{[]},GetErrorID();
2025-08-04 18:18:50,649 - RobotController - DEBUG - GetErrorID result: 0,{[]},GetErrorID();
2025-08-04 18:18:50,758 - RobotController - DEBUG - GetErrorID result: 0,{[]},GetErrorID();
2025-08-04 18:18:50,867 - RobotController - DEBUG - GetErrorID result: 0,{[]},GetErrorID();
2025-08-04 18:18:50,971 - RobotController - DEBUG - GetErrorID result: 0,{[]},GetErrorID();
2025-08-04 18:18:51,081 - RobotController - DEBUG - GetErrorID result: 0,{[]},GetErrorID();
2025-08-04 18:18:51,190 - RobotController - DEBUG - GetErrorID result: 0,{[]},GetErrorID();
2025-08-04 18:18:51,298 - RobotController - DEBUG - GetErrorID result: 0,{[]},GetErrorID();
2025-08-04 18:18:51,408 - RobotController - DEBUG - GetErrorID result: 0,{[]},GetErrorID();
2025-08-04 18:18:51,515 - RobotController - DEBUG - GetErrorID result: 0,{[]},GetErrorID();
2025-08-04 18:18:51,624 - RobotController - DEBUG - GetErrorID result: 0,{[]},GetErrorID();
2025-08-04 18:18:51,729 - RobotController - DEBUG - GetErrorID result: 0,{[]},GetErrorID();
2025-08-04 18:18:51,838 - RobotController - DEBUG - GetErrorID result: 0,{[]},GetErrorID();
2025-08-04 18:18:51,944 - RobotController - DEBUG - GetErrorID result: 0,{[]},GetErrorID();
2025-08-04 18:18:52,054 - RobotController - DEBUG - GetErrorID result: 0,{[]},GetErrorID();
2025-08-04 18:18:52,161 - RobotController - DEBUG - GetErrorID result: 0,{[]},GetErrorID();
2025-08-04 18:18:52,267 - RobotController - DEBUG - GetErrorID result: 0,{[]},GetErrorID();
2025-08-04 18:18:52,377 - RobotController - DEBUG - GetErrorID result: 0,{[]},GetErrorID();
2025-08-04 18:18:52,482 - RobotController - DEBUG - GetErrorID result: 0,{[]},GetErrorID();
2025-08-04 18:18:52,587 - RobotController - DEBUG - GetErrorID result: 0,{[]},GetErrorID();
2025-08-04 18:18:52,696 - RobotController - DEBUG - GetErrorID result: 0,{[]},GetErrorID();
2025-08-04 18:18:52,805 - RobotController - DEBUG - GetErrorID result: 0,{[]},GetErrorID();
2025-08-04 18:18:52,914 - RobotController - DEBUG - GetErrorID result: 0,{[]},GetErrorID();
2025-08-04 18:18:53,022 - RobotController - DEBUG - GetErrorID result: 0,{[]},GetErrorID();
2025-08-04 18:18:53,131 - RobotController - DEBUG - GetErrorID result: 0,{[]},GetErrorID();
2025-08-04 18:18:53,240 - RobotController - DEBUG - GetErrorID result: 0,{[]},GetErrorID();
2025-08-04 18:18:53,348 - RobotController - DEBUG - GetErrorID result: 0,{[]},GetErrorID();
2025-08-04 18:18:53,453 - RobotController - DEBUG - GetErrorID result: 0,{[]},GetErrorID();
2025-08-04 18:18:53,562 - RobotController - DEBUG - GetErrorID result: 0,{[]},GetErrorID();
2025-08-04 18:18:53,671 - RobotController - DEBUG - GetErrorID result: 0,{[]},GetErrorID();
2025-08-04 18:18:53,780 - RobotController - DEBUG - GetErrorID result: 0,{[]},GetErrorID();
2025-08-04 18:18:53,885 - RobotController - DEBUG - GetErrorID result: 0,{[]},GetErrorID();
2025-08-04 18:18:53,993 - RobotController - DEBUG - GetErrorID result: 0,{[]},GetErrorID();
2025-08-04 18:18:54,104 - RobotController - DEBUG - GetErrorID result: 0,{[]},GetErrorID();
2025-08-04 18:18:54,216 - RobotController - DEBUG - GetErrorID result: 0,{[]},GetErrorID();
2025-08-04 18:18:54,325 - RobotController - DEBUG - GetErrorID result: 0,{[]},GetErrorID();
2025-08-04 18:18:54,434 - RobotController - DEBUG - GetErrorID result: 0,{[]},GetErrorID();
2025-08-04 18:18:54,541 - RobotController - DEBUG - GetErrorID result: 0,{[]},GetErrorID();
2025-08-04 18:18:54,649 - RobotController - DEBUG - GetErrorID result: 0,{[]},GetErrorID();
2025-08-04 18:18:54,758 - RobotController - DEBUG - GetErrorID result: 0,{[]},GetErrorID();
2025-08-04 18:18:54,866 - RobotController - DEBUG - GetErrorID result: 0,{[]},GetErrorID();
2025-08-04 18:18:54,974 - RobotController - DEBUG - GetErrorID result: 0,{[]},GetErrorID();
2025-08-04 18:18:55,082 - RobotController - DEBUG - GetErrorID result: 0,{[]},GetErrorID();
2025-08-04 18:18:55,191 - RobotController - DEBUG - GetErrorID result: 0,{[]},GetErrorID();
2025-08-04 18:18:55,300 - RobotController - DEBUG - GetErrorID result: 0,{[]},GetErrorID();
2025-08-04 18:18:55,406 - RobotController - DEBUG - GetErrorID result: 0,{[]},GetErrorID();
2025-08-04 18:18:55,513 - RobotController - DEBUG - GetErrorID result: 0,{[]},GetErrorID();
2025-08-04 18:18:55,622 - RobotController - DEBUG - GetErrorID result: 0,{[]},GetErrorID();
2025-08-04 18:18:55,730 - RobotController - DEBUG - GetErrorID result: 0,{[]},GetErrorID();
2025-08-04 18:18:55,836 - RobotController - DEBUG - GetErrorID result: 0,{[]},GetErrorID();
2025-08-04 18:18:55,942 - RobotController - DEBUG - GetErrorID result: 0,{[]},GetErrorID();
2025-08-04 18:18:56,050 - RobotController - DEBUG - GetErrorID result: 0,{[]},GetErrorID();
2025-08-04 18:18:56,156 - RobotController - DEBUG - GetErrorID result: 0,{[]},GetErrorID();
2025-08-04 18:18:56,265 - RobotController - DEBUG - GetErrorID result: 0,{[]},GetErrorID();
2025-08-04 18:18:56,374 - RobotController - DEBUG - GetErrorID result: 0,{[]},GetErrorID();
2025-08-04 18:18:56,480 - RobotController - DEBUG - GetErrorID result: 0,{[]},GetErrorID();
2025-08-04 18:18:56,588 - RobotController - DEBUG - GetErrorID result: 0,{[]},GetErrorID();
2025-08-04 18:18:56,697 - RobotController - DEBUG - GetErrorID result: 0,{[]},GetErrorID();
2025-08-04 18:18:56,805 - RobotController - DEBUG - GetErrorID result: 0,{[]},GetErrorID();
2025-08-04 18:18:56,914 - RobotController - DEBUG - GetErrorID result: 0,{[]},GetErrorID();
2025-08-04 18:18:57,023 - RobotController - DEBUG - GetErrorID result: 0,{[]},GetErrorID();
2025-08-04 18:18:57,127 - RobotController - DEBUG - GetErrorID result: 0,{[]},GetErrorID();
2025-08-04 18:18:57,235 - RobotController - DEBUG - GetErrorID result: 0,{[]},GetErrorID();
2025-08-04 18:18:57,342 - RobotController - DEBUG - GetErrorID result: 0,{[]},GetErrorID();
2025-08-04 18:18:57,450 - RobotController - DEBUG - GetErrorID result: 0,{[]},GetErrorID();
2025-08-04 18:18:57,556 - RobotController - DEBUG - GetErrorID result: 0,{[]},GetErrorID();
2025-08-04 18:18:57,665 - RobotController - DEBUG - GetErrorID result: 0,{[]},GetErrorID();
2025-08-04 18:18:57,773 - RobotController - DEBUG - GetErrorID result: 0,{[]},GetErrorID();
2025-08-04 18:18:57,882 - RobotController - DEBUG - GetErrorID result: 0,{[]},GetErrorID();
2025-08-04 18:18:57,991 - RobotController - DEBUG - GetErrorID result: 0,{[]},GetErrorID();
2025-08-04 18:18:58,100 - RobotController - DEBUG - GetErrorID result: 0,{[]},GetErrorID();
2025-08-04 18:18:58,207 - RobotController - DEBUG - GetErrorID result: 0,{[]},GetErrorID();
2025-08-04 18:18:58,313 - RobotController - DEBUG - GetErrorID result: 0,{[]},GetErrorID();
2025-08-04 18:18:58,418 - RobotController - DEBUG - GetErrorID result: 0,{[]},GetErrorID();
2025-08-04 18:18:58,527 - RobotController - DEBUG - GetErrorID result: 0,{[]},GetErrorID();
2025-08-04 18:18:58,636 - RobotController - DEBUG - GetErrorID result: 0,{[]},GetErrorID();
2025-08-04 18:18:58,745 - RobotController - DEBUG - GetErrorID result: 0,{[]},GetErrorID();
2025-08-04 18:18:58,854 - RobotController - DEBUG - GetErrorID result: 0,{[]},GetErrorID();
2025-08-04 18:18:58,957 - RobotController - DEBUG - GetErrorID result: 0,{[]},GetErrorID();
2025-08-04 18:18:59,066 - RobotController - DEBUG - GetErrorID result: 0,{[]},GetErrorID();
2025-08-04 18:18:59,175 - RobotController - DEBUG - GetErrorID result: 0,{[]},GetErrorID();
2025-08-04 18:18:59,281 - RobotController - DEBUG - GetErrorID result: 0,{[]},GetErrorID();
2025-08-04 18:18:59,390 - RobotController - DEBUG - GetErrorID result: 0,{[]},GetErrorID();
2025-08-04 18:18:59,498 - RobotController - DEBUG - GetErrorID result: 0,{[]},GetErrorID();
2025-08-04 18:18:59,606 - RobotController - DEBUG - GetErrorID result: 0,{[]},GetErrorID();
2025-08-04 18:18:59,714 - RobotController - DEBUG - GetErrorID result: 0,{[]},GetErrorID();
2025-08-04 18:18:59,822 - RobotController - DEBUG - GetErrorID result: 0,{[]},GetErrorID();
2025-08-04 18:18:59,932 - RobotController - DEBUG - GetErrorID result: 0,{[]},GetErrorID();
2025-08-04 18:19:00,042 - RobotController - DEBUG - GetErrorID result: 0,{[]},GetErrorID();
2025-08-04 18:19:00,150 - RobotController - DEBUG - GetErrorID result: 0,{[]},GetErrorID();
2025-08-04 18:19:00,257 - RobotController - DEBUG - GetErrorID result: 0,{[]},GetErrorID();
2025-08-04 18:19:00,366 - RobotController - DEBUG - GetErrorID result: 0,{[]},GetErrorID();
2025-08-04 18:19:00,474 - RobotController - DEBUG - GetErrorID result: 0,{[]},GetErrorID();
2025-08-04 18:19:00,583 - RobotController - DEBUG - GetErrorID result: 0,{[]},GetErrorID();
2025-08-04 18:19:00,692 - RobotController - DEBUG - GetErrorID result: 0,{[]},GetErrorID();
2025-08-04 18:19:00,801 - RobotController - DEBUG - GetErrorID result: 0,{[]},GetErrorID();
2025-08-04 18:19:00,910 - RobotController - DEBUG - GetErrorID result: 0,{[]},GetErrorID();
2025-08-04 18:19:01,019 - RobotController - DEBUG - GetErrorID result: 0,{[]},GetErrorID();
2025-08-04 18:19:01,128 - RobotController - DEBUG - GetErrorID result: 0,{[]},GetErrorID();
2025-08-04 18:19:01,234 - RobotController - DEBUG - GetErrorID result: 0,{[]},GetErrorID();
2025-08-04 18:19:01,341 - RobotController - DEBUG - GetErrorID result: 0,{[]},GetErrorID();
2025-08-04 18:19:01,447 - RobotController - DEBUG - GetErrorID result: 0,{[]},GetErrorID();
2025-08-04 18:19:01,556 - RobotController - DEBUG - GetErrorID result: 0,{[]},GetErrorID();
2025-08-04 18:19:01,661 - RobotController - DEBUG - GetErrorID result: 0,{[]},GetErrorID();
2025-08-04 18:19:01,770 - RobotController - DEBUG - GetErrorID result: 0,{[]},GetErrorID();
2025-08-04 18:19:01,876 - RobotController - DEBUG - GetErrorID result: 0,{[]},GetErrorID();
2025-08-04 18:19:01,982 - RobotController - DEBUG - GetErrorID result: 0,{[]},GetErrorID();
2025-08-04 18:19:02,091 - RobotController - DEBUG - GetErrorID result: 0,{[]},GetErrorID();
2025-08-04 18:19:02,199 - RobotController - DEBUG - GetErrorID result: 0,{[]},GetErrorID();
2025-08-04 18:19:02,308 - RobotController - DEBUG - GetErrorID result: 0,{[]},GetErrorID();
2025-08-04 18:19:02,417 - RobotController - DEBUG - GetErrorID result: 0,{[]},GetErrorID();
2025-08-04 18:19:02,525 - RobotController - DEBUG - GetErrorID result: 0,{[]},GetErrorID();
2025-08-04 18:19:02,633 - RobotController - DEBUG - GetErrorID result: 0,{[]},GetErrorID();
2025-08-04 18:19:02,741 - RobotController - DEBUG - GetErrorID result: 0,{[]},GetErrorID();
2025-08-04 18:19:02,853 - RobotController - DEBUG - GetErrorID result: 0,{[]},GetErrorID();
2025-08-04 18:19:02,960 - RobotController - DEBUG - GetErrorID result: 0,{[]},GetErrorID();
2025-08-04 18:19:03,069 - RobotController - DEBUG - GetErrorID result: 0,{[]},GetErrorID();
2025-08-04 18:19:03,174 - RobotController - DEBUG - GetErrorID result: 0,{[]},GetErrorID();
2025-08-04 18:19:03,281 - RobotController - DEBUG - GetErrorID result: 0,{[]},GetErrorID();
2025-08-04 18:19:03,388 - RobotController - DEBUG - GetErrorID result: 0,{[]},GetErrorID();
2025-08-04 18:19:03,497 - RobotController - DEBUG - GetErrorID result: 0,{[]},GetErrorID();
2025-08-04 18:19:03,606 - RobotController - DEBUG - GetErrorID result: 0,{[]},GetErrorID();
2025-08-04 18:19:03,714 - RobotController - DEBUG - GetErrorID result: 0,{[]},GetErrorID();
2025-08-04 18:19:03,823 - RobotController - DEBUG - GetErrorID result: 0,{[]},GetErrorID();
2025-08-04 18:19:03,933 - RobotController - DEBUG - GetErrorID result: 0,{[]},GetErrorID();
2025-08-04 18:19:04,039 - RobotController - DEBUG - GetErrorID result: 0,{[]},GetErrorID();
2025-08-04 18:19:04,148 - RobotController - DEBUG - GetErrorID result: 0,{[]},GetErrorID();
2025-08-04 18:19:04,254 - RobotController - DEBUG - GetErrorID result: 0,{[]},GetErrorID();
2025-08-04 18:19:04,363 - RobotController - DEBUG - GetErrorID result: 0,{[]},GetErrorID();
2025-08-04 18:19:04,472 - RobotController - DEBUG - GetErrorID result: 0,{[]},GetErrorID();
2025-08-04 18:19:04,581 - RobotController - DEBUG - GetErrorID result: 0,{[]},GetErrorID();
2025-08-04 18:19:04,688 - RobotController - DEBUG - GetErrorID result: 0,{[]},GetErrorID();
2025-08-04 18:19:04,797 - RobotController - DEBUG - GetErrorID result: 0,{[]},GetErrorID();
2025-08-04 18:19:04,907 - RobotController - DEBUG - GetErrorID result: 0,{[]},GetErrorID();
2025-08-04 18:19:05,016 - RobotController - DEBUG - GetErrorID result: 0,{[]},GetErrorID();
2025-08-04 18:19:05,124 - RobotController - DEBUG - GetErrorID result: 0,{[]},GetErrorID();
2025-08-04 18:19:05,233 - RobotController - DEBUG - GetErrorID result: 0,{[]},GetErrorID();
2025-08-04 18:19:05,341 - RobotController - DEBUG - GetErrorID result: 0,{[]},GetErrorID();
2025-08-04 18:19:05,448 - RobotController - DEBUG - GetErrorID result: 0,{[]},GetErrorID();
2025-08-04 18:19:05,556 - RobotController - DEBUG - GetErrorID result: 0,{[]},GetErrorID();
2025-08-04 18:19:05,665 - RobotController - DEBUG - GetErrorID result: 0,{[]},GetErrorID();
2025-08-04 18:19:05,774 - RobotController - DEBUG - GetErrorID result: 0,{[]},GetErrorID();
2025-08-04 18:19:05,883 - RobotController - DEBUG - GetErrorID result: 0,{[]},GetErrorID();
2025-08-04 18:19:05,990 - RobotController - DEBUG - GetErrorID result: 0,{[]},GetErrorID();
2025-08-04 18:19:06,097 - RobotController - DEBUG - GetErrorID result: 0,{[]},GetErrorID();
2025-08-04 18:19:06,206 - RobotController - DEBUG - GetErrorID result: 0,{[]},GetErrorID();
2025-08-04 18:19:06,315 - RobotController - DEBUG - GetErrorID result: 0,{[]},GetErrorID();
2025-08-04 18:19:06,423 - RobotController - DEBUG - GetErrorID result: 0,{[]},GetErrorID();
2025-08-04 18:19:06,530 - RobotController - DEBUG - GetErrorID result: 0,{[]},GetErrorID();
2025-08-04 18:19:06,638 - RobotController - DEBUG - GetErrorID result: 0,{[]},GetErrorID();
2025-08-04 18:19:06,747 - RobotController - DEBUG - GetErrorID result: 0,{[]},GetErrorID();
2025-08-04 18:19:06,855 - RobotController - DEBUG - GetErrorID result: 0,{[]},GetErrorID();
2025-08-04 18:19:06,965 - RobotController - DEBUG - GetErrorID result: 0,{[]},GetErrorID();
2025-08-04 18:19:07,074 - RobotController - DEBUG - GetErrorID result: 0,{[]},GetErrorID();
2025-08-04 18:19:07,183 - RobotController - DEBUG - GetErrorID result: 0,{[]},GetErrorID();
2025-08-04 18:19:07,293 - RobotController - DEBUG - GetErrorID result: 0,{[]},GetErrorID();
2025-08-04 18:19:07,400 - RobotController - DEBUG - GetErrorID result: 0,{[]},GetErrorID();
2025-08-04 18:19:07,509 - RobotController - DEBUG - GetErrorID result: 0,{[]},GetErrorID();
2025-08-04 18:19:07,618 - RobotController - DEBUG - GetErrorID result: 0,{[]},GetErrorID();
2025-08-04 18:19:07,723 - RobotController - DEBUG - GetErrorID result: 0,{[]},GetErrorID();
2025-08-04 18:19:07,833 - RobotController - DEBUG - GetErrorID result: 0,{[]},GetErrorID();
2025-08-04 18:19:07,937 - RobotController - DEBUG - GetErrorID result: 0,{[]},GetErrorID();
2025-08-04 18:19:08,046 - RobotController - DEBUG - GetErrorID result: 0,{[]},GetErrorID();
2025-08-04 18:19:08,153 - RobotController - DEBUG - GetErrorID result: 0,{[]},GetErrorID();
2025-08-04 18:19:08,258 - RobotController - DEBUG - GetErrorID result: 0,{[]},GetErrorID();
2025-08-04 18:19:08,369 - RobotController - DEBUG - GetErrorID result: 0,{[]},GetErrorID();
2025-08-04 18:19:08,478 - RobotController - DEBUG - GetErrorID result: 0,{[]},GetErrorID();
2025-08-04 18:19:08,587 - RobotController - DEBUG - GetErrorID result: 0,{[]},GetErrorID();
2025-08-04 18:19:08,695 - RobotController - DEBUG - GetErrorID result: 0,{[]},GetErrorID();
2025-08-04 18:19:08,805 - RobotController - DEBUG - GetErrorID result: 0,{[]},GetErrorID();
2025-08-04 18:19:08,913 - RobotController - DEBUG - GetErrorID result: 0,{[]},GetErrorID();
2025-08-04 18:19:09,023 - RobotController - DEBUG - GetErrorID result: 0,{[]},GetErrorID();
2025-08-04 18:19:09,127 - RobotController - DEBUG - GetErrorID result: 0,{[]},GetErrorID();
2025-08-04 18:19:09,237 - RobotController - DEBUG - GetErrorID result: 0,{[]},GetErrorID();
2025-08-04 18:19:09,347 - RobotController - DEBUG - GetErrorID result: 0,{[]},GetErrorID();
2025-08-04 18:19:09,457 - RobotController - DEBUG - GetErrorID result: 0,{[]},GetErrorID();
2025-08-04 18:19:09,564 - RobotController - DEBUG - GetErrorID result: 0,{[]},GetErrorID();
2025-08-04 18:19:09,672 - RobotController - DEBUG - GetErrorID result: 0,{[]},GetErrorID();
2025-08-04 18:19:09,781 - RobotController - DEBUG - GetErrorID result: 0,{[]},GetErrorID();
2025-08-04 18:19:09,891 - RobotController - DEBUG - GetErrorID result: 0,{[]},GetErrorID();
2025-08-04 18:19:09,998 - RobotController - DEBUG - GetErrorID result: 0,{[]},GetErrorID();
2025-08-04 18:19:10,107 - RobotController - DEBUG - GetErrorID result: 0,{[]},GetErrorID();
2025-08-04 18:19:10,213 - RobotController - DEBUG - GetErrorID result: 0,{[]},GetErrorID();
2025-08-04 18:19:10,322 - RobotController - DEBUG - GetErrorID result: 0,{[]},GetErrorID();
2025-08-04 18:19:10,431 - RobotController - DEBUG - GetErrorID result: 0,{[]},GetErrorID();
2025-08-04 18:19:10,541 - RobotController - DEBUG - GetErrorID result: 0,{[]},GetErrorID();
2025-08-04 18:19:10,653 - RobotController - DEBUG - GetErrorID result: 0,{[]},GetErrorID();
2025-08-04 18:19:10,760 - RobotController - DEBUG - GetErrorID result: 0,{[]},GetErrorID();
2025-08-04 18:19:10,869 - RobotController - DEBUG - GetErrorID result: 0,{[]},GetErrorID();
2025-08-04 18:19:10,979 - RobotController - DEBUG - GetErrorID result: 0,{[]},GetErrorID();
2025-08-04 18:19:11,085 - RobotController - DEBUG - GetErrorID result: 0,{[]},GetErrorID();
2025-08-04 18:19:11,194 - RobotController - DEBUG - GetErrorID result: 0,{[]},GetErrorID();
2025-08-04 18:19:11,303 - RobotController - DEBUG - GetErrorID result: 0,{[]},GetErrorID();
2025-08-04 18:19:11,410 - RobotController - DEBUG - GetErrorID result: 0,{[]},GetErrorID();
2025-08-04 18:19:11,515 - RobotController - DEBUG - GetErrorID result: 0,{[]},GetErrorID();
2025-08-04 18:19:11,622 - RobotController - DEBUG - GetErrorID result: 0,{[]},GetErrorID();
2025-08-04 18:19:11,742 - RobotController - DEBUG - GetErrorID result: 0,{[]},GetErrorID();
2025-08-04 18:19:11,851 - RobotController - DEBUG - GetErrorID result: 0,{[]},GetErrorID();
2025-08-04 18:19:11,957 - RobotController - DEBUG - GetErrorID result: 0,{[]},GetErrorID();
2025-08-04 18:19:12,068 - RobotController - DEBUG - GetErrorID result: 0,{[]},GetErrorID();
2025-08-04 18:19:12,183 - RobotController - DEBUG - GetErrorID result: 0,{[]},GetErrorID();
2025-08-04 18:19:12,292 - RobotController - DEBUG - GetErrorID result: 0,{[]},GetErrorID();
2025-08-04 18:19:12,401 - RobotController - DEBUG - GetErrorID result: 0,{[]},GetErrorID();
2025-08-04 18:19:12,506 - RobotController - DEBUG - GetErrorID result: 0,{[]},GetErrorID();
2025-08-04 18:19:12,615 - RobotController - DEBUG - GetErrorID result: 0,{[]},GetErrorID();
2025-08-04 18:19:12,724 - RobotController - DEBUG - GetErrorID result: 0,{[]},GetErrorID();
2025-08-04 18:19:12,830 - RobotController - DEBUG - GetErrorID result: 0,{[]},GetErrorID();
2025-08-04 18:19:12,940 - RobotController - DEBUG - GetErrorID result: 0,{[]},GetErrorID();
2025-08-04 18:19:13,049 - RobotController - DEBUG - GetErrorID result: 0,{[]},GetErrorID();
2025-08-04 18:19:13,157 - RobotController - DEBUG - GetErrorID result: 0,{[]},GetErrorID();
2025-08-04 18:19:13,261 - RobotController - DEBUG - GetErrorID result: 0,{[]},GetErrorID();
2025-08-04 18:19:13,372 - RobotController - DEBUG - GetErrorID result: 0,{[]},GetErrorID();
2025-08-04 18:19:13,481 - RobotController - DEBUG - GetErrorID result: 0,{[]},GetErrorID();
2025-08-04 18:19:13,591 - RobotController - DEBUG - GetErrorID result: 0,{[]},GetErrorID();
2025-08-04 18:19:13,699 - RobotController - DEBUG - GetErrorID result: 0,{[]},GetErrorID();
2025-08-04 18:19:13,804 - RobotController - DEBUG - GetErrorID result: 0,{[]},GetErrorID();
2025-08-04 18:19:13,912 - RobotController - DEBUG - GetErrorID result: 0,{[]},GetErrorID();
2025-08-04 18:19:14,021 - RobotController - DEBUG - GetErrorID result: 0,{[]},GetErrorID();
2025-08-04 18:19:14,130 - RobotController - DEBUG - GetErrorID result: 0,{[]},GetErrorID();
2025-08-04 18:19:14,239 - RobotController - DEBUG - GetErrorID result: 0,{[]},GetErrorID();
2025-08-04 18:19:14,347 - RobotController - DEBUG - GetErrorID result: 0,{[]},GetErrorID();
2025-08-04 18:19:14,453 - RobotController - DEBUG - GetErrorID result: 0,{[]},GetErrorID();
2025-08-04 18:19:14,562 - RobotController - DEBUG - GetErrorID result: 0,{[]},GetErrorID();
2025-08-04 18:19:14,671 - RobotController - DEBUG - GetErrorID result: 0,{[]},GetErrorID();
2025-08-04 18:19:14,778 - RobotController - DEBUG - GetErrorID result: 0,{[]},GetErrorID();
2025-08-04 18:19:14,886 - RobotController - DEBUG - GetErrorID result: 0,{[]},GetErrorID();
2025-08-04 18:19:14,995 - RobotController - DEBUG - GetErrorID result: 0,{[]},GetErrorID();
2025-08-04 18:19:15,102 - RobotController - DEBUG - GetErrorID result: 0,{[]},GetErrorID();
2025-08-04 18:19:15,211 - RobotController - DEBUG - GetErrorID result: 0,{[]},GetErrorID();
2025-08-04 18:19:15,316 - RobotController - DEBUG - GetErrorID result: 0,{[]},GetErrorID();
2025-08-04 18:19:15,423 - RobotController - DEBUG - GetErrorID result: 0,{[]},GetErrorID();
2025-08-04 18:19:15,532 - RobotController - DEBUG - GetErrorID result: 0,{[]},GetErrorID();
2025-08-04 18:19:15,641 - RobotController - DEBUG - GetErrorID result: 0,{[]},GetErrorID();
