2025-08-04 18:15:28,638 - RobotController - INFO - 日志文件创建: /Users/guolijing/guolijing/code/armless/dobot_new_demo/TCP-IP-Python-V4/music_dance_demo/logs/robot_controller_20250804_181528.log
2025-08-04 18:15:34,543 - RobotController - INFO - 正在连接到机器人 192.168.1.198...
2025-08-04 18:15:34,549 - RobotController - INFO - Dashboard连接成功 (端口 29999)
2025-08-04 18:15:34,552 - RobotController - INFO - Feed连接成功 (端口 30004)
2025-08-04 18:15:34,569 - RobotController - INFO - 速度设置为: 50%
2025-08-04 18:15:34,594 - RobotController - DEBUG - GetErrorID result: 0,{[]},GetErrorID();
2025-08-04 18:15:34,703 - RobotController - DEBUG - GetErrorID result: 0,{[]},GetErrorID();
2025-08-04 18:15:34,812 - RobotController - DEBUG - GetErrorID result: 0,{[]},GetErrorID();
2025-08-04 18:15:34,923 - RobotController - DEBUG - GetErrorID result: 0,{[]},GetErrorID();
2025-08-04 18:15:35,029 - RobotController - DEBUG - GetErrorID result: 0,{[]},GetErrorID();
2025-08-04 18:15:35,138 - RobotController - DEBUG - GetErrorID result: 0,{[]},GetErrorID();
2025-08-04 18:15:35,247 - RobotController - DEBUG - GetErrorID result: 0,{[]},GetErrorID();
2025-08-04 18:15:35,361 - RobotController - DEBUG - GetErrorID result: 0,{[]},GetErrorID();
2025-08-04 18:15:35,467 - RobotController - DEBUG - GetErrorID result: 0,{[]},GetErrorID();
2025-08-04 18:15:35,576 - RobotController - DEBUG - GetErrorID result: 0,{[]},GetErrorID();
2025-08-04 18:15:35,682 - RobotController - DEBUG - GetErrorID result: 0,{[]},GetErrorID();
2025-08-04 18:15:35,792 - RobotController - DEBUG - GetErrorID result: 0,{[]},GetErrorID();
2025-08-04 18:15:35,902 - RobotController - DEBUG - GetErrorID result: 0,{[]},GetErrorID();
2025-08-04 18:15:36,011 - RobotController - DEBUG - GetErrorID result: 0,{[]},GetErrorID();
2025-08-04 18:15:36,124 - RobotController - DEBUG - GetErrorID result: 0,{[]},GetErrorID();
2025-08-04 18:15:36,233 - RobotController - DEBUG - GetErrorID result: 0,{[]},GetErrorID();
2025-08-04 18:15:36,341 - RobotController - DEBUG - GetErrorID result: 0,{[]},GetErrorID();
2025-08-04 18:15:36,451 - RobotController - DEBUG - GetErrorID result: 0,{[]},GetErrorID();
2025-08-04 18:15:36,561 - RobotController - DEBUG - GetErrorID result: 0,{[]},GetErrorID();
2025-08-04 18:15:36,670 - RobotController - DEBUG - GetErrorID result: 0,{[]},GetErrorID();
2025-08-04 18:15:36,778 - RobotController - DEBUG - GetErrorID result: 0,{[]},GetErrorID();
2025-08-04 18:15:36,887 - RobotController - DEBUG - GetErrorID result: 0,{[]},GetErrorID();
2025-08-04 18:15:36,996 - RobotController - DEBUG - GetErrorID result: 0,{[]},GetErrorID();
2025-08-04 18:15:37,106 - RobotController - DEBUG - GetErrorID result: 0,{[]},GetErrorID();
2025-08-04 18:15:37,215 - RobotController - DEBUG - GetErrorID result: 0,{[]},GetErrorID();
2025-08-04 18:15:37,321 - RobotController - DEBUG - GetErrorID result: 0,{[]},GetErrorID();
2025-08-04 18:15:37,430 - RobotController - DEBUG - GetErrorID result: 0,{[]},GetErrorID();
2025-08-04 18:15:37,540 - RobotController - DEBUG - GetErrorID result: 0,{[]},GetErrorID();
2025-08-04 18:15:37,649 - RobotController - DEBUG - GetErrorID result: 0,{[]},GetErrorID();
2025-08-04 18:15:37,759 - RobotController - DEBUG - GetErrorID result: 0,{[]},GetErrorID();
2025-08-04 18:15:37,866 - RobotController - DEBUG - GetErrorID result: 0,{[]},GetErrorID();
2025-08-04 18:15:37,976 - RobotController - DEBUG - GetErrorID result: 0,{[]},GetErrorID();
2025-08-04 18:15:38,085 - RobotController - DEBUG - GetErrorID result: 0,{[]},GetErrorID();
2025-08-04 18:15:38,211 - RobotController - DEBUG - GetErrorID result: 0,{[]},GetErrorID();
2025-08-04 18:15:38,321 - RobotController - DEBUG - GetErrorID result: 0,{[]},GetErrorID();
2025-08-04 18:15:38,427 - RobotController - DEBUG - GetErrorID result: 0,{[]},GetErrorID();
2025-08-04 18:15:38,534 - RobotController - DEBUG - GetErrorID result: 0,{[]},GetErrorID();
2025-08-04 18:15:38,644 - RobotController - DEBUG - GetErrorID result: 0,{[]},GetErrorID();
2025-08-04 18:15:38,753 - RobotController - DEBUG - GetErrorID result: 0,{[]},GetErrorID();
2025-08-04 18:15:38,863 - RobotController - DEBUG - GetErrorID result: 0,{[]},GetErrorID();
2025-08-04 18:15:38,973 - RobotController - DEBUG - GetErrorID result: 0,{[]},GetErrorID();
2025-08-04 18:15:39,082 - RobotController - DEBUG - GetErrorID result: 0,{[]},GetErrorID();
2025-08-04 18:15:39,191 - RobotController - DEBUG - GetErrorID result: 0,{[]},GetErrorID();
2025-08-04 18:15:39,297 - RobotController - DEBUG - GetErrorID result: 0,{[]},GetErrorID();
2025-08-04 18:15:39,406 - RobotController - DEBUG - GetErrorID result: 0,{[]},GetErrorID();
2025-08-04 18:15:39,522 - RobotController - DEBUG - GetErrorID result: 0,{[]},GetErrorID();
2025-08-04 18:15:39,633 - RobotController - DEBUG - GetErrorID result: 0,{[]},GetErrorID();
2025-08-04 18:15:39,742 - RobotController - DEBUG - GetErrorID result: 0,{[]},GetErrorID();
2025-08-04 18:15:39,848 - RobotController - DEBUG - GetErrorID result: 0,{[]},GetErrorID();
2025-08-04 18:15:39,956 - RobotController - DEBUG - GetErrorID result: 0,{[]},GetErrorID();
2025-08-04 18:15:40,064 - RobotController - DEBUG - GetErrorID result: 0,{[]},GetErrorID();
2025-08-04 18:15:40,174 - RobotController - DEBUG - GetErrorID result: 0,{[]},GetErrorID();
2025-08-04 18:15:40,283 - RobotController - DEBUG - GetErrorID result: 0,{[]},GetErrorID();
2025-08-04 18:15:40,393 - RobotController - DEBUG - GetErrorID result: 0,{[]},GetErrorID();
2025-08-04 18:15:40,497 - RobotController - DEBUG - GetErrorID result: 0,{[]},GetErrorID();
2025-08-04 18:15:40,606 - RobotController - DEBUG - GetErrorID result: 0,{[]},GetErrorID();
2025-08-04 18:15:40,715 - RobotController - DEBUG - GetErrorID result: 0,{[]},GetErrorID();
2025-08-04 18:15:40,825 - RobotController - DEBUG - GetErrorID result: 0,{[]},GetErrorID();
2025-08-04 18:15:40,940 - RobotController - DEBUG - GetErrorID result: 0,{[]},GetErrorID();
2025-08-04 18:15:41,049 - RobotController - DEBUG - GetErrorID result: 0,{[]},GetErrorID();
2025-08-04 18:15:41,159 - RobotController - DEBUG - GetErrorID result: 0,{[]},GetErrorID();
2025-08-04 18:15:42,084 - RobotController - DEBUG - EnableRobot result: 0,{},EnableRobot();
2025-08-04 18:15:43,610 - RobotController - INFO - 机器人启用成功
2025-08-04 18:15:43,612 - RobotController - INFO - 正在移动到初始位置: [0, 45, 45, 0, 90, 0]
2025-08-04 18:15:43,629 - RobotController - DEBUG - 执行MovJ命令，速度: 50%
2025-08-04 18:15:43,633 - RobotController - DEBUG - GetErrorID result: 0,{[]},GetErrorID();
2025-08-04 18:15:43,738 - RobotController - DEBUG - GetErrorID result: 0,{[]},GetErrorID();
2025-08-04 18:15:43,843 - RobotController - DEBUG - GetErrorID result: 0,{[]},GetErrorID();
2025-08-04 18:15:43,952 - RobotController - DEBUG - GetErrorID result: 0,{[]},GetErrorID();
2025-08-04 18:15:44,062 - RobotController - DEBUG - GetErrorID result: 0,{[]},GetErrorID();
2025-08-04 18:15:44,169 - RobotController - DEBUG - GetErrorID result: 0,{[]},GetErrorID();
2025-08-04 18:15:44,279 - RobotController - DEBUG - GetErrorID result: 0,{[]},GetErrorID();
2025-08-04 18:15:44,385 - RobotController - DEBUG - GetErrorID result: 0,{[]},GetErrorID();
2025-08-04 18:15:44,493 - RobotController - DEBUG - GetErrorID result: 0,{[]},GetErrorID();
2025-08-04 18:15:44,600 - RobotController - DEBUG - GetErrorID result: 0,{[]},GetErrorID();
2025-08-04 18:15:44,706 - RobotController - DEBUG - GetErrorID result: 0,{[]},GetErrorID();
2025-08-04 18:15:44,816 - RobotController - DEBUG - GetErrorID result: 0,{[]},GetErrorID();
2025-08-04 18:15:44,925 - RobotController - DEBUG - GetErrorID result: 0,{[]},GetErrorID();
2025-08-04 18:15:45,035 - RobotController - DEBUG - GetErrorID result: 0,{[]},GetErrorID();
2025-08-04 18:15:45,144 - RobotController - DEBUG - GetErrorID result: 0,{[]},GetErrorID();
2025-08-04 18:15:45,249 - RobotController - DEBUG - GetErrorID result: 0,{[]},GetErrorID();
2025-08-04 18:15:45,354 - RobotController - DEBUG - GetErrorID result: 0,{[]},GetErrorID();
2025-08-04 18:15:45,463 - RobotController - DEBUG - GetErrorID result: 0,{[]},GetErrorID();
2025-08-04 18:15:45,568 - RobotController - DEBUG - GetErrorID result: 0,{[]},GetErrorID();
2025-08-04 18:15:45,678 - RobotController - DEBUG - GetErrorID result: 0,{[]},GetErrorID();
2025-08-04 18:15:45,788 - RobotController - DEBUG - GetErrorID result: 0,{[]},GetErrorID();
2025-08-04 18:15:45,894 - RobotController - DEBUG - GetErrorID result: 0,{[]},GetErrorID();
2025-08-04 18:15:46,004 - RobotController - DEBUG - GetErrorID result: 0,{[]},GetErrorID();
2025-08-04 18:15:46,113 - RobotController - DEBUG - GetErrorID result: 0,{[]},GetErrorID();
2025-08-04 18:15:46,222 - RobotController - DEBUG - GetErrorID result: 0,{[]},GetErrorID();
2025-08-04 18:15:46,331 - RobotController - DEBUG - GetErrorID result: 0,{[]},GetErrorID();
2025-08-04 18:15:46,439 - RobotController - DEBUG - GetErrorID result: 0,{[]},GetErrorID();
2025-08-04 18:15:46,544 - RobotController - DEBUG - GetErrorID result: 0,{[]},GetErrorID();
2025-08-04 18:15:46,634 - RobotController - INFO - 已到达初始位置
2025-08-04 18:15:46,664 - RobotController - DEBUG - GetErrorID result: 0,{[]},GetErrorID();
2025-08-04 18:15:46,773 - RobotController - DEBUG - GetErrorID result: 0,{[]},GetErrorID();
2025-08-04 18:15:46,883 - RobotController - DEBUG - GetErrorID result: 0,{[]},GetErrorID();
2025-08-04 18:15:46,988 - RobotController - DEBUG - GetErrorID result: 0,{[]},GetErrorID();
2025-08-04 18:15:47,095 - RobotController - DEBUG - GetErrorID result: 0,{[]},GetErrorID();
2025-08-04 18:15:47,205 - RobotController - DEBUG - GetErrorID result: 0,{[]},GetErrorID();
2025-08-04 18:15:47,314 - RobotController - DEBUG - GetErrorID result: 0,{[]},GetErrorID();
2025-08-04 18:15:47,423 - RobotController - DEBUG - GetErrorID result: 0,{[]},GetErrorID();
2025-08-04 18:15:47,532 - RobotController - DEBUG - GetErrorID result: 0,{[]},GetErrorID();
2025-08-04 18:15:47,641 - RobotController - DEBUG - GetErrorID result: 0,{[]},GetErrorID();
2025-08-04 18:15:47,749 - RobotController - DEBUG - GetErrorID result: 0,{[]},GetErrorID();
2025-08-04 18:15:47,859 - RobotController - DEBUG - GetErrorID result: 0,{[]},GetErrorID();
2025-08-04 18:15:47,967 - RobotController - DEBUG - GetErrorID result: 0,{[]},GetErrorID();
2025-08-04 18:15:48,076 - RobotController - DEBUG - GetErrorID result: 0,{[]},GetErrorID();
2025-08-04 18:15:48,187 - RobotController - DEBUG - GetErrorID result: 0,{[]},GetErrorID();
2025-08-04 18:15:48,294 - RobotController - DEBUG - GetErrorID result: 0,{[]},GetErrorID();
2025-08-04 18:15:48,403 - RobotController - DEBUG - GetErrorID result: 0,{[]},GetErrorID();
2025-08-04 18:15:48,510 - RobotController - DEBUG - GetErrorID result: 0,{[]},GetErrorID();
2025-08-04 18:15:48,620 - RobotController - DEBUG - GetErrorID result: 0,{[]},GetErrorID();
2025-08-04 18:15:48,726 - RobotController - DEBUG - GetErrorID result: 0,{[]},GetErrorID();
2025-08-04 18:15:48,835 - RobotController - DEBUG - GetErrorID result: 0,{[]},GetErrorID();
2025-08-04 18:15:48,943 - RobotController - DEBUG - GetErrorID result: 0,{[]},GetErrorID();
2025-08-04 18:15:49,052 - RobotController - DEBUG - GetErrorID result: 0,{[]},GetErrorID();
2025-08-04 18:15:49,161 - RobotController - DEBUG - GetErrorID result: 0,{[]},GetErrorID();
2025-08-04 18:15:49,266 - RobotController - DEBUG - GetErrorID result: 0,{[]},GetErrorID();
2025-08-04 18:15:49,371 - RobotController - DEBUG - GetErrorID result: 0,{[]},GetErrorID();
2025-08-04 18:15:49,477 - RobotController - DEBUG - GetErrorID result: 0,{[]},GetErrorID();
2025-08-04 18:15:49,586 - RobotController - DEBUG - GetErrorID result: 0,{[]},GetErrorID();
2025-08-04 18:15:49,695 - RobotController - DEBUG - GetErrorID result: 0,{[]},GetErrorID();
2025-08-04 18:15:49,802 - RobotController - DEBUG - GetErrorID result: 0,{[]},GetErrorID();
2025-08-04 18:15:49,910 - RobotController - DEBUG - GetErrorID result: 0,{[]},GetErrorID();
2025-08-04 18:15:50,019 - RobotController - DEBUG - GetErrorID result: 0,{[]},GetErrorID();
2025-08-04 18:15:50,126 - RobotController - DEBUG - GetErrorID result: 0,{[]},GetErrorID();
2025-08-04 18:15:50,259 - RobotController - DEBUG - GetErrorID result: 0,{[]},GetErrorID();
2025-08-04 18:15:50,372 - RobotController - DEBUG - 执行移动命令: MovL(-349.9985694885254,0.0,200.00286102294922,180.0,0.0,0.0,speed=50)
2025-08-04 18:15:50,376 - RobotController - DEBUG - GetErrorID result: 0,{[]},GetErrorID();
2025-08-04 18:15:50,420 - RobotController - DEBUG - 执行移动命令: MovL(-322.47254848480225,0.0,255.0549030303955,180.0,0.0,0.0,speed=50)
2025-08-04 18:15:50,485 - RobotController - DEBUG - 执行移动命令: MovL(-300.0,0.0,300.0,179.56344842910767,0.6548273563385006,0.0,speed=50)
2025-08-04 18:15:50,491 - RobotController - DEBUG - GetErrorID result: 0,{[]},GetErrorID();
2025-08-04 18:15:50,532 - RobotController - DEBUG - 执行移动命令: MovL(-300.0,0.0,300.0,176.91595315933228,4.626070261001587,0.0,speed=50)
2025-08-04 18:15:50,580 - RobotController - DEBUG - 执行移动命令: MovL(-300.0,0.0,300.0,174.16319608688354,8.755205869674683,0.0,speed=50)
2025-08-04 18:15:50,600 - RobotController - DEBUG - GetErrorID result: 0,{[]},GetErrorID();
2025-08-04 18:15:50,636 - RobotController - DEBUG - 执行移动命令: MovL(-300.0,0.0,300.0,171.41114234924316,12.883286476135254,0.0,speed=50)
2025-08-04 18:15:50,695 - RobotController - DEBUG - 执行移动命令: MovL(-300.0,0.0,300.0,172.64288902282715,11.035666465759276,0.0,speed=50)
2025-08-04 18:15:50,710 - RobotController - DEBUG - GetErrorID result: 0,{[]},GetErrorID();
2025-08-04 18:15:50,741 - RobotController - DEBUG - 执行移动命令: MovL(-300.0,0.0,300.0,178.04259300231934,2.9361104965209943,0.0,speed=50)
2025-08-04 18:15:50,804 - RobotController - DEBUG - 执行移动命令: MovL(-300.0,0.0,300.0,183.55111122131348,-5.326666831970215,0.0,speed=50)
2025-08-04 18:15:50,817 - RobotController - DEBUG - GetErrorID result: 0,{[]},GetErrorID();
2025-08-04 18:15:50,847 - RobotController - DEBUG - 执行移动命令: MovL(-300.0,0.0,300.0,188.72808456420898,-13.092126846313477,0.0,speed=50)
2025-08-04 18:15:50,908 - RobotController - DEBUG - 执行移动命令: MovL(-300.0,0.0,300.0,185.76590061187744,-8.64885091781616,0.0,speed=50)
2025-08-04 18:15:50,924 - RobotController - DEBUG - GetErrorID result: 0,{[]},GetErrorID();
2025-08-04 18:15:50,964 - RobotController - DEBUG - 执行移动命令: MovL(-300.0,0.0,300.0,180.3771162033081,-0.5656743049621547,0.0,speed=50)
2025-08-04 18:15:51,012 - RobotController - DEBUG - 执行移动命令: MovL(-300.0,0.0,300.0,174.87000465393066,7.694993019104011,0.0,speed=50)
2025-08-04 18:15:51,030 - RobotController - DEBUG - GetErrorID result: 0,{[]},GetErrorID();
2025-08-04 18:15:51,068 - RobotController - DEBUG - 执行移动命令: MovL(-300.0,0.0,300.0,170.31895875930786,14.521561861038204,0.0,speed=50)
2025-08-04 18:15:51,128 - RobotController - DEBUG - 执行移动命令: MovL(-300.0,0.0,300.0,173.02789449691772,10.458158254623411,0.0,speed=50)
2025-08-04 18:15:51,135 - RobotController - DEBUG - GetErrorID result: 0,{[]},GetErrorID();
2025-08-04 18:15:51,180 - RobotController - DEBUG - 执行移动命令: MovL(-300.0,0.0,300.0,175.77980518341064,6.330292224884033,0.0,speed=50)
2025-08-04 18:15:51,228 - RobotController - DEBUG - 执行移动命令: MovL(-300.0,0.0,300.0,178.41449737548828,2.37825393676758,0.0,speed=50)
2025-08-04 18:15:51,241 - RobotController - DEBUG - GetErrorID result: 0,{[]},GetErrorID();
2025-08-04 18:15:51,284 - RobotController - DEBUG - 执行移动命令: MovL(-311.3078832626343,0.0,277.38423347473145,180.0,0.0,0.0,speed=50)
2025-08-04 18:15:51,344 - RobotController - DEBUG - 执行移动命令: MovL(-336.3854646682739,0.0,227.22907066345215,180.0,0.0,0.0,speed=50)
2025-08-04 18:15:51,346 - RobotController - DEBUG - GetErrorID result: 0,{[]},GetErrorID();
2025-08-04 18:15:51,455 - RobotController - DEBUG - GetErrorID result: 0,{[]},GetErrorID();
2025-08-04 18:15:51,563 - RobotController - DEBUG - GetErrorID result: 0,{[]},GetErrorID();
2025-08-04 18:15:51,672 - RobotController - DEBUG - GetErrorID result: 0,{[]},GetErrorID();
2025-08-04 18:15:51,781 - RobotController - DEBUG - GetErrorID result: 0,{[]},GetErrorID();
2025-08-04 18:15:51,889 - RobotController - DEBUG - GetErrorID result: 0,{[]},GetErrorID();
2025-08-04 18:15:51,997 - RobotController - DEBUG - GetErrorID result: 0,{[]},GetErrorID();
2025-08-04 18:15:52,106 - RobotController - DEBUG - GetErrorID result: 0,{[]},GetErrorID();
2025-08-04 18:15:52,214 - RobotController - DEBUG - GetErrorID result: 0,{[]},GetErrorID();
2025-08-04 18:15:52,323 - RobotController - DEBUG - GetErrorID result: 0,{[]},GetErrorID();
2025-08-04 18:15:52,430 - RobotController - DEBUG - GetErrorID result: 0,{[]},GetErrorID();
2025-08-04 18:15:52,539 - RobotController - DEBUG - GetErrorID result: 0,{[]},GetErrorID();
2025-08-04 18:15:52,646 - RobotController - DEBUG - GetErrorID result: 0,{[]},GetErrorID();
2025-08-04 18:15:52,756 - RobotController - DEBUG - GetErrorID result: 0,{[]},GetErrorID();
2025-08-04 18:15:52,866 - RobotController - DEBUG - GetErrorID result: 0,{[]},GetErrorID();
2025-08-04 18:15:52,975 - RobotController - DEBUG - GetErrorID result: 0,{[]},GetErrorID();
2025-08-04 18:15:53,083 - RobotController - DEBUG - GetErrorID result: 0,{[]},GetErrorID();
2025-08-04 18:15:53,193 - RobotController - DEBUG - GetErrorID result: 0,{[]},GetErrorID();
2025-08-04 18:15:53,302 - RobotController - DEBUG - GetErrorID result: 0,{[]},GetErrorID();
2025-08-04 18:15:53,409 - RobotController - DEBUG - GetErrorID result: 0,{[]},GetErrorID();
2025-08-04 18:15:53,514 - RobotController - DEBUG - GetErrorID result: 0,{[]},GetErrorID();
2025-08-04 18:15:53,619 - RobotController - DEBUG - GetErrorID result: 0,{[]},GetErrorID();
2025-08-04 18:15:53,728 - RobotController - DEBUG - GetErrorID result: 0,{[]},GetErrorID();
2025-08-04 18:15:53,837 - RobotController - DEBUG - GetErrorID result: 0,{[]},GetErrorID();
2025-08-04 18:15:53,942 - RobotController - DEBUG - GetErrorID result: 0,{[]},GetErrorID();
2025-08-04 18:15:54,046 - RobotController - DEBUG - GetErrorID result: 0,{[]},GetErrorID();
2025-08-04 18:15:54,154 - RobotController - DEBUG - GetErrorID result: 0,{[]},GetErrorID();
2025-08-04 18:15:54,263 - RobotController - DEBUG - GetErrorID result: 0,{[]},GetErrorID();
2025-08-04 18:15:54,369 - RobotController - DEBUG - GetErrorID result: 0,{[]},GetErrorID();
2025-08-04 18:15:54,476 - RobotController - DEBUG - GetErrorID result: 0,{[]},GetErrorID();
2025-08-04 18:15:54,580 - RobotController - DEBUG - GetErrorID result: 0,{[]},GetErrorID();
2025-08-04 18:15:54,689 - RobotController - DEBUG - GetErrorID result: 0,{[]},GetErrorID();
2025-08-04 18:15:54,797 - RobotController - DEBUG - GetErrorID result: 0,{[]},GetErrorID();
2025-08-04 18:15:54,906 - RobotController - DEBUG - GetErrorID result: 0,{[]},GetErrorID();
2025-08-04 18:15:55,015 - RobotController - DEBUG - GetErrorID result: 0,{[]},GetErrorID();
2025-08-04 18:15:55,123 - RobotController - DEBUG - GetErrorID result: 0,{[]},GetErrorID();
2025-08-04 18:15:55,230 - RobotController - DEBUG - GetErrorID result: 0,{[]},GetErrorID();
2025-08-04 18:15:55,339 - RobotController - DEBUG - GetErrorID result: 0,{[]},GetErrorID();
2025-08-04 18:15:55,449 - RobotController - DEBUG - GetErrorID result: 0,{[]},GetErrorID();
2025-08-04 18:15:55,554 - RobotController - DEBUG - GetErrorID result: 0,{[]},GetErrorID();
2025-08-04 18:15:55,659 - RobotController - DEBUG - GetErrorID result: 0,{[]},GetErrorID();
2025-08-04 18:15:55,764 - RobotController - DEBUG - GetErrorID result: 0,{[]},GetErrorID();
2025-08-04 18:15:55,870 - RobotController - DEBUG - GetErrorID result: 0,{[]},GetErrorID();
2025-08-04 18:15:55,979 - RobotController - DEBUG - GetErrorID result: 0,{[]},GetErrorID();
2025-08-04 18:15:56,087 - RobotController - DEBUG - GetErrorID result: 0,{[]},GetErrorID();
2025-08-04 18:15:56,192 - RobotController - DEBUG - GetErrorID result: 0,{[]},GetErrorID();
2025-08-04 18:15:56,299 - RobotController - DEBUG - GetErrorID result: 0,{[]},GetErrorID();
2025-08-04 18:15:56,408 - RobotController - DEBUG - GetErrorID result: 0,{[]},GetErrorID();
2025-08-04 18:15:56,515 - RobotController - DEBUG - GetErrorID result: 0,{[]},GetErrorID();
2025-08-04 18:15:56,623 - RobotController - DEBUG - GetErrorID result: 0,{[]},GetErrorID();
2025-08-04 18:15:56,732 - RobotController - DEBUG - GetErrorID result: 0,{[]},GetErrorID();
2025-08-04 18:15:56,841 - RobotController - DEBUG - GetErrorID result: 0,{[]},GetErrorID();
2025-08-04 18:15:56,951 - RobotController - DEBUG - GetErrorID result: 0,{[]},GetErrorID();
2025-08-04 18:15:57,058 - RobotController - DEBUG - GetErrorID result: 0,{[]},GetErrorID();
2025-08-04 18:15:57,167 - RobotController - DEBUG - GetErrorID result: 0,{[]},GetErrorID();
2025-08-04 18:15:57,276 - RobotController - DEBUG - GetErrorID result: 0,{[]},GetErrorID();
2025-08-04 18:15:57,382 - RobotController - DEBUG - GetErrorID result: 0,{[]},GetErrorID();
2025-08-04 18:15:57,491 - RobotController - DEBUG - GetErrorID result: 0,{[]},GetErrorID();
2025-08-04 18:15:57,598 - RobotController - DEBUG - GetErrorID result: 0,{[]},GetErrorID();
2025-08-04 18:15:57,706 - RobotController - DEBUG - GetErrorID result: 0,{[]},GetErrorID();
2025-08-04 18:15:57,815 - RobotController - DEBUG - GetErrorID result: 0,{[]},GetErrorID();
2025-08-04 18:15:57,923 - RobotController - DEBUG - GetErrorID result: 0,{[]},GetErrorID();
2025-08-04 18:15:58,031 - RobotController - DEBUG - GetErrorID result: 0,{[]},GetErrorID();
2025-08-04 18:15:58,138 - RobotController - DEBUG - GetErrorID result: 0,{[]},GetErrorID();
2025-08-04 18:15:58,245 - RobotController - DEBUG - GetErrorID result: 0,{[]},GetErrorID();
2025-08-04 18:15:58,354 - RobotController - DEBUG - GetErrorID result: 0,{[]},GetErrorID();
2025-08-04 18:15:58,461 - RobotController - DEBUG - GetErrorID result: 0,{[]},GetErrorID();
2025-08-04 18:15:58,569 - RobotController - DEBUG - GetErrorID result: 0,{[]},GetErrorID();
2025-08-04 18:15:58,676 - RobotController - DEBUG - GetErrorID result: 0,{[]},GetErrorID();
2025-08-04 18:15:58,786 - RobotController - DEBUG - GetErrorID result: 0,{[]},GetErrorID();
2025-08-04 18:15:58,893 - RobotController - DEBUG - GetErrorID result: 0,{[]},GetErrorID();
2025-08-04 18:15:59,001 - RobotController - DEBUG - GetErrorID result: 0,{[]},GetErrorID();
2025-08-04 18:15:59,109 - RobotController - DEBUG - GetErrorID result: 0,{[]},GetErrorID();
2025-08-04 18:15:59,218 - RobotController - DEBUG - GetErrorID result: 0,{[]},GetErrorID();
2025-08-04 18:15:59,327 - RobotController - DEBUG - GetErrorID result: 0,{[]},GetErrorID();
2025-08-04 18:15:59,432 - RobotController - DEBUG - GetErrorID result: 0,{[]},GetErrorID();
2025-08-04 18:15:59,541 - RobotController - DEBUG - GetErrorID result: 0,{[]},GetErrorID();
2025-08-04 18:15:59,650 - RobotController - DEBUG - GetErrorID result: 0,{[]},GetErrorID();
2025-08-04 18:15:59,757 - RobotController - DEBUG - GetErrorID result: 0,{[]},GetErrorID();
2025-08-04 18:15:59,865 - RobotController - DEBUG - GetErrorID result: 0,{[]},GetErrorID();
2025-08-04 18:15:59,974 - RobotController - DEBUG - GetErrorID result: 0,{[]},GetErrorID();
2025-08-04 18:16:00,083 - RobotController - DEBUG - GetErrorID result: 0,{[]},GetErrorID();
2025-08-04 18:16:00,192 - RobotController - DEBUG - GetErrorID result: 0,{[]},GetErrorID();
2025-08-04 18:16:00,298 - RobotController - DEBUG - GetErrorID result: 0,{[]},GetErrorID();
2025-08-04 18:16:00,407 - RobotController - DEBUG - GetErrorID result: 0,{[]},GetErrorID();
2025-08-04 18:16:00,517 - RobotController - DEBUG - GetErrorID result: 0,{[]},GetErrorID();
2025-08-04 18:16:00,625 - RobotController - DEBUG - GetErrorID result: 0,{[]},GetErrorID();
2025-08-04 18:16:00,734 - RobotController - DEBUG - GetErrorID result: 0,{[]},GetErrorID();
2025-08-04 18:16:00,844 - RobotController - DEBUG - GetErrorID result: 0,{[]},GetErrorID();
2025-08-04 18:16:00,951 - RobotController - DEBUG - GetErrorID result: 0,{[]},GetErrorID();
2025-08-04 18:16:01,059 - RobotController - DEBUG - GetErrorID result: 0,{[]},GetErrorID();
2025-08-04 18:16:01,168 - RobotController - DEBUG - GetErrorID result: 0,{[]},GetErrorID();
2025-08-04 18:16:01,277 - RobotController - DEBUG - GetErrorID result: 0,{[]},GetErrorID();
2025-08-04 18:16:01,386 - RobotController - DEBUG - GetErrorID result: 0,{[]},GetErrorID();
2025-08-04 18:16:01,493 - RobotController - DEBUG - GetErrorID result: 0,{[]},GetErrorID();
2025-08-04 18:16:01,597 - RobotController - DEBUG - GetErrorID result: 0,{[]},GetErrorID();
2025-08-04 18:16:01,705 - RobotController - DEBUG - GetErrorID result: 0,{[]},GetErrorID();
2025-08-04 18:16:01,810 - RobotController - DEBUG - GetErrorID result: 0,{[]},GetErrorID();
2025-08-04 18:16:01,919 - RobotController - DEBUG - GetErrorID result: 0,{[]},GetErrorID();
2025-08-04 18:16:02,029 - RobotController - DEBUG - GetErrorID result: 0,{[]},GetErrorID();
2025-08-04 18:16:02,138 - RobotController - DEBUG - GetErrorID result: 0,{[]},GetErrorID();
2025-08-04 18:16:02,246 - RobotController - DEBUG - GetErrorID result: 0,{[]},GetErrorID();
2025-08-04 18:16:02,351 - RobotController - DEBUG - GetErrorID result: 0,{[]},GetErrorID();
2025-08-04 18:16:02,455 - RobotController - DEBUG - GetErrorID result: 0,{[]},GetErrorID();
2025-08-04 18:16:02,564 - RobotController - DEBUG - GetErrorID result: 0,{[]},GetErrorID();
2025-08-04 18:16:02,673 - RobotController - DEBUG - GetErrorID result: 0,{[]},GetErrorID();
2025-08-04 18:16:02,781 - RobotController - DEBUG - GetErrorID result: 0,{[]},GetErrorID();
2025-08-04 18:16:02,890 - RobotController - DEBUG - GetErrorID result: 0,{[]},GetErrorID();
2025-08-04 18:16:02,999 - RobotController - DEBUG - GetErrorID result: 0,{[]},GetErrorID();
2025-08-04 18:16:03,126 - RobotController - DEBUG - GetErrorID result: 0,{[]},GetErrorID();
2025-08-04 18:16:03,236 - RobotController - DEBUG - GetErrorID result: 0,{[]},GetErrorID();
2025-08-04 18:16:03,344 - RobotController - DEBUG - GetErrorID result: 0,{[]},GetErrorID();
2025-08-04 18:16:03,453 - RobotController - DEBUG - GetErrorID result: 0,{[]},GetErrorID();
2025-08-04 18:16:03,562 - RobotController - DEBUG - GetErrorID result: 0,{[]},GetErrorID();
2025-08-04 18:16:03,671 - RobotController - DEBUG - GetErrorID result: 0,{[]},GetErrorID();
2025-08-04 18:16:03,781 - RobotController - DEBUG - GetErrorID result: 0,{[]},GetErrorID();
2025-08-04 18:16:03,890 - RobotController - DEBUG - GetErrorID result: 0,{[]},GetErrorID();
2025-08-04 18:16:03,997 - RobotController - DEBUG - GetErrorID result: 0,{[]},GetErrorID();
2025-08-04 18:16:04,105 - RobotController - DEBUG - GetErrorID result: 0,{[]},GetErrorID();
2025-08-04 18:16:04,213 - RobotController - DEBUG - GetErrorID result: 0,{[]},GetErrorID();
2025-08-04 18:16:04,322 - RobotController - DEBUG - GetErrorID result: 0,{[]},GetErrorID();
2025-08-04 18:16:04,431 - RobotController - DEBUG - GetErrorID result: 0,{[]},GetErrorID();
2025-08-04 18:16:04,539 - RobotController - DEBUG - GetErrorID result: 0,{[]},GetErrorID();
2025-08-04 18:16:04,648 - RobotController - DEBUG - GetErrorID result: 0,{[]},GetErrorID();
2025-08-04 18:16:04,752 - RobotController - DEBUG - GetErrorID result: 0,{[]},GetErrorID();
2025-08-04 18:16:04,861 - RobotController - DEBUG - GetErrorID result: 0,{[]},GetErrorID();
2025-08-04 18:16:04,970 - RobotController - DEBUG - GetErrorID result: 0,{[]},GetErrorID();
2025-08-04 18:16:05,075 - RobotController - DEBUG - GetErrorID result: 0,{[]},GetErrorID();
2025-08-04 18:16:05,184 - RobotController - DEBUG - GetErrorID result: 0,{[]},GetErrorID();
2025-08-04 18:16:05,294 - RobotController - DEBUG - GetErrorID result: 0,{[]},GetErrorID();
2025-08-04 18:16:05,403 - RobotController - DEBUG - GetErrorID result: 0,{[]},GetErrorID();
2025-08-04 18:16:05,511 - RobotController - DEBUG - GetErrorID result: 0,{[]},GetErrorID();
2025-08-04 18:16:05,619 - RobotController - DEBUG - GetErrorID result: 0,{[]},GetErrorID();
2025-08-04 18:16:05,727 - RobotController - DEBUG - GetErrorID result: 0,{[]},GetErrorID();
2025-08-04 18:16:05,833 - RobotController - DEBUG - GetErrorID result: 0,{[]},GetErrorID();
2025-08-04 18:16:05,941 - RobotController - DEBUG - GetErrorID result: 0,{[]},GetErrorID();
2025-08-04 18:16:06,051 - RobotController - DEBUG - GetErrorID result: 0,{[]},GetErrorID();
2025-08-04 18:16:06,162 - RobotController - DEBUG - GetErrorID result: 0,{[]},GetErrorID();
2025-08-04 18:16:06,270 - RobotController - DEBUG - GetErrorID result: 0,{[]},GetErrorID();
2025-08-04 18:16:06,379 - RobotController - DEBUG - GetErrorID result: 0,{[]},GetErrorID();
2025-08-04 18:16:06,486 - RobotController - DEBUG - GetErrorID result: 0,{[]},GetErrorID();
2025-08-04 18:16:06,595 - RobotController - DEBUG - GetErrorID result: 0,{[]},GetErrorID();
2025-08-04 18:16:06,704 - RobotController - DEBUG - GetErrorID result: 0,{[]},GetErrorID();
2025-08-04 18:16:06,812 - RobotController - DEBUG - GetErrorID result: 0,{[]},GetErrorID();
2025-08-04 18:16:06,919 - RobotController - DEBUG - GetErrorID result: 0,{[]},GetErrorID();
2025-08-04 18:16:07,028 - RobotController - DEBUG - GetErrorID result: 0,{[]},GetErrorID();
2025-08-04 18:16:07,135 - RobotController - DEBUG - GetErrorID result: 0,{[]},GetErrorID();
2025-08-04 18:16:07,244 - RobotController - DEBUG - GetErrorID result: 0,{[]},GetErrorID();
2025-08-04 18:16:07,349 - RobotController - DEBUG - GetErrorID result: 0,{[]},GetErrorID();
2025-08-04 18:16:07,454 - RobotController - DEBUG - GetErrorID result: 0,{[]},GetErrorID();
2025-08-04 18:16:07,561 - RobotController - DEBUG - GetErrorID result: 0,{[]},GetErrorID();
2025-08-04 18:16:07,670 - RobotController - DEBUG - GetErrorID result: 0,{[]},GetErrorID();
2025-08-04 18:16:07,778 - RobotController - DEBUG - GetErrorID result: 0,{[]},GetErrorID();
2025-08-04 18:16:07,888 - RobotController - DEBUG - GetErrorID result: 0,{[]},GetErrorID();
2025-08-04 18:16:07,996 - RobotController - DEBUG - GetErrorID result: 0,{[]},GetErrorID();
2025-08-04 18:16:08,105 - RobotController - DEBUG - GetErrorID result: 0,{[]},GetErrorID();
2025-08-04 18:16:08,212 - RobotController - DEBUG - GetErrorID result: 0,{[]},GetErrorID();
2025-08-04 18:16:08,318 - RobotController - DEBUG - GetErrorID result: 0,{[]},GetErrorID();
2025-08-04 18:16:08,426 - RobotController - DEBUG - GetErrorID result: 0,{[]},GetErrorID();
2025-08-04 18:16:08,534 - RobotController - DEBUG - GetErrorID result: 0,{[]},GetErrorID();
2025-08-04 18:16:08,643 - RobotController - DEBUG - GetErrorID result: 0,{[]},GetErrorID();
2025-08-04 18:16:08,752 - RobotController - DEBUG - GetErrorID result: 0,{[]},GetErrorID();
2025-08-04 18:16:08,861 - RobotController - DEBUG - GetErrorID result: 0,{[]},GetErrorID();
2025-08-04 18:16:08,969 - RobotController - DEBUG - GetErrorID result: 0,{[]},GetErrorID();
2025-08-04 18:16:09,078 - RobotController - DEBUG - GetErrorID result: 0,{[]},GetErrorID();
2025-08-04 18:16:09,187 - RobotController - DEBUG - GetErrorID result: 0,{[]},GetErrorID();
2025-08-04 18:16:09,292 - RobotController - DEBUG - GetErrorID result: 0,{[]},GetErrorID();
2025-08-04 18:16:09,400 - RobotController - DEBUG - GetErrorID result: 0,{[]},GetErrorID();
2025-08-04 18:16:09,509 - RobotController - DEBUG - GetErrorID result: 0,{[]},GetErrorID();
2025-08-04 18:16:09,619 - RobotController - DEBUG - GetErrorID result: 0,{[]},GetErrorID();
2025-08-04 18:16:09,728 - RobotController - DEBUG - GetErrorID result: 0,{[]},GetErrorID();
2025-08-04 18:16:09,834 - RobotController - DEBUG - GetErrorID result: 0,{[]},GetErrorID();
2025-08-04 18:16:09,944 - RobotController - DEBUG - GetErrorID result: 0,{[]},GetErrorID();
2025-08-04 18:16:10,051 - RobotController - DEBUG - GetErrorID result: 0,{[]},GetErrorID();
2025-08-04 18:16:10,159 - RobotController - DEBUG - GetErrorID result: 0,{[]},GetErrorID();
2025-08-04 18:16:10,266 - RobotController - DEBUG - GetErrorID result: 0,{[]},GetErrorID();
2025-08-04 18:16:10,373 - RobotController - DEBUG - GetErrorID result: 0,{[]},GetErrorID();
2025-08-04 18:16:10,480 - RobotController - DEBUG - GetErrorID result: 0,{[]},GetErrorID();
2025-08-04 18:16:10,585 - RobotController - DEBUG - GetErrorID result: 0,{[]},GetErrorID();
2025-08-04 18:16:10,692 - RobotController - DEBUG - GetErrorID result: 0,{[]},GetErrorID();
2025-08-04 18:16:10,800 - RobotController - DEBUG - GetErrorID result: 0,{[]},GetErrorID();
2025-08-04 18:16:10,908 - RobotController - DEBUG - GetErrorID result: 0,{[]},GetErrorID();
2025-08-04 18:16:11,013 - RobotController - DEBUG - GetErrorID result: 0,{[]},GetErrorID();
2025-08-04 18:16:11,121 - RobotController - DEBUG - GetErrorID result: 0,{[]},GetErrorID();
2025-08-04 18:16:11,229 - RobotController - DEBUG - GetErrorID result: 0,{[]},GetErrorID();
2025-08-04 18:16:11,337 - RobotController - DEBUG - GetErrorID result: 0,{[]},GetErrorID();
2025-08-04 18:16:11,443 - RobotController - DEBUG - GetErrorID result: 0,{[]},GetErrorID();
2025-08-04 18:16:11,553 - RobotController - DEBUG - GetErrorID result: 0,{[]},GetErrorID();
2025-08-04 18:16:11,662 - RobotController - DEBUG - GetErrorID result: 0,{[]},GetErrorID();
2025-08-04 18:16:11,771 - RobotController - DEBUG - GetErrorID result: 0,{[]},GetErrorID();
2025-08-04 18:16:11,878 - RobotController - DEBUG - GetErrorID result: 0,{[]},GetErrorID();
2025-08-04 18:16:11,983 - RobotController - DEBUG - GetErrorID result: 0,{[]},GetErrorID();
2025-08-04 18:16:12,092 - RobotController - DEBUG - GetErrorID result: 0,{[]},GetErrorID();
2025-08-04 18:16:12,200 - RobotController - DEBUG - GetErrorID result: 0,{[]},GetErrorID();
2025-08-04 18:16:12,309 - RobotController - DEBUG - GetErrorID result: 0,{[]},GetErrorID();
2025-08-04 18:16:12,418 - RobotController - DEBUG - GetErrorID result: 0,{[]},GetErrorID();
2025-08-04 18:16:12,526 - RobotController - DEBUG - GetErrorID result: 0,{[]},GetErrorID();
2025-08-04 18:16:12,630 - RobotController - DEBUG - GetErrorID result: 0,{[]},GetErrorID();
2025-08-04 18:16:12,736 - RobotController - DEBUG - GetErrorID result: 0,{[]},GetErrorID();
2025-08-04 18:16:12,846 - RobotController - DEBUG - GetErrorID result: 0,{[]},GetErrorID();
2025-08-04 18:16:12,953 - RobotController - DEBUG - GetErrorID result: 0,{[]},GetErrorID();
2025-08-04 18:16:13,061 - RobotController - DEBUG - GetErrorID result: 0,{[]},GetErrorID();
2025-08-04 18:16:13,171 - RobotController - DEBUG - GetErrorID result: 0,{[]},GetErrorID();
2025-08-04 18:16:13,278 - RobotController - DEBUG - GetErrorID result: 0,{[]},GetErrorID();
2025-08-04 18:16:13,387 - RobotController - DEBUG - GetErrorID result: 0,{[]},GetErrorID();
2025-08-04 18:16:13,496 - RobotController - DEBUG - GetErrorID result: 0,{[]},GetErrorID();
2025-08-04 18:16:13,604 - RobotController - DEBUG - GetErrorID result: 0,{[]},GetErrorID();
2025-08-04 18:16:13,713 - RobotController - DEBUG - GetErrorID result: 0,{[]},GetErrorID();
2025-08-04 18:16:13,822 - RobotController - DEBUG - GetErrorID result: 0,{[]},GetErrorID();
2025-08-04 18:16:13,931 - RobotController - DEBUG - GetErrorID result: 0,{[]},GetErrorID();
2025-08-04 18:16:14,037 - RobotController - DEBUG - GetErrorID result: 0,{[]},GetErrorID();
2025-08-04 18:16:14,143 - RobotController - DEBUG - GetErrorID result: 0,{[]},GetErrorID();
2025-08-04 18:16:14,251 - RobotController - DEBUG - GetErrorID result: 0,{[]},GetErrorID();
2025-08-04 18:16:14,360 - RobotController - DEBUG - GetErrorID result: 0,{[]},GetErrorID();
2025-08-04 18:16:14,466 - RobotController - DEBUG - GetErrorID result: 0,{[]},GetErrorID();
2025-08-04 18:16:14,576 - RobotController - DEBUG - GetErrorID result: 0,{[]},GetErrorID();
2025-08-04 18:16:14,685 - RobotController - DEBUG - GetErrorID result: 0,{[]},GetErrorID();
2025-08-04 18:16:14,789 - RobotController - DEBUG - GetErrorID result: 0,{[]},GetErrorID();
2025-08-04 18:16:14,912 - RobotController - DEBUG - GetErrorID result: 0,{[]},GetErrorID();
2025-08-04 18:16:15,020 - RobotController - DEBUG - GetErrorID result: 0,{[]},GetErrorID();
2025-08-04 18:16:15,130 - RobotController - DEBUG - GetErrorID result: 0,{[]},GetErrorID();
2025-08-04 18:16:15,236 - RobotController - DEBUG - GetErrorID result: 0,{[]},GetErrorID();
2025-08-04 18:16:15,344 - RobotController - DEBUG - GetErrorID result: 0,{[]},GetErrorID();
2025-08-04 18:16:15,449 - RobotController - DEBUG - GetErrorID result: 0,{[]},GetErrorID();
2025-08-04 18:16:15,559 - RobotController - DEBUG - GetErrorID result: 0,{[]},GetErrorID();
2025-08-04 18:16:15,670 - RobotController - DEBUG - GetErrorID result: 0,{[]},GetErrorID();
2025-08-04 18:16:15,779 - RobotController - DEBUG - GetErrorID result: 0,{[]},GetErrorID();
2025-08-04 18:16:15,890 - RobotController - DEBUG - GetErrorID result: 0,{[]},GetErrorID();
2025-08-04 18:16:15,996 - RobotController - DEBUG - GetErrorID result: 0,{[]},GetErrorID();
2025-08-04 18:16:16,104 - RobotController - DEBUG - GetErrorID result: 0,{[]},GetErrorID();
2025-08-04 18:16:16,213 - RobotController - DEBUG - GetErrorID result: 0,{[]},GetErrorID();
2025-08-04 18:16:16,322 - RobotController - DEBUG - GetErrorID result: 0,{[]},GetErrorID();
2025-08-04 18:16:16,433 - RobotController - DEBUG - GetErrorID result: 0,{[]},GetErrorID();
2025-08-04 18:16:16,541 - RobotController - DEBUG - GetErrorID result: 0,{[]},GetErrorID();
2025-08-04 18:16:16,650 - RobotController - DEBUG - GetErrorID result: 0,{[]},GetErrorID();
2025-08-04 18:16:16,757 - RobotController - DEBUG - GetErrorID result: 0,{[]},GetErrorID();
2025-08-04 18:16:16,865 - RobotController - DEBUG - GetErrorID result: 0,{[]},GetErrorID();
2025-08-04 18:16:16,974 - RobotController - DEBUG - GetErrorID result: 0,{[]},GetErrorID();
2025-08-04 18:16:17,082 - RobotController - DEBUG - GetErrorID result: 0,{[]},GetErrorID();
2025-08-04 18:16:17,191 - RobotController - DEBUG - GetErrorID result: 0,{[]},GetErrorID();
2025-08-04 18:16:17,300 - RobotController - DEBUG - GetErrorID result: 0,{[]},GetErrorID();
2025-08-04 18:16:17,409 - RobotController - DEBUG - GetErrorID result: 0,{[]},GetErrorID();
2025-08-04 18:16:17,514 - RobotController - DEBUG - GetErrorID result: 0,{[]},GetErrorID();
2025-08-04 18:16:17,622 - RobotController - DEBUG - GetErrorID result: 0,{[]},GetErrorID();
2025-08-04 18:16:17,727 - RobotController - DEBUG - GetErrorID result: 0,{[]},GetErrorID();
2025-08-04 18:16:21,024 - RobotController - INFO - 正在连接到机器人 192.168.1.198...
2025-08-04 18:16:21,032 - RobotController - INFO - Dashboard连接成功 (端口 29999)
2025-08-04 18:16:21,036 - RobotController - INFO - Feed连接成功 (端口 30004)
2025-08-04 18:16:21,053 - RobotController - INFO - 速度设置为: 50%
2025-08-04 18:16:21,077 - RobotController - DEBUG - GetErrorID result: 0,{[]},GetErrorID();
2025-08-04 18:16:21,186 - RobotController - DEBUG - GetErrorID result: 0,{[]},GetErrorID();
2025-08-04 18:16:21,295 - RobotController - DEBUG - GetErrorID result: 0,{[]},GetErrorID();
2025-08-04 18:16:21,406 - RobotController - DEBUG - GetErrorID result: 0,{[]},GetErrorID();
2025-08-04 18:16:21,513 - RobotController - DEBUG - GetErrorID result: 0,{[]},GetErrorID();
2025-08-04 18:16:21,622 - RobotController - DEBUG - GetErrorID result: 0,{[]},GetErrorID();
2025-08-04 18:16:21,732 - RobotController - DEBUG - GetErrorID result: 0,{[]},GetErrorID();
2025-08-04 18:16:21,841 - RobotController - DEBUG - GetErrorID result: 0,{[]},GetErrorID();
2025-08-04 18:16:21,954 - RobotController - DEBUG - GetErrorID result: 0,{[]},GetErrorID();
2025-08-04 18:16:22,071 - RobotController - DEBUG - GetErrorID result: 0,{[]},GetErrorID();
2025-08-04 18:16:22,185 - RobotController - DEBUG - GetErrorID result: 0,{[]},GetErrorID();
2025-08-04 18:16:22,290 - RobotController - DEBUG - GetErrorID result: 0,{[]},GetErrorID();
2025-08-04 18:16:22,400 - RobotController - DEBUG - GetErrorID result: 0,{[]},GetErrorID();
2025-08-04 18:16:22,510 - RobotController - DEBUG - GetErrorID result: 0,{[]},GetErrorID();
2025-08-04 18:16:22,620 - RobotController - DEBUG - GetErrorID result: 0,{[]},GetErrorID();
2025-08-04 18:16:22,730 - RobotController - DEBUG - GetErrorID result: 0,{[]},GetErrorID();
2025-08-04 18:16:22,837 - RobotController - DEBUG - GetErrorID result: 0,{[]},GetErrorID();
2025-08-04 18:16:22,943 - RobotController - DEBUG - GetErrorID result: 0,{[]},GetErrorID();
2025-08-04 18:16:23,049 - RobotController - DEBUG - GetErrorID result: 0,{[]},GetErrorID();
2025-08-04 18:16:23,154 - RobotController - DEBUG - GetErrorID result: 0,{[]},GetErrorID();
2025-08-04 18:16:23,264 - RobotController - DEBUG - GetErrorID result: 0,{[]},GetErrorID();
2025-08-04 18:16:23,373 - RobotController - DEBUG - GetErrorID result: 0,{[]},GetErrorID();
2025-08-04 18:16:23,483 - RobotController - DEBUG - GetErrorID result: 0,{[]},GetErrorID();
2025-08-04 18:16:23,593 - RobotController - DEBUG - GetErrorID result: 0,{[]},GetErrorID();
2025-08-04 18:16:23,702 - RobotController - DEBUG - GetErrorID result: 0,{[]},GetErrorID();
2025-08-04 18:16:23,810 - RobotController - DEBUG - GetErrorID result: 0,{[]},GetErrorID();
2025-08-04 18:16:23,915 - RobotController - DEBUG - GetErrorID result: 0,{[]},GetErrorID();
2025-08-04 18:16:24,025 - RobotController - DEBUG - GetErrorID result: 0,{[]},GetErrorID();
2025-08-04 18:16:24,130 - RobotController - DEBUG - GetErrorID result: 0,{[]},GetErrorID();
2025-08-04 18:16:24,240 - RobotController - DEBUG - GetErrorID result: 0,{[]},GetErrorID();
2025-08-04 18:16:24,349 - RobotController - DEBUG - GetErrorID result: 0,{[]},GetErrorID();
2025-08-04 18:16:24,459 - RobotController - DEBUG - GetErrorID result: 0,{[]},GetErrorID();
2025-08-04 18:16:24,568 - RobotController - DEBUG - GetErrorID result: 0,{[]},GetErrorID();
2025-08-04 18:16:24,678 - RobotController - DEBUG - GetErrorID result: 0,{[]},GetErrorID();
2025-08-04 18:16:24,783 - RobotController - DEBUG - GetErrorID result: 0,{[]},GetErrorID();
2025-08-04 18:16:24,890 - RobotController - DEBUG - GetErrorID result: 0,{[]},GetErrorID();
2025-08-04 18:16:24,982 - RobotController - DEBUG - EnableRobot result: 0,{},EnableRobot();
2025-08-04 18:16:26,506 - RobotController - INFO - 机器人启用成功
2025-08-04 18:16:26,510 - RobotController - INFO - 正在移动到初始位置: [0, 45, 45, 0, 90, 0]
2025-08-04 18:16:26,526 - RobotController - DEBUG - 执行MovJ命令，速度: 50%
2025-08-04 18:16:26,529 - RobotController - DEBUG - GetErrorID result: 0,{[]},GetErrorID();
2025-08-04 18:16:26,638 - RobotController - DEBUG - GetErrorID result: 0,{[]},GetErrorID();
2025-08-04 18:16:26,749 - RobotController - DEBUG - GetErrorID result: 0,{[]},GetErrorID();
2025-08-04 18:16:26,858 - RobotController - DEBUG - GetErrorID result: 0,{[]},GetErrorID();
2025-08-04 18:16:26,964 - RobotController - DEBUG - GetErrorID result: 0,{[]},GetErrorID();
2025-08-04 18:16:27,074 - RobotController - DEBUG - GetErrorID result: 0,{[]},GetErrorID();
2025-08-04 18:16:27,183 - RobotController - DEBUG - GetErrorID result: 0,{[]},GetErrorID();
2025-08-04 18:16:27,291 - RobotController - DEBUG - GetErrorID result: 0,{[]},GetErrorID();
2025-08-04 18:16:27,400 - RobotController - DEBUG - GetErrorID result: 0,{[]},GetErrorID();
2025-08-04 18:16:27,509 - RobotController - DEBUG - GetErrorID result: 0,{[]},GetErrorID();
2025-08-04 18:16:27,619 - RobotController - DEBUG - GetErrorID result: 0,{[]},GetErrorID();
2025-08-04 18:16:27,729 - RobotController - DEBUG - GetErrorID result: 0,{[]},GetErrorID();
2025-08-04 18:16:27,837 - RobotController - DEBUG - GetErrorID result: 0,{[]},GetErrorID();
2025-08-04 18:16:27,946 - RobotController - DEBUG - GetErrorID result: 0,{[]},GetErrorID();
2025-08-04 18:16:28,057 - RobotController - DEBUG - GetErrorID result: 0,{[]},GetErrorID();
2025-08-04 18:16:28,165 - RobotController - DEBUG - GetErrorID result: 0,{[]},GetErrorID();
2025-08-04 18:16:28,273 - RobotController - DEBUG - GetErrorID result: 0,{[]},GetErrorID();
2025-08-04 18:16:28,383 - RobotController - DEBUG - GetErrorID result: 0,{[]},GetErrorID();
2025-08-04 18:16:28,493 - RobotController - DEBUG - GetErrorID result: 0,{[]},GetErrorID();
2025-08-04 18:16:28,602 - RobotController - DEBUG - GetErrorID result: 0,{[]},GetErrorID();
2025-08-04 18:16:28,712 - RobotController - DEBUG - GetErrorID result: 0,{[]},GetErrorID();
2025-08-04 18:16:28,821 - RobotController - DEBUG - GetErrorID result: 0,{[]},GetErrorID();
2025-08-04 18:16:28,928 - RobotController - DEBUG - GetErrorID result: 0,{[]},GetErrorID();
2025-08-04 18:16:29,038 - RobotController - DEBUG - GetErrorID result: 0,{[]},GetErrorID();
2025-08-04 18:16:29,146 - RobotController - DEBUG - GetErrorID result: 0,{[]},GetErrorID();
2025-08-04 18:16:29,253 - RobotController - DEBUG - GetErrorID result: 0,{[]},GetErrorID();
2025-08-04 18:16:29,358 - RobotController - DEBUG - GetErrorID result: 0,{[]},GetErrorID();
2025-08-04 18:16:29,465 - RobotController - DEBUG - GetErrorID result: 0,{[]},GetErrorID();
2025-08-04 18:16:29,531 - RobotController - INFO - 已到达初始位置
2025-08-04 18:16:29,577 - RobotController - DEBUG - GetErrorID result: 0,{[]},GetErrorID();
2025-08-04 18:16:29,686 - RobotController - DEBUG - GetErrorID result: 0,{[]},GetErrorID();
2025-08-04 18:16:29,792 - RobotController - DEBUG - GetErrorID result: 0,{[]},GetErrorID();
2025-08-04 18:16:29,901 - RobotController - DEBUG - GetErrorID result: 0,{[]},GetErrorID();
2025-08-04 18:16:30,011 - RobotController - DEBUG - GetErrorID result: 0,{[]},GetErrorID();
2025-08-04 18:16:30,121 - RobotController - DEBUG - GetErrorID result: 0,{[]},GetErrorID();
2025-08-04 18:16:30,230 - RobotController - DEBUG - GetErrorID result: 0,{[]},GetErrorID();
2025-08-04 18:16:30,341 - RobotController - DEBUG - GetErrorID result: 0,{[]},GetErrorID();
2025-08-04 18:16:30,453 - RobotController - DEBUG - GetErrorID result: 0,{[]},GetErrorID();
2025-08-04 18:16:30,563 - RobotController - DEBUG - GetErrorID result: 0,{[]},GetErrorID();
2025-08-04 18:16:30,672 - RobotController - DEBUG - GetErrorID result: 0,{[]},GetErrorID();
2025-08-04 18:16:30,780 - RobotController - DEBUG - GetErrorID result: 0,{[]},GetErrorID();
2025-08-04 18:16:30,885 - RobotController - DEBUG - GetErrorID result: 0,{[]},GetErrorID();
2025-08-04 18:16:30,995 - RobotController - DEBUG - GetErrorID result: 0,{[]},GetErrorID();
2025-08-04 18:16:31,101 - RobotController - DEBUG - GetErrorID result: 0,{[]},GetErrorID();
2025-08-04 18:16:31,211 - RobotController - DEBUG - GetErrorID result: 0,{[]},GetErrorID();
2025-08-04 18:16:31,320 - RobotController - DEBUG - GetErrorID result: 0,{[]},GetErrorID();
2025-08-04 18:16:31,437 - RobotController - DEBUG - GetErrorID result: 0,{[]},GetErrorID();
2025-08-04 18:16:31,546 - RobotController - DEBUG - GetErrorID result: 0,{[]},GetErrorID();
2025-08-04 18:16:31,656 - RobotController - DEBUG - GetErrorID result: 0,{[]},GetErrorID();
2025-08-04 18:16:31,768 - RobotController - DEBUG - GetErrorID result: 0,{[]},GetErrorID();
2025-08-04 18:16:31,878 - RobotController - DEBUG - GetErrorID result: 0,{[]},GetErrorID();
2025-08-04 18:16:31,988 - RobotController - DEBUG - GetErrorID result: 0,{[]},GetErrorID();
2025-08-04 18:16:32,097 - RobotController - DEBUG - GetErrorID result: 0,{[]},GetErrorID();
2025-08-04 18:16:32,207 - RobotController - DEBUG - GetErrorID result: 0,{[]},GetErrorID();
2025-08-04 18:16:32,316 - RobotController - DEBUG - GetErrorID result: 0,{[]},GetErrorID();
2025-08-04 18:16:32,425 - RobotController - DEBUG - GetErrorID result: 0,{[]},GetErrorID();
2025-08-04 18:16:32,534 - RobotController - DEBUG - GetErrorID result: 0,{[]},GetErrorID();
2025-08-04 18:16:32,643 - RobotController - DEBUG - GetErrorID result: 0,{[]},GetErrorID();
2025-08-04 18:16:32,753 - RobotController - DEBUG - GetErrorID result: 0,{[]},GetErrorID();
2025-08-04 18:16:32,861 - RobotController - DEBUG - GetErrorID result: 0,{[]},GetErrorID();
2025-08-04 18:16:32,970 - RobotController - DEBUG - GetErrorID result: 0,{[]},GetErrorID();
2025-08-04 18:16:33,078 - RobotController - DEBUG - GetErrorID result: 0,{[]},GetErrorID();
2025-08-04 18:16:33,187 - RobotController - DEBUG - GetErrorID result: 0,{[]},GetErrorID();
2025-08-04 18:16:33,296 - RobotController - DEBUG - GetErrorID result: 0,{[]},GetErrorID();
2025-08-04 18:16:33,406 - RobotController - DEBUG - GetErrorID result: 0,{[]},GetErrorID();
2025-08-04 18:16:33,515 - RobotController - DEBUG - GetErrorID result: 0,{[]},GetErrorID();
2025-08-04 18:16:33,625 - RobotController - DEBUG - GetErrorID result: 0,{[]},GetErrorID();
2025-08-04 18:16:33,732 - RobotController - DEBUG - GetErrorID result: 0,{[]},GetErrorID();
2025-08-04 18:16:33,841 - RobotController - DEBUG - GetErrorID result: 0,{[]},GetErrorID();
2025-08-04 18:16:33,950 - RobotController - DEBUG - GetErrorID result: 0,{[]},GetErrorID();
2025-08-04 18:16:34,060 - RobotController - DEBUG - GetErrorID result: 0,{[]},GetErrorID();
2025-08-04 18:16:34,170 - RobotController - DEBUG - GetErrorID result: 0,{[]},GetErrorID();
2025-08-04 18:16:34,275 - RobotController - DEBUG - GetErrorID result: 0,{[]},GetErrorID();
2025-08-04 18:16:34,381 - RobotController - DEBUG - GetErrorID result: 0,{[]},GetErrorID();
2025-08-04 18:16:34,489 - RobotController - DEBUG - GetErrorID result: 0,{[]},GetErrorID();
2025-08-04 18:16:34,599 - RobotController - DEBUG - GetErrorID result: 0,{[]},GetErrorID();
2025-08-04 18:16:34,706 - RobotController - DEBUG - GetErrorID result: 0,{[]},GetErrorID();
2025-08-04 18:16:34,811 - RobotController - DEBUG - GetErrorID result: 0,{[]},GetErrorID();
2025-08-04 18:16:34,921 - RobotController - DEBUG - GetErrorID result: 0,{[]},GetErrorID();
2025-08-04 18:16:35,029 - RobotController - DEBUG - GetErrorID result: 0,{[]},GetErrorID();
2025-08-04 18:16:35,139 - RobotController - DEBUG - GetErrorID result: 0,{[]},GetErrorID();
2025-08-04 18:16:35,248 - RobotController - DEBUG - GetErrorID result: 0,{[]},GetErrorID();
2025-08-04 18:16:35,353 - RobotController - DEBUG - GetErrorID result: 0,{[]},GetErrorID();
2025-08-04 18:16:35,463 - RobotController - DEBUG - GetErrorID result: 0,{[]},GetErrorID();
2025-08-04 18:16:35,574 - RobotController - DEBUG - GetErrorID result: 0,{[]},GetErrorID();
2025-08-04 18:16:35,683 - RobotController - DEBUG - GetErrorID result: 0,{[]},GetErrorID();
2025-08-04 18:16:35,792 - RobotController - DEBUG - GetErrorID result: 0,{[]},GetErrorID();
2025-08-04 18:16:35,902 - RobotController - DEBUG - GetErrorID result: 0,{[]},GetErrorID();
2025-08-04 18:16:36,011 - RobotController - DEBUG - GetErrorID result: 0,{[]},GetErrorID();
2025-08-04 18:16:36,121 - RobotController - DEBUG - GetErrorID result: 0,{[]},GetErrorID();
2025-08-04 18:16:36,228 - RobotController - DEBUG - GetErrorID result: 0,{[]},GetErrorID();
2025-08-04 18:16:36,335 - RobotController - DEBUG - GetErrorID result: 0,{[]},GetErrorID();
2025-08-04 18:16:36,444 - RobotController - DEBUG - GetErrorID result: 0,{[]},GetErrorID();
2025-08-04 18:16:36,555 - RobotController - DEBUG - GetErrorID result: 0,{[]},GetErrorID();
2025-08-04 18:16:36,665 - RobotController - DEBUG - GetErrorID result: 0,{[]},GetErrorID();
2025-08-04 18:16:36,775 - RobotController - DEBUG - GetErrorID result: 0,{[]},GetErrorID();
2025-08-04 18:16:36,888 - RobotController - DEBUG - GetErrorID result: 0,{[]},GetErrorID();
2025-08-04 18:16:36,997 - RobotController - DEBUG - GetErrorID result: 0,{[]},GetErrorID();
2025-08-04 18:16:37,107 - RobotController - DEBUG - GetErrorID result: 0,{[]},GetErrorID();
2025-08-04 18:16:37,213 - RobotController - DEBUG - GetErrorID result: 0,{[]},GetErrorID();
2025-08-04 18:16:37,322 - RobotController - DEBUG - GetErrorID result: 0,{[]},GetErrorID();
2025-08-04 18:16:37,432 - RobotController - DEBUG - GetErrorID result: 0,{[]},GetErrorID();
2025-08-04 18:16:37,541 - RobotController - DEBUG - GetErrorID result: 0,{[]},GetErrorID();
2025-08-04 18:16:37,650 - RobotController - DEBUG - GetErrorID result: 0,{[]},GetErrorID();
2025-08-04 18:16:37,756 - RobotController - DEBUG - GetErrorID result: 0,{[]},GetErrorID();
2025-08-04 18:16:37,861 - RobotController - DEBUG - GetErrorID result: 0,{[]},GetErrorID();
2025-08-04 18:16:37,971 - RobotController - DEBUG - GetErrorID result: 0,{[]},GetErrorID();
2025-08-04 18:16:38,081 - RobotController - DEBUG - GetErrorID result: 0,{[]},GetErrorID();
2025-08-04 18:16:38,191 - RobotController - DEBUG - GetErrorID result: 0,{[]},GetErrorID();
2025-08-04 18:16:38,299 - RobotController - DEBUG - GetErrorID result: 0,{[]},GetErrorID();
2025-08-04 18:16:38,409 - RobotController - DEBUG - GetErrorID result: 0,{[]},GetErrorID();
2025-08-04 18:16:38,519 - RobotController - DEBUG - GetErrorID result: 0,{[]},GetErrorID();
2025-08-04 18:16:38,628 - RobotController - DEBUG - GetErrorID result: 0,{[]},GetErrorID();
2025-08-04 18:16:38,736 - RobotController - DEBUG - GetErrorID result: 0,{[]},GetErrorID();
2025-08-04 18:16:38,846 - RobotController - DEBUG - GetErrorID result: 0,{[]},GetErrorID();
2025-08-04 18:16:38,952 - RobotController - DEBUG - GetErrorID result: 0,{[]},GetErrorID();
2025-08-04 18:16:39,062 - RobotController - DEBUG - GetErrorID result: 0,{[]},GetErrorID();
2025-08-04 18:16:39,171 - RobotController - DEBUG - GetErrorID result: 0,{[]},GetErrorID();
2025-08-04 18:16:39,281 - RobotController - DEBUG - GetErrorID result: 0,{[]},GetErrorID();
2025-08-04 18:16:39,391 - RobotController - DEBUG - GetErrorID result: 0,{[]},GetErrorID();
2025-08-04 18:16:39,500 - RobotController - DEBUG - GetErrorID result: 0,{[]},GetErrorID();
2025-08-04 18:16:39,609 - RobotController - DEBUG - GetErrorID result: 0,{[]},GetErrorID();
2025-08-04 18:16:39,719 - RobotController - DEBUG - GetErrorID result: 0,{[]},GetErrorID();
2025-08-04 18:16:39,828 - RobotController - DEBUG - GetErrorID result: 0,{[]},GetErrorID();
2025-08-04 18:16:39,938 - RobotController - DEBUG - GetErrorID result: 0,{[]},GetErrorID();
2025-08-04 18:16:40,048 - RobotController - DEBUG - GetErrorID result: 0,{[]},GetErrorID();
2025-08-04 18:16:40,158 - RobotController - DEBUG - GetErrorID result: 0,{[]},GetErrorID();
2025-08-04 18:16:40,268 - RobotController - DEBUG - GetErrorID result: 0,{[]},GetErrorID();
2025-08-04 18:16:40,377 - RobotController - DEBUG - GetErrorID result: 0,{[]},GetErrorID();
2025-08-04 18:16:40,486 - RobotController - DEBUG - GetErrorID result: 0,{[]},GetErrorID();
2025-08-04 18:16:40,596 - RobotController - DEBUG - GetErrorID result: 0,{[]},GetErrorID();
2025-08-04 18:16:40,705 - RobotController - DEBUG - GetErrorID result: 0,{[]},GetErrorID();
2025-08-04 18:16:40,815 - RobotController - DEBUG - GetErrorID result: 0,{[]},GetErrorID();
2025-08-04 18:16:40,924 - RobotController - DEBUG - GetErrorID result: 0,{[]},GetErrorID();
2025-08-04 18:16:41,034 - RobotController - DEBUG - GetErrorID result: 0,{[]},GetErrorID();
2025-08-04 18:16:41,143 - RobotController - DEBUG - GetErrorID result: 0,{[]},GetErrorID();
2025-08-04 18:16:41,253 - RobotController - DEBUG - GetErrorID result: 0,{[]},GetErrorID();
2025-08-04 18:16:41,361 - RobotController - DEBUG - GetErrorID result: 0,{[]},GetErrorID();
2025-08-04 18:16:41,471 - RobotController - DEBUG - GetErrorID result: 0,{[]},GetErrorID();
2025-08-04 18:16:41,581 - RobotController - DEBUG - GetErrorID result: 0,{[]},GetErrorID();
2025-08-04 18:16:41,691 - RobotController - DEBUG - GetErrorID result: 0,{[]},GetErrorID();
2025-08-04 18:16:41,800 - RobotController - DEBUG - GetErrorID result: 0,{[]},GetErrorID();
2025-08-04 18:16:41,910 - RobotController - DEBUG - GetErrorID result: 0,{[]},GetErrorID();
2025-08-04 18:16:42,028 - RobotController - DEBUG - GetErrorID result: 0,{[]},GetErrorID();
2025-08-04 18:16:42,139 - RobotController - DEBUG - GetErrorID result: 0,{[]},GetErrorID();
2025-08-04 18:16:42,249 - RobotController - DEBUG - GetErrorID result: 0,{[]},GetErrorID();
2025-08-04 18:16:42,359 - RobotController - DEBUG - GetErrorID result: 0,{[]},GetErrorID();
2025-08-04 18:16:42,466 - RobotController - DEBUG - GetErrorID result: 0,{[]},GetErrorID();
2025-08-04 18:16:42,576 - RobotController - DEBUG - GetErrorID result: 0,{[]},GetErrorID();
2025-08-04 18:16:42,685 - RobotController - DEBUG - GetErrorID result: 0,{[]},GetErrorID();
2025-08-04 18:16:42,796 - RobotController - DEBUG - GetErrorID result: 0,{[]},GetErrorID();
2025-08-04 18:16:42,906 - RobotController - DEBUG - GetErrorID result: 0,{[]},GetErrorID();
2025-08-04 18:16:43,016 - RobotController - DEBUG - GetErrorID result: 0,{[]},GetErrorID();
2025-08-04 18:16:43,126 - RobotController - DEBUG - GetErrorID result: 0,{[]},GetErrorID();
2025-08-04 18:16:43,235 - RobotController - DEBUG - GetErrorID result: 0,{[]},GetErrorID();
2025-08-04 18:16:43,344 - RobotController - DEBUG - GetErrorID result: 0,{[]},GetErrorID();
2025-08-04 18:16:43,453 - RobotController - DEBUG - GetErrorID result: 0,{[]},GetErrorID();
2025-08-04 18:16:43,565 - RobotController - DEBUG - GetErrorID result: 0,{[]},GetErrorID();
2025-08-04 18:16:43,675 - RobotController - DEBUG - GetErrorID result: 0,{[]},GetErrorID();
2025-08-04 18:16:43,785 - RobotController - DEBUG - GetErrorID result: 0,{[]},GetErrorID();
2025-08-04 18:16:43,894 - RobotController - DEBUG - GetErrorID result: 0,{[]},GetErrorID();
2025-08-04 18:16:44,004 - RobotController - DEBUG - GetErrorID result: 0,{[]},GetErrorID();
2025-08-04 18:16:44,115 - RobotController - DEBUG - GetErrorID result: 0,{[]},GetErrorID();
2025-08-04 18:16:44,225 - RobotController - DEBUG - GetErrorID result: 0,{[]},GetErrorID();
2025-08-04 18:16:44,333 - RobotController - DEBUG - GetErrorID result: 0,{[]},GetErrorID();
2025-08-04 18:16:44,448 - RobotController - DEBUG - GetErrorID result: 0,{[]},GetErrorID();
2025-08-04 18:16:44,557 - RobotController - DEBUG - GetErrorID result: 0,{[]},GetErrorID();
2025-08-04 18:16:44,668 - RobotController - DEBUG - GetErrorID result: 0,{[]},GetErrorID();
2025-08-04 18:16:44,777 - RobotController - DEBUG - GetErrorID result: 0,{[]},GetErrorID();
2025-08-04 18:16:44,887 - RobotController - DEBUG - GetErrorID result: 0,{[]},GetErrorID();
2025-08-04 18:16:44,996 - RobotController - DEBUG - GetErrorID result: 0,{[]},GetErrorID();
2025-08-04 18:16:45,102 - RobotController - DEBUG - GetErrorID result: 0,{[]},GetErrorID();
2025-08-04 18:16:45,212 - RobotController - DEBUG - GetErrorID result: 0,{[]},GetErrorID();
2025-08-04 18:16:45,321 - RobotController - DEBUG - GetErrorID result: 0,{[]},GetErrorID();
2025-08-04 18:16:45,428 - RobotController - DEBUG - GetErrorID result: 0,{[]},GetErrorID();
2025-08-04 18:16:45,537 - RobotController - DEBUG - GetErrorID result: 0,{[]},GetErrorID();
2025-08-04 18:16:45,646 - RobotController - DEBUG - GetErrorID result: 0,{[]},GetErrorID();
2025-08-04 18:16:45,756 - RobotController - DEBUG - GetErrorID result: 0,{[]},GetErrorID();
2025-08-04 18:16:45,865 - RobotController - DEBUG - GetErrorID result: 0,{[]},GetErrorID();
2025-08-04 18:16:45,974 - RobotController - DEBUG - GetErrorID result: 0,{[]},GetErrorID();
2025-08-04 18:16:46,084 - RobotController - DEBUG - GetErrorID result: 0,{[]},GetErrorID();
2025-08-04 18:16:46,194 - RobotController - DEBUG - GetErrorID result: 0,{[]},GetErrorID();
2025-08-04 18:16:46,305 - RobotController - DEBUG - GetErrorID result: 0,{[]},GetErrorID();
2025-08-04 18:16:46,415 - RobotController - DEBUG - GetErrorID result: 0,{[]},GetErrorID();
2025-08-04 18:16:46,524 - RobotController - DEBUG - GetErrorID result: 0,{[]},GetErrorID();
2025-08-04 18:16:46,635 - RobotController - DEBUG - GetErrorID result: 0,{[]},GetErrorID();
2025-08-04 18:16:46,741 - RobotController - DEBUG - GetErrorID result: 0,{[]},GetErrorID();
2025-08-04 18:16:46,847 - RobotController - DEBUG - GetErrorID result: 0,{[]},GetErrorID();
2025-08-04 18:16:46,956 - RobotController - DEBUG - GetErrorID result: 0,{[]},GetErrorID();
2025-08-04 18:16:47,065 - RobotController - DEBUG - GetErrorID result: 0,{[]},GetErrorID();
2025-08-04 18:16:47,175 - RobotController - DEBUG - GetErrorID result: 0,{[]},GetErrorID();
2025-08-04 18:16:47,284 - RobotController - DEBUG - GetErrorID result: 0,{[]},GetErrorID();
2025-08-04 18:16:47,394 - RobotController - DEBUG - GetErrorID result: 0,{[]},GetErrorID();
2025-08-04 18:16:47,504 - RobotController - DEBUG - GetErrorID result: 0,{[]},GetErrorID();
2025-08-04 18:16:47,613 - RobotController - DEBUG - GetErrorID result: 0,{[]},GetErrorID();
2025-08-04 18:16:47,722 - RobotController - DEBUG - GetErrorID result: 0,{[]},GetErrorID();
2025-08-04 18:16:47,832 - RobotController - DEBUG - GetErrorID result: 0,{[]},GetErrorID();
2025-08-04 18:16:47,940 - RobotController - DEBUG - GetErrorID result: 0,{[]},GetErrorID();
2025-08-04 18:16:48,049 - RobotController - DEBUG - GetErrorID result: 0,{[]},GetErrorID();
2025-08-04 18:16:48,161 - RobotController - DEBUG - GetErrorID result: 0,{[]},GetErrorID();
2025-08-04 18:16:48,268 - RobotController - DEBUG - GetErrorID result: 0,{[]},GetErrorID();
2025-08-04 18:16:48,377 - RobotController - DEBUG - GetErrorID result: 0,{[]},GetErrorID();
2025-08-04 18:16:48,486 - RobotController - DEBUG - GetErrorID result: 0,{[]},GetErrorID();
2025-08-04 18:16:48,596 - RobotController - DEBUG - GetErrorID result: 0,{[]},GetErrorID();
2025-08-04 18:16:48,706 - RobotController - DEBUG - GetErrorID result: 0,{[]},GetErrorID();
2025-08-04 18:16:48,815 - RobotController - DEBUG - GetErrorID result: 0,{[]},GetErrorID();
2025-08-04 18:16:48,925 - RobotController - DEBUG - GetErrorID result: 0,{[]},GetErrorID();
2025-08-04 18:16:49,035 - RobotController - DEBUG - GetErrorID result: 0,{[]},GetErrorID();
2025-08-04 18:16:49,145 - RobotController - DEBUG - GetErrorID result: 0,{[]},GetErrorID();
2025-08-04 18:16:49,255 - RobotController - DEBUG - GetErrorID result: 0,{[]},GetErrorID();
2025-08-04 18:16:49,366 - RobotController - DEBUG - GetErrorID result: 0,{[]},GetErrorID();
2025-08-04 18:16:49,474 - RobotController - DEBUG - GetErrorID result: 0,{[]},GetErrorID();
2025-08-04 18:16:49,584 - RobotController - DEBUG - GetErrorID result: 0,{[]},GetErrorID();
2025-08-04 18:16:49,694 - RobotController - DEBUG - GetErrorID result: 0,{[]},GetErrorID();
2025-08-04 18:16:49,803 - RobotController - DEBUG - GetErrorID result: 0,{[]},GetErrorID();
2025-08-04 18:16:49,913 - RobotController - DEBUG - GetErrorID result: 0,{[]},GetErrorID();
2025-08-04 18:16:50,022 - RobotController - DEBUG - GetErrorID result: 0,{[]},GetErrorID();
2025-08-04 18:16:50,132 - RobotController - DEBUG - GetErrorID result: 0,{[]},GetErrorID();
2025-08-04 18:16:50,241 - RobotController - DEBUG - GetErrorID result: 0,{[]},GetErrorID();
2025-08-04 18:16:50,351 - RobotController - DEBUG - GetErrorID result: 0,{[]},GetErrorID();
2025-08-04 18:16:50,462 - RobotController - DEBUG - GetErrorID result: 0,{[]},GetErrorID();
2025-08-04 18:16:50,571 - RobotController - DEBUG - GetErrorID result: 0,{[]},GetErrorID();
2025-08-04 18:16:50,680 - RobotController - DEBUG - GetErrorID result: 0,{[]},GetErrorID();
2025-08-04 18:16:50,789 - RobotController - DEBUG - GetErrorID result: 0,{[]},GetErrorID();
2025-08-04 18:16:50,899 - RobotController - DEBUG - GetErrorID result: 0,{[]},GetErrorID();
2025-08-04 18:16:51,008 - RobotController - DEBUG - GetErrorID result: 0,{[]},GetErrorID();
2025-08-04 18:16:51,118 - RobotController - DEBUG - GetErrorID result: 0,{[]},GetErrorID();
2025-08-04 18:16:51,228 - RobotController - DEBUG - GetErrorID result: 0,{[]},GetErrorID();
2025-08-04 18:16:51,332 - RobotController - DEBUG - GetErrorID result: 0,{[]},GetErrorID();
2025-08-04 18:16:51,440 - RobotController - DEBUG - GetErrorID result: 0,{[]},GetErrorID();
2025-08-04 18:16:51,548 - RobotController - DEBUG - GetErrorID result: 0,{[]},GetErrorID();
2025-08-04 18:16:51,656 - RobotController - DEBUG - GetErrorID result: 0,{[]},GetErrorID();
2025-08-04 18:16:51,768 - RobotController - DEBUG - GetErrorID result: 0,{[]},GetErrorID();
2025-08-04 18:16:51,873 - RobotController - DEBUG - GetErrorID result: 0,{[]},GetErrorID();
2025-08-04 18:16:51,981 - RobotController - DEBUG - GetErrorID result: 0,{[]},GetErrorID();
2025-08-04 18:16:52,089 - RobotController - DEBUG - GetErrorID result: 0,{[]},GetErrorID();
2025-08-04 18:16:52,197 - RobotController - DEBUG - GetErrorID result: 0,{[]},GetErrorID();
2025-08-04 18:16:52,302 - RobotController - DEBUG - GetErrorID result: 0,{[]},GetErrorID();
2025-08-04 18:16:52,412 - RobotController - DEBUG - GetErrorID result: 0,{[]},GetErrorID();
2025-08-04 18:16:52,521 - RobotController - DEBUG - GetErrorID result: 0,{[]},GetErrorID();
2025-08-04 18:16:52,630 - RobotController - DEBUG - GetErrorID result: 0,{[]},GetErrorID();
2025-08-04 18:16:52,739 - RobotController - DEBUG - GetErrorID result: 0,{[]},GetErrorID();
2025-08-04 18:16:52,849 - RobotController - DEBUG - GetErrorID result: 0,{[]},GetErrorID();
2025-08-04 18:16:52,961 - RobotController - DEBUG - GetErrorID result: 0,{[]},GetErrorID();
2025-08-04 18:16:53,070 - RobotController - DEBUG - GetErrorID result: 0,{[]},GetErrorID();
2025-08-04 18:16:53,179 - RobotController - DEBUG - GetErrorID result: 0,{[]},GetErrorID();
2025-08-04 18:16:53,287 - RobotController - DEBUG - GetErrorID result: 0,{[]},GetErrorID();
2025-08-04 18:16:53,396 - RobotController - DEBUG - GetErrorID result: 0,{[]},GetErrorID();
2025-08-04 18:16:53,505 - RobotController - DEBUG - GetErrorID result: 0,{[]},GetErrorID();
2025-08-04 18:16:53,614 - RobotController - DEBUG - GetErrorID result: 0,{[]},GetErrorID();
2025-08-04 18:16:53,724 - RobotController - DEBUG - GetErrorID result: 0,{[]},GetErrorID();
2025-08-04 18:16:53,833 - RobotController - DEBUG - GetErrorID result: 0,{[]},GetErrorID();
2025-08-04 18:16:53,938 - RobotController - DEBUG - GetErrorID result: 0,{[]},GetErrorID();
2025-08-04 18:16:54,047 - RobotController - DEBUG - GetErrorID result: 0,{[]},GetErrorID();
2025-08-04 18:16:54,157 - RobotController - DEBUG - GetErrorID result: 0,{[]},GetErrorID();
2025-08-04 18:16:54,266 - RobotController - DEBUG - GetErrorID result: 0,{[]},GetErrorID();
2025-08-04 18:16:54,375 - RobotController - DEBUG - GetErrorID result: 0,{[]},GetErrorID();
2025-08-04 18:16:54,484 - RobotController - DEBUG - GetErrorID result: 0,{[]},GetErrorID();
2025-08-04 18:16:54,593 - RobotController - DEBUG - GetErrorID result: 0,{[]},GetErrorID();
2025-08-04 18:16:54,702 - RobotController - DEBUG - GetErrorID result: 0,{[]},GetErrorID();
2025-08-04 18:16:54,811 - RobotController - DEBUG - GetErrorID result: 0,{[]},GetErrorID();
2025-08-04 18:16:54,920 - RobotController - DEBUG - GetErrorID result: 0,{[]},GetErrorID();
2025-08-04 18:16:55,032 - RobotController - DEBUG - GetErrorID result: 0,{[]},GetErrorID();
2025-08-04 18:16:55,141 - RobotController - DEBUG - GetErrorID result: 0,{[]},GetErrorID();
2025-08-04 18:16:55,251 - RobotController - DEBUG - GetErrorID result: 0,{[]},GetErrorID();
2025-08-04 18:16:55,360 - RobotController - DEBUG - GetErrorID result: 0,{[]},GetErrorID();
2025-08-04 18:16:55,470 - RobotController - DEBUG - GetErrorID result: 0,{[]},GetErrorID();
2025-08-04 18:16:55,579 - RobotController - DEBUG - GetErrorID result: 0,{[]},GetErrorID();
2025-08-04 18:16:55,688 - RobotController - DEBUG - GetErrorID result: 0,{[]},GetErrorID();
2025-08-04 18:16:55,797 - RobotController - DEBUG - GetErrorID result: 0,{[]},GetErrorID();
2025-08-04 18:16:55,907 - RobotController - DEBUG - GetErrorID result: 0,{[]},GetErrorID();
2025-08-04 18:16:56,014 - RobotController - DEBUG - GetErrorID result: 0,{[]},GetErrorID();
2025-08-04 18:16:56,123 - RobotController - DEBUG - GetErrorID result: 0,{[]},GetErrorID();
2025-08-04 18:16:56,233 - RobotController - DEBUG - GetErrorID result: 0,{[]},GetErrorID();
2025-08-04 18:16:56,344 - RobotController - DEBUG - GetErrorID result: 0,{[]},GetErrorID();
2025-08-04 18:16:56,454 - RobotController - DEBUG - GetErrorID result: 0,{[]},GetErrorID();
2025-08-04 18:16:56,564 - RobotController - DEBUG - GetErrorID result: 0,{[]},GetErrorID();
2025-08-04 18:16:56,673 - RobotController - DEBUG - GetErrorID result: 0,{[]},GetErrorID();
2025-08-04 18:16:56,782 - RobotController - DEBUG - GetErrorID result: 0,{[]},GetErrorID();
2025-08-04 18:16:56,891 - RobotController - DEBUG - GetErrorID result: 0,{[]},GetErrorID();
2025-08-04 18:16:56,996 - RobotController - DEBUG - GetErrorID result: 0,{[]},GetErrorID();
2025-08-04 18:16:57,105 - RobotController - DEBUG - GetErrorID result: 0,{[]},GetErrorID();
2025-08-04 18:16:57,214 - RobotController - DEBUG - GetErrorID result: 0,{[]},GetErrorID();
2025-08-04 18:16:57,318 - RobotController - DEBUG - GetErrorID result: 0,{[]},GetErrorID();
2025-08-04 18:16:57,428 - RobotController - DEBUG - GetErrorID result: 0,{[]},GetErrorID();
2025-08-04 18:16:57,537 - RobotController - DEBUG - GetErrorID result: 0,{[]},GetErrorID();
2025-08-04 18:16:57,646 - RobotController - DEBUG - GetErrorID result: 0,{[]},GetErrorID();
2025-08-04 18:16:57,752 - RobotController - DEBUG - GetErrorID result: 0,{[]},GetErrorID();
2025-08-04 18:16:57,861 - RobotController - DEBUG - GetErrorID result: 0,{[]},GetErrorID();
2025-08-04 18:16:57,970 - RobotController - DEBUG - GetErrorID result: 0,{[]},GetErrorID();
2025-08-04 18:16:58,076 - RobotController - DEBUG - GetErrorID result: 0,{[]},GetErrorID();
2025-08-04 18:16:58,184 - RobotController - DEBUG - GetErrorID result: 0,{[]},GetErrorID();
2025-08-04 18:16:58,293 - RobotController - DEBUG - GetErrorID result: 0,{[]},GetErrorID();
2025-08-04 18:16:58,402 - RobotController - DEBUG - GetErrorID result: 0,{[]},GetErrorID();
2025-08-04 18:16:58,511 - RobotController - DEBUG - GetErrorID result: 0,{[]},GetErrorID();
2025-08-04 18:16:58,621 - RobotController - DEBUG - GetErrorID result: 0,{[]},GetErrorID();
2025-08-04 18:16:58,729 - RobotController - DEBUG - GetErrorID result: 0,{[]},GetErrorID();
2025-08-04 18:16:58,839 - RobotController - DEBUG - GetErrorID result: 0,{[]},GetErrorID();
2025-08-04 18:16:58,948 - RobotController - DEBUG - GetErrorID result: 0,{[]},GetErrorID();
2025-08-04 18:16:59,059 - RobotController - DEBUG - GetErrorID result: 0,{[]},GetErrorID();
2025-08-04 18:16:59,172 - RobotController - DEBUG - GetErrorID result: 0,{[]},GetErrorID();
2025-08-04 18:16:59,281 - RobotController - DEBUG - GetErrorID result: 0,{[]},GetErrorID();
2025-08-04 18:16:59,390 - RobotController - DEBUG - GetErrorID result: 0,{[]},GetErrorID();
2025-08-04 18:16:59,499 - RobotController - DEBUG - GetErrorID result: 0,{[]},GetErrorID();
2025-08-04 18:16:59,608 - RobotController - DEBUG - GetErrorID result: 0,{[]},GetErrorID();
2025-08-04 18:16:59,718 - RobotController - DEBUG - GetErrorID result: 0,{[]},GetErrorID();
2025-08-04 18:16:59,825 - RobotController - DEBUG - GetErrorID result: 0,{[]},GetErrorID();
2025-08-04 18:16:59,935 - RobotController - DEBUG - GetErrorID result: 0,{[]},GetErrorID();
2025-08-04 18:17:00,040 - RobotController - DEBUG - GetErrorID result: 0,{[]},GetErrorID();
2025-08-04 18:17:00,151 - RobotController - DEBUG - GetErrorID result: 0,{[]},GetErrorID();
2025-08-04 18:17:00,260 - RobotController - DEBUG - GetErrorID result: 0,{[]},GetErrorID();
2025-08-04 18:17:00,369 - RobotController - DEBUG - GetErrorID result: 0,{[]},GetErrorID();
2025-08-04 18:17:00,476 - RobotController - DEBUG - GetErrorID result: 0,{[]},GetErrorID();
2025-08-04 18:17:00,585 - RobotController - DEBUG - GetErrorID result: 0,{[]},GetErrorID();
2025-08-04 18:17:00,695 - RobotController - DEBUG - GetErrorID result: 0,{[]},GetErrorID();
2025-08-04 18:17:00,804 - RobotController - DEBUG - GetErrorID result: 0,{[]},GetErrorID();
2025-08-04 18:17:00,913 - RobotController - DEBUG - GetErrorID result: 0,{[]},GetErrorID();
2025-08-04 18:17:01,023 - RobotController - DEBUG - GetErrorID result: 0,{[]},GetErrorID();
2025-08-04 18:17:01,128 - RobotController - DEBUG - GetErrorID result: 0,{[]},GetErrorID();
2025-08-04 18:17:01,238 - RobotController - DEBUG - GetErrorID result: 0,{[]},GetErrorID();
2025-08-04 18:17:01,348 - RobotController - DEBUG - GetErrorID result: 0,{[]},GetErrorID();
2025-08-04 18:17:01,457 - RobotController - DEBUG - GetErrorID result: 0,{[]},GetErrorID();
2025-08-04 18:17:01,566 - RobotController - DEBUG - GetErrorID result: 0,{[]},GetErrorID();
2025-08-04 18:17:01,676 - RobotController - DEBUG - GetErrorID result: 0,{[]},GetErrorID();
2025-08-04 18:17:01,785 - RobotController - DEBUG - GetErrorID result: 0,{[]},GetErrorID();
2025-08-04 18:17:01,895 - RobotController - DEBUG - GetErrorID result: 0,{[]},GetErrorID();
2025-08-04 18:17:02,004 - RobotController - DEBUG - GetErrorID result: 0,{[]},GetErrorID();
2025-08-04 18:17:02,113 - RobotController - DEBUG - GetErrorID result: 0,{[]},GetErrorID();
2025-08-04 18:17:02,221 - RobotController - DEBUG - GetErrorID result: 0,{[]},GetErrorID();
2025-08-04 18:17:02,330 - RobotController - DEBUG - GetErrorID result: 0,{[]},GetErrorID();
2025-08-04 18:17:02,436 - RobotController - DEBUG - GetErrorID result: 0,{[]},GetErrorID();
2025-08-04 18:17:02,545 - RobotController - DEBUG - GetErrorID result: 0,{[]},GetErrorID();
2025-08-04 18:17:02,654 - RobotController - DEBUG - GetErrorID result: 0,{[]},GetErrorID();
2025-08-04 18:17:02,764 - RobotController - DEBUG - GetErrorID result: 0,{[]},GetErrorID();
2025-08-04 18:17:02,874 - RobotController - DEBUG - GetErrorID result: 0,{[]},GetErrorID();
2025-08-04 18:17:02,984 - RobotController - DEBUG - GetErrorID result: 0,{[]},GetErrorID();
2025-08-04 18:17:03,093 - RobotController - DEBUG - GetErrorID result: 0,{[]},GetErrorID();
2025-08-04 18:17:03,202 - RobotController - DEBUG - GetErrorID result: 0,{[]},GetErrorID();
2025-08-04 18:17:03,316 - RobotController - DEBUG - GetErrorID result: 0,{[]},GetErrorID();
2025-08-04 18:17:03,425 - RobotController - DEBUG - GetErrorID result: 0,{[]},GetErrorID();
2025-08-04 18:17:03,530 - RobotController - DEBUG - GetErrorID result: 0,{[]},GetErrorID();
2025-08-04 18:17:03,639 - RobotController - DEBUG - GetErrorID result: 0,{[]},GetErrorID();
2025-08-04 18:17:03,746 - RobotController - DEBUG - GetErrorID result: 0,{[]},GetErrorID();
2025-08-04 18:17:03,855 - RobotController - DEBUG - GetErrorID result: 0,{[]},GetErrorID();
2025-08-04 18:17:03,960 - RobotController - DEBUG - GetErrorID result: 0,{[]},GetErrorID();
2025-08-04 18:17:04,069 - RobotController - DEBUG - GetErrorID result: 0,{[]},GetErrorID();
2025-08-04 18:17:04,178 - RobotController - DEBUG - GetErrorID result: 0,{[]},GetErrorID();
2025-08-04 18:17:04,286 - RobotController - DEBUG - GetErrorID result: 0,{[]},GetErrorID();
2025-08-04 18:17:04,395 - RobotController - DEBUG - GetErrorID result: 0,{[]},GetErrorID();
2025-08-04 18:17:04,504 - RobotController - DEBUG - GetErrorID result: 0,{[]},GetErrorID();
2025-08-04 18:17:04,614 - RobotController - DEBUG - GetErrorID result: 0,{[]},GetErrorID();
2025-08-04 18:17:04,723 - RobotController - DEBUG - GetErrorID result: 0,{[]},GetErrorID();
2025-08-04 18:17:04,830 - RobotController - DEBUG - GetErrorID result: 0,{[]},GetErrorID();
2025-08-04 18:17:04,939 - RobotController - DEBUG - GetErrorID result: 0,{[]},GetErrorID();
2025-08-04 18:17:05,048 - RobotController - DEBUG - GetErrorID result: 0,{[]},GetErrorID();
2025-08-04 18:17:05,158 - RobotController - DEBUG - GetErrorID result: 0,{[]},GetErrorID();
2025-08-04 18:17:05,267 - RobotController - DEBUG - GetErrorID result: 0,{[]},GetErrorID();
2025-08-04 18:17:05,376 - RobotController - DEBUG - GetErrorID result: 0,{[]},GetErrorID();
2025-08-04 18:17:05,485 - RobotController - DEBUG - GetErrorID result: 0,{[]},GetErrorID();
2025-08-04 18:17:05,591 - RobotController - DEBUG - GetErrorID result: 0,{[]},GetErrorID();
2025-08-04 18:17:05,700 - RobotController - DEBUG - GetErrorID result: 0,{[]},GetErrorID();
2025-08-04 18:17:05,809 - RobotController - DEBUG - GetErrorID result: 0,{[]},GetErrorID();
2025-08-04 18:17:05,914 - RobotController - DEBUG - GetErrorID result: 0,{[]},GetErrorID();
2025-08-04 18:17:06,023 - RobotController - DEBUG - GetErrorID result: 0,{[]},GetErrorID();
2025-08-04 18:17:06,132 - RobotController - DEBUG - GetErrorID result: 0,{[]},GetErrorID();
2025-08-04 18:17:06,243 - RobotController - DEBUG - GetErrorID result: 0,{[]},GetErrorID();
2025-08-04 18:17:06,352 - RobotController - DEBUG - GetErrorID result: 0,{[]},GetErrorID();
2025-08-04 18:17:06,462 - RobotController - DEBUG - GetErrorID result: 0,{[]},GetErrorID();
2025-08-04 18:17:06,570 - RobotController - DEBUG - GetErrorID result: 0,{[]},GetErrorID();
2025-08-04 18:17:06,679 - RobotController - DEBUG - GetErrorID result: 0,{[]},GetErrorID();
2025-08-04 18:17:06,786 - RobotController - DEBUG - GetErrorID result: 0,{[]},GetErrorID();
2025-08-04 18:17:06,896 - RobotController - DEBUG - GetErrorID result: 0,{[]},GetErrorID();
2025-08-04 18:17:07,006 - RobotController - DEBUG - GetErrorID result: 0,{[]},GetErrorID();
2025-08-04 18:17:07,115 - RobotController - DEBUG - GetErrorID result: 0,{[]},GetErrorID();
2025-08-04 18:17:07,223 - RobotController - DEBUG - GetErrorID result: 0,{[]},GetErrorID();
2025-08-04 18:17:07,332 - RobotController - DEBUG - GetErrorID result: 0,{[]},GetErrorID();
2025-08-04 18:17:07,441 - RobotController - DEBUG - GetErrorID result: 0,{[]},GetErrorID();
2025-08-04 18:17:07,551 - RobotController - DEBUG - GetErrorID result: 0,{[]},GetErrorID();
2025-08-04 18:17:07,656 - RobotController - DEBUG - GetErrorID result: 0,{[]},GetErrorID();
2025-08-04 18:17:07,766 - RobotController - DEBUG - GetErrorID result: 0,{[]},GetErrorID();
2025-08-04 18:17:07,875 - RobotController - DEBUG - GetErrorID result: 0,{[]},GetErrorID();
2025-08-04 18:17:07,985 - RobotController - DEBUG - GetErrorID result: 0,{[]},GetErrorID();
2025-08-04 18:17:08,094 - RobotController - DEBUG - GetErrorID result: 0,{[]},GetErrorID();
2025-08-04 18:17:08,204 - RobotController - DEBUG - GetErrorID result: 0,{[]},GetErrorID();
2025-08-04 18:17:08,313 - RobotController - DEBUG - GetErrorID result: 0,{[]},GetErrorID();
2025-08-04 18:17:08,422 - RobotController - DEBUG - GetErrorID result: 0,{[]},GetErrorID();
2025-08-04 18:17:08,532 - RobotController - DEBUG - GetErrorID result: 0,{[]},GetErrorID();
2025-08-04 18:17:08,641 - RobotController - DEBUG - GetErrorID result: 0,{[]},GetErrorID();
2025-08-04 18:17:08,751 - RobotController - DEBUG - GetErrorID result: 0,{[]},GetErrorID();
2025-08-04 18:17:08,860 - RobotController - DEBUG - GetErrorID result: 0,{[]},GetErrorID();
2025-08-04 18:17:08,970 - RobotController - DEBUG - GetErrorID result: 0,{[]},GetErrorID();
2025-08-04 18:17:09,079 - RobotController - DEBUG - GetErrorID result: 0,{[]},GetErrorID();
2025-08-04 18:17:09,188 - RobotController - DEBUG - GetErrorID result: 0,{[]},GetErrorID();
2025-08-04 18:17:09,297 - RobotController - DEBUG - GetErrorID result: 0,{[]},GetErrorID();
2025-08-04 18:17:09,407 - RobotController - DEBUG - GetErrorID result: 0,{[]},GetErrorID();
2025-08-04 18:17:09,516 - RobotController - DEBUG - GetErrorID result: 0,{[]},GetErrorID();
2025-08-04 18:17:09,625 - RobotController - DEBUG - GetErrorID result: 0,{[]},GetErrorID();
2025-08-04 18:17:09,734 - RobotController - DEBUG - GetErrorID result: 0,{[]},GetErrorID();
2025-08-04 18:17:09,844 - RobotController - DEBUG - GetErrorID result: 0,{[]},GetErrorID();
2025-08-04 18:17:09,953 - RobotController - DEBUG - GetErrorID result: 0,{[]},GetErrorID();
2025-08-04 18:17:10,063 - RobotController - DEBUG - GetErrorID result: 0,{[]},GetErrorID();
2025-08-04 18:17:10,173 - RobotController - DEBUG - GetErrorID result: 0,{[]},GetErrorID();
2025-08-04 18:17:10,282 - RobotController - DEBUG - GetErrorID result: 0,{[]},GetErrorID();
2025-08-04 18:17:10,392 - RobotController - DEBUG - GetErrorID result: 0,{[]},GetErrorID();
2025-08-04 18:17:10,501 - RobotController - DEBUG - GetErrorID result: 0,{[]},GetErrorID();
