2025-08-04 18:13:29,432 - RobotController - INFO - 日志文件创建: /Users/guolijing/guolijing/code/armless/dobot_new_demo/TCP-IP-Python-V4/music_dance_demo/logs/robot_controller_20250804_181329.log
2025-08-04 18:13:39,546 - RobotController - INFO - 正在连接到机器人 192.168.1.198...
2025-08-04 18:13:39,554 - RobotController - INFO - Dashboard连接成功 (端口 29999)
2025-08-04 18:13:39,558 - RobotController - INFO - Feed连接成功 (端口 30004)
2025-08-04 18:13:39,575 - RobotController - INFO - 速度设置为: 50%
2025-08-04 18:13:39,632 - RobotController - DEBUG - GetErrorID result: 0,{[]},GetErrorID();
2025-08-04 18:13:39,742 - RobotController - DEBUG - GetErrorID result: 0,{[]},GetErrorID();
2025-08-04 18:13:39,851 - RobotController - DEBUG - GetErrorID result: 0,{[]},GetErrorID();
2025-08-04 18:13:39,961 - RobotController - DEBUG - GetErrorID result: 0,{[]},GetErrorID();
2025-08-04 18:13:40,069 - RobotController - DEBUG - GetErrorID result: 0,{[]},GetErrorID();
2025-08-04 18:13:40,174 - RobotController - DEBUG - GetErrorID result: 0,{[]},GetErrorID();
2025-08-04 18:13:40,283 - RobotController - DEBUG - GetErrorID result: 0,{[]},GetErrorID();
2025-08-04 18:13:40,391 - RobotController - DEBUG - GetErrorID result: 0,{[]},GetErrorID();
2025-08-04 18:13:40,501 - RobotController - DEBUG - GetErrorID result: 0,{[]},GetErrorID();
2025-08-04 18:13:40,608 - RobotController - DEBUG - GetErrorID result: 0,{[]},GetErrorID();
2025-08-04 18:13:40,717 - RobotController - DEBUG - GetErrorID result: 0,{[]},GetErrorID();
2025-08-04 18:13:40,830 - RobotController - DEBUG - GetErrorID result: 0,{[]},GetErrorID();
2025-08-04 18:13:40,936 - RobotController - DEBUG - GetErrorID result: 0,{[]},GetErrorID();
2025-08-04 18:13:41,045 - RobotController - DEBUG - GetErrorID result: 0,{[]},GetErrorID();
2025-08-04 18:13:41,156 - RobotController - DEBUG - GetErrorID result: 0,{[]},GetErrorID();
2025-08-04 18:13:41,262 - RobotController - DEBUG - GetErrorID result: 0,{[]},GetErrorID();
2025-08-04 18:13:41,371 - RobotController - DEBUG - GetErrorID result: 0,{[]},GetErrorID();
2025-08-04 18:13:41,480 - RobotController - DEBUG - GetErrorID result: 0,{[]},GetErrorID();
2025-08-04 18:13:41,587 - RobotController - DEBUG - GetErrorID result: 0,{[]},GetErrorID();
2025-08-04 18:13:41,693 - RobotController - DEBUG - GetErrorID result: 0,{[]},GetErrorID();
2025-08-04 18:13:41,808 - RobotController - DEBUG - GetErrorID result: 0,{[]},GetErrorID();
2025-08-04 18:13:41,918 - RobotController - DEBUG - GetErrorID result: 0,{[]},GetErrorID();
2025-08-04 18:13:42,026 - RobotController - DEBUG - GetErrorID result: 0,{[]},GetErrorID();
2025-08-04 18:13:42,136 - RobotController - DEBUG - GetErrorID result: 0,{[]},GetErrorID();
2025-08-04 18:13:42,245 - RobotController - DEBUG - GetErrorID result: 0,{[]},GetErrorID();
2025-08-04 18:13:42,351 - RobotController - DEBUG - GetErrorID result: 0,{[]},GetErrorID();
2025-08-04 18:13:42,462 - RobotController - DEBUG - GetErrorID result: 0,{[]},GetErrorID();
2025-08-04 18:13:42,571 - RobotController - DEBUG - GetErrorID result: 0,{[]},GetErrorID();
2025-08-04 18:13:42,677 - RobotController - DEBUG - GetErrorID result: 0,{[]},GetErrorID();
2025-08-04 18:13:42,784 - RobotController - DEBUG - GetErrorID result: 0,{[]},GetErrorID();
2025-08-04 18:13:42,893 - RobotController - DEBUG - GetErrorID result: 0,{[]},GetErrorID();
2025-08-04 18:13:43,003 - RobotController - DEBUG - GetErrorID result: 0,{[]},GetErrorID();
2025-08-04 18:13:43,112 - RobotController - DEBUG - GetErrorID result: 0,{[]},GetErrorID();
2025-08-04 18:13:43,219 - RobotController - DEBUG - GetErrorID result: 0,{[]},GetErrorID();
2025-08-04 18:13:43,329 - RobotController - DEBUG - GetErrorID result: 0,{[]},GetErrorID();
