2025-08-04 18:12:19,239 - RobotController - INFO - 日志文件创建: /Users/guolijing/guolijing/code/armless/dobot_new_demo/TCP-IP-Python-V4/music_dance_demo/logs/robot_controller_20250804_181219.log
2025-08-04 18:12:26,631 - RobotController - INFO - 正在连接到机器人 192.168.1.198...
2025-08-04 18:12:26,636 - RobotController - INFO - Dashboard连接成功 (端口 29999)
2025-08-04 18:12:26,639 - RobotController - INFO - Feed连接成功 (端口 30004)
2025-08-04 18:12:26,654 - RobotController - INFO - 速度设置为: 50%
2025-08-04 18:12:26,699 - RobotController - DEBUG - GetErrorID result: 0,{[]},GetErrorID();
2025-08-04 18:12:26,808 - RobotController - DEBUG - GetErrorID result: 0,{[]},GetErrorID();
2025-08-04 18:12:26,918 - RobotController - DEBUG - GetErrorID result: 0,{[]},GetErrorID();
2025-08-04 18:12:27,030 - RobotController - DEBUG - GetErrorID result: 0,{[]},GetErrorID();
2025-08-04 18:12:27,138 - RobotController - DEBUG - GetErrorID result: 0,{[]},GetErrorID();
2025-08-04 18:12:27,245 - RobotController - DEBUG - GetErrorID result: 0,{[]},GetErrorID();
2025-08-04 18:12:27,355 - RobotController - DEBUG - GetErrorID result: 0,{[]},GetErrorID();
2025-08-04 18:12:27,464 - RobotController - DEBUG - GetErrorID result: 0,{[]},GetErrorID();
2025-08-04 18:12:27,573 - RobotController - DEBUG - GetErrorID result: 0,{[]},GetErrorID();
2025-08-04 18:12:27,677 - RobotController - DEBUG - GetErrorID result: 0,{[]},GetErrorID();
2025-08-04 18:12:27,787 - RobotController - DEBUG - GetErrorID result: 0,{[]},GetErrorID();
2025-08-04 18:12:27,897 - RobotController - DEBUG - GetErrorID result: 0,{[]},GetErrorID();
2025-08-04 18:12:28,003 - RobotController - DEBUG - GetErrorID result: 0,{[]},GetErrorID();
2025-08-04 18:12:28,113 - RobotController - DEBUG - GetErrorID result: 0,{[]},GetErrorID();
2025-08-04 18:12:28,221 - RobotController - DEBUG - GetErrorID result: 0,{[]},GetErrorID();
2025-08-04 18:12:28,335 - RobotController - DEBUG - GetErrorID result: 0,{[]},GetErrorID();
2025-08-04 18:12:28,445 - RobotController - DEBUG - GetErrorID result: 0,{[]},GetErrorID();
2025-08-04 18:12:28,555 - RobotController - DEBUG - GetErrorID result: 0,{[]},GetErrorID();
2025-08-04 18:12:28,664 - RobotController - DEBUG - GetErrorID result: 0,{[]},GetErrorID();
2025-08-04 18:12:28,778 - RobotController - DEBUG - GetErrorID result: 0,{[]},GetErrorID();
2025-08-04 18:12:28,887 - RobotController - DEBUG - GetErrorID result: 0,{[]},GetErrorID();
2025-08-04 18:12:28,996 - RobotController - DEBUG - GetErrorID result: 0,{[]},GetErrorID();
2025-08-04 18:12:29,104 - RobotController - DEBUG - GetErrorID result: 0,{[]},GetErrorID();
2025-08-04 18:12:29,214 - RobotController - DEBUG - GetErrorID result: 0,{[]},GetErrorID();
2025-08-04 18:12:29,323 - RobotController - DEBUG - GetErrorID result: 0,{[]},GetErrorID();
2025-08-04 18:12:29,433 - RobotController - DEBUG - GetErrorID result: 0,{[]},GetErrorID();
2025-08-04 18:12:29,541 - RobotController - DEBUG - GetErrorID result: 0,{[]},GetErrorID();
2025-08-04 18:12:29,649 - RobotController - DEBUG - GetErrorID result: 0,{[]},GetErrorID();
2025-08-04 18:12:29,758 - RobotController - DEBUG - GetErrorID result: 0,{[]},GetErrorID();
2025-08-04 18:12:29,867 - RobotController - DEBUG - GetErrorID result: 0,{[]},GetErrorID();
2025-08-04 18:12:29,976 - RobotController - DEBUG - GetErrorID result: 0,{[]},GetErrorID();
2025-08-04 18:12:30,085 - RobotController - DEBUG - GetErrorID result: 0,{[]},GetErrorID();
2025-08-04 18:12:30,196 - RobotController - DEBUG - GetErrorID result: 0,{[]},GetErrorID();
2025-08-04 18:12:30,306 - RobotController - DEBUG - GetErrorID result: 0,{[]},GetErrorID();
2025-08-04 18:12:30,414 - RobotController - DEBUG - GetErrorID result: 0,{[]},GetErrorID();
2025-08-04 18:12:30,524 - RobotController - DEBUG - GetErrorID result: 0,{[]},GetErrorID();
2025-08-04 18:12:30,629 - RobotController - DEBUG - GetErrorID result: 0,{[]},GetErrorID();
2025-08-04 18:12:30,737 - RobotController - DEBUG - GetErrorID result: 0,{[]},GetErrorID();
2025-08-04 18:12:30,843 - RobotController - DEBUG - GetErrorID result: 0,{[]},GetErrorID();
2025-08-04 18:12:30,953 - RobotController - DEBUG - GetErrorID result: 0,{[]},GetErrorID();
2025-08-04 18:12:31,062 - RobotController - DEBUG - GetErrorID result: 0,{[]},GetErrorID();
2025-08-04 18:12:31,172 - RobotController - DEBUG - GetErrorID result: 0,{[]},GetErrorID();
2025-08-04 18:12:31,277 - RobotController - DEBUG - GetErrorID result: 0,{[]},GetErrorID();
2025-08-04 18:12:31,385 - RobotController - DEBUG - GetErrorID result: 0,{[]},GetErrorID();
2025-08-04 18:12:31,491 - RobotController - DEBUG - GetErrorID result: 0,{[]},GetErrorID();
2025-08-04 18:12:31,601 - RobotController - DEBUG - GetErrorID result: 0,{[]},GetErrorID();
2025-08-04 18:12:31,709 - RobotController - DEBUG - GetErrorID result: 0,{[]},GetErrorID();
2025-08-04 18:12:31,820 - RobotController - DEBUG - GetErrorID result: 0,{[]},GetErrorID();
2025-08-04 18:12:31,929 - RobotController - DEBUG - GetErrorID result: 0,{[]},GetErrorID();
2025-08-04 18:12:32,036 - RobotController - DEBUG - GetErrorID result: 0,{[]},GetErrorID();
2025-08-04 18:12:32,056 - RobotController - DEBUG - EnableRobot result: 0,{},EnableRobot();
2025-08-04 18:12:33,582 - RobotController - INFO - 机器人启用成功
2025-08-04 18:12:33,584 - RobotController - INFO - 正在移动到初始位置: [0, 45, 45, 0, 90, 0]
2025-08-04 18:12:33,589 - RobotController - DEBUG - 执行MovJ命令，速度: 50%
2025-08-04 18:12:33,594 - RobotController - DEBUG - GetErrorID result: 0,{[]},GetErrorID();
2025-08-04 18:12:33,699 - RobotController - DEBUG - GetErrorID result: 0,{[]},GetErrorID();
2025-08-04 18:12:33,808 - RobotController - DEBUG - GetErrorID result: 0,{[]},GetErrorID();
2025-08-04 18:12:33,918 - RobotController - DEBUG - GetErrorID result: 0,{[]},GetErrorID();
2025-08-04 18:12:34,027 - RobotController - DEBUG - GetErrorID result: 0,{[]},GetErrorID();
2025-08-04 18:12:34,136 - RobotController - DEBUG - GetErrorID result: 0,{[]},GetErrorID();
2025-08-04 18:12:34,246 - RobotController - DEBUG - GetErrorID result: 0,{[]},GetErrorID();
2025-08-04 18:12:34,355 - RobotController - DEBUG - GetErrorID result: 0,{[]},GetErrorID();
2025-08-04 18:12:34,462 - RobotController - DEBUG - GetErrorID result: 0,{[]},GetErrorID();
2025-08-04 18:12:34,566 - RobotController - DEBUG - GetErrorID result: 0,{[]},GetErrorID();
2025-08-04 18:12:34,674 - RobotController - DEBUG - GetErrorID result: 0,{[]},GetErrorID();
2025-08-04 18:12:34,784 - RobotController - DEBUG - GetErrorID result: 0,{[]},GetErrorID();
2025-08-04 18:12:34,889 - RobotController - DEBUG - GetErrorID result: 0,{[]},GetErrorID();
2025-08-04 18:12:34,994 - RobotController - DEBUG - GetErrorID result: 0,{[]},GetErrorID();
2025-08-04 18:12:35,104 - RobotController - DEBUG - GetErrorID result: 0,{[]},GetErrorID();
2025-08-04 18:12:35,215 - RobotController - DEBUG - GetErrorID result: 0,{[]},GetErrorID();
2025-08-04 18:12:35,323 - RobotController - DEBUG - GetErrorID result: 0,{[]},GetErrorID();
2025-08-04 18:12:35,432 - RobotController - DEBUG - GetErrorID result: 0,{[]},GetErrorID();
2025-08-04 18:12:35,542 - RobotController - DEBUG - GetErrorID result: 0,{[]},GetErrorID();
2025-08-04 18:12:35,651 - RobotController - DEBUG - GetErrorID result: 0,{[]},GetErrorID();
2025-08-04 18:12:35,759 - RobotController - DEBUG - GetErrorID result: 0,{[]},GetErrorID();
2025-08-04 18:12:35,868 - RobotController - DEBUG - GetErrorID result: 0,{[]},GetErrorID();
2025-08-04 18:12:35,974 - RobotController - DEBUG - GetErrorID result: 0,{[]},GetErrorID();
2025-08-04 18:12:36,083 - RobotController - DEBUG - GetErrorID result: 0,{[]},GetErrorID();
2025-08-04 18:12:36,192 - RobotController - DEBUG - GetErrorID result: 0,{[]},GetErrorID();
2025-08-04 18:12:36,301 - RobotController - DEBUG - GetErrorID result: 0,{[]},GetErrorID();
2025-08-04 18:12:36,410 - RobotController - DEBUG - GetErrorID result: 0,{[]},GetErrorID();
2025-08-04 18:12:36,520 - RobotController - DEBUG - GetErrorID result: 0,{[]},GetErrorID();
2025-08-04 18:12:36,593 - RobotController - INFO - 已到达初始位置
2025-08-04 18:12:36,639 - RobotController - DEBUG - GetErrorID result: 0,{[]},GetErrorID();
2025-08-04 18:12:36,743 - RobotController - DEBUG - GetErrorID result: 0,{[]},GetErrorID();
